#
# There is insufficient memory for the Java Runtime Environment to continue.
# Native memory allocation (mmap) failed to map 56623104 bytes for committing reserved memory.
# Possible reasons:
#   The system is out of physical RAM or swap space
#   In 32 bit mode, the process size limit was hit
# Possible solutions:
#   Reduce memory load on the system
#   Increase physical memory or swap space
#   Check if swap backing store is full
#   Use 64 bit Java on a 64 bit OS
#   Decrease Java heap size (-Xmx/-Xms)
#   Decrease number of Java threads
#   Decrease Java thread stack sizes (-Xss)
#   Set larger code cache with -XX:ReservedCodeCacheSize=
# This output file may be truncated or incomplete.
#
#  Out of Memory Error (os_linux.cpp:2651), pid=17840, tid=0x00007f64f49f9700
#
# JRE version: OpenJDK Runtime Environment (8.0_151-b12) (build 1.8.0_151-b12)
# Java VM: OpenJDK 64-Bit Server VM (25.151-b12 mixed mode linux-amd64 compressed oops)
# Derivative: IcedTea 3.6.0
# Distribution: Gentoo Base System release 2.4.1, package Gentoo icedtea-3.6.0
# Failed to write core dump. Core dumps have been disabled. To enable core dumping, try "ulimit -c unlimited" before starting Java again
#

---------------  T H R E A D  ---------------

Current thread (0x00007f650c085800):  VMThread [stack: 0x00007f64f48f9000,0x00007f64f49fa000] [id=17848]

Stack: [0x00007f64f48f9000,0x00007f64f49fa000],  sp=0x00007f64f49f8420,  free space=1021k
Native frames: (J=compiled Java code, j=interpreted, Vv=VM code, C=native code)
V  [libjvm.so+0x95de59]
V  [libjvm.so+0x471cf3]
V  [libjvm.so+0x7eef2b]
V  [libjvm.so+0x7ef07e]
V  [libjvm.so+0x7ef0bc]
V  [libjvm.so+0x7ea2ce]
V  [libjvm.so+0x8509ab]
V  [libjvm.so+0x851263]
V  [libjvm.so+0x85195b]
V  [libjvm.so+0x84ed63]
V  [libjvm.so+0x84f014]
V  [libjvm.so+0x80b7b3]
V  [libjvm.so+0x95f982]
V  [libjvm.so+0x963e87]
V  [libjvm.so+0x962507]
V  [libjvm.so+0x962d11]
V  [libjvm.so+0x963171]
V  [libjvm.so+0x7ef3e8]

VM_Operation (0x00007f64ce752e20): ParallelGCFailedAllocation, mode: safepoint, requested by thread 0x00007f648c4a4000


---------------  P R O C E S S  ---------------

Java Threads: ( => current thread )
  0x00007f64d800b000 JavaThread "ForkJoinPool.commonPool-worker-3" daemon [_thread_blocked, id=18947, stack(0x00007f647e7fa000,0x00007f647e8fb000)]
  0x00007f64dc028000 JavaThread "ForkJoinPool.commonPool-worker-1" daemon [_thread_blocked, id=18945, stack(0x00007f647e5f8000,0x00007f647e6f9000)]
  0x00007f64dc04e000 JavaThread "ForkJoinPool.commonPool-worker-0" daemon [_thread_blocked, id=18944, stack(0x00007f647e00f000,0x00007f647e110000)]
  0x00007f64dc04d000 JavaThread "ForkJoinPool.commonPool-worker-7" daemon [_thread_blocked, id=18943, stack(0x00007f647e211000,0x00007f647e312000)]
  0x00007f64dc048000 JavaThread "Cache worker for Java compile cache (/media/sf_VMSHARE/TrinkBar_aschaffenburg/.gradle/4.1/javaCompile)" [_thread_blocked, id=18942, stack(0x00007f647dd0c000,0x00007f647de0d000)]
  0x00007f64e4009000 JavaThread "process reaper" daemon [_thread_blocked, id=18921, stack(0x00007f647e485000,0x00007f647e4be000)]
  0x00007f650c508000 JavaThread "process reaper" daemon [_thread_blocked, id=18918, stack(0x00007f647e413000,0x00007f647e44c000)]
  0x00007f64f8084000 JavaThread "process reaper" daemon [_thread_blocked, id=18914, stack(0x00007f647e4be000,0x00007f647e4f7000)]
  0x00007f64e0299000 JavaThread "process reaper" daemon [_thread_blocked, id=18911, stack(0x00007f647e44c000,0x00007f647e485000)]
  0x00007f648c4a5000 JavaThread "Task worker for ':' Thread 3" [_thread_blocked, id=18902, stack(0x00007f64cde50000,0x00007f64cdf51000)]
  0x00007f648c4a4000 JavaThread "Task worker for ':' Thread 2" [_thread_blocked, id=18901, stack(0x00007f64ce656000,0x00007f64ce757000)]
  0x00007f648c4a2800 JavaThread "Task worker for ':'" [_thread_blocked, id=18900, stack(0x00007f64ce353000,0x00007f64ce454000)]
  0x00007f648c4a1800 JavaThread "Cache worker for task history cache (/media/sf_VMSHARE/TrinkBar_aschaffenburg/.gradle/4.1/taskHistory)" [_thread_blocked, id=18899, stack(0x00007f647dc0b000,0x00007f647dd0c000)]
  0x00007f648c4a0800 JavaThread "Cache worker for file content cache (/media/sf_VMSHARE/TrinkBar_aschaffenburg/.gradle/4.1/fileContent)" [_thread_blocked, id=18898, stack(0x00007f64ce555000,0x00007f64ce656000)]
  0x00007f648c070800 JavaThread "build operations Thread 4" [_thread_blocked, id=18897, stack(0x00007f647cd08000,0x00007f647ce09000)]
  0x00007f648c070000 JavaThread "build operations Thread 3" [_thread_blocked, id=18896, stack(0x00007f647db0a000,0x00007f647dc0b000)]
  0x00007f648c06f000 JavaThread "build operations Thread 2" [_thread_blocked, id=18895, stack(0x00007f64ce454000,0x00007f64ce555000)]
  0x00007f648c024000 JavaThread "build operations" [_thread_blocked, id=18894, stack(0x00007f647e4f7000,0x00007f647e5f8000)]
  0x00007f648c023000 JavaThread "Cache worker for Artifact transforms cache (/home/agrein/.gradle/caches/transforms-1)" [_thread_blocked, id=18888, stack(0x00007f64ce957000,0x00007f64cea58000)]
  0x00007f648c06d000 JavaThread "Cache worker for file hash cache (/media/sf_VMSHARE/TrinkBar_aschaffenburg/.gradle/4.1/fileHashes)" [_thread_blocked, id=18886, stack(0x00007f647eafb000,0x00007f647ebfc000)]
  0x00007f648c04b800 JavaThread "Stdin handler" [_thread_blocked, id=18885, stack(0x00007f647ce09000,0x00007f647cf0a000)]
  0x00007f648c224000 JavaThread "Asynchronous log dispatcher for DefaultDaemonConnection: socket connection from /127.0.0.1:46085 to /127.0.0.1:52904" [_thread_blocked, id=18884, stack(0x00007f647e312000,0x00007f647e413000)]
  0x00007f64b0001800 JavaThread "Daemon worker Thread 6" [_thread_blocked, id=18881, stack(0x00007f647e110000,0x00007f647e211000)]
  0x00007f64b0007800 JavaThread "Cancel handler" [_thread_blocked, id=18880, stack(0x00007f647eeff000,0x00007f647f000000)]
  0x00007f64b0004800 JavaThread "Handler for socket connection from /127.0.0.1:46085 to /127.0.0.1:52904" [_thread_in_native, id=18879, stack(0x00007f64cca87000,0x00007f64ccb88000)]
  0x00007f64b8016000 JavaThread "Daemon Thread 6" [_thread_blocked, id=18878, stack(0x00007f64cea58000,0x00007f64ceb59000)]
  0x00007f64ac6a2800 JavaThread "Memory manager" [_thread_blocked, id=17876, stack(0x00007f64cc031000,0x00007f64cc132000)]
  0x00007f64ac113000 JavaThread "File lock request listener" [_thread_in_native, id=17869, stack(0x00007f64cdf51000,0x00007f64ce052000)]
  0x00007f64ac10b000 JavaThread "Cache worker for file hash cache (/home/agrein/.gradle/caches/4.1/fileHashes)" [_thread_blocked, id=17868, stack(0x00007f64ce052000,0x00007f64ce153000)]
  0x00007f650ccf2800 JavaThread "Daemon periodic checks" [_thread_blocked, id=17859, stack(0x00007f64ceb59000,0x00007f64cec5a000)]
  0x00007f650cce0800 JavaThread "Incoming local TCP Connector on port 46085" [_thread_in_native, id=17858, stack(0x00007f64cec61000,0x00007f64ced62000)]
  0x00007f650c0db800 JavaThread "Service Thread" daemon [_thread_blocked, id=17855, stack(0x00007f64cfdfe000,0x00007f64cfeff000)]
  0x00007f650c0ce800 JavaThread "C1 CompilerThread2" daemon [_thread_blocked, id=17854, stack(0x00007f64cfeff000,0x00007f64d0000000)]
  0x00007f650c0cd000 JavaThread "C2 CompilerThread1" daemon [_thread_blocked, id=17853, stack(0x00007f64f4004000,0x00007f64f4105000)]
  0x00007f650c0bf800 JavaThread "C2 CompilerThread0" daemon [_thread_blocked, id=17852, stack(0x00007f64f4105000,0x00007f64f4206000)]
  0x00007f650c0bd800 JavaThread "Signal Dispatcher" daemon [_thread_blocked, id=17851, stack(0x00007f64f4206000,0x00007f64f4307000)]
  0x00007f650c093800 JavaThread "Finalizer" daemon [_thread_blocked, id=17850, stack(0x00007f64f46f7000,0x00007f64f47f8000)]
  0x00007f650c08f000 JavaThread "Reference Handler" daemon [_thread_blocked, id=17849, stack(0x00007f64f47f8000,0x00007f64f48f9000)]
  0x00007f650c00a000 JavaThread "main" [_thread_blocked, id=17843, stack(0x00007f6514967000,0x00007f6514a68000)]

Other Threads:
=>0x00007f650c085800 VMThread [stack: 0x00007f64f48f9000,0x00007f64f49fa000] [id=17848]
  0x00007f650c0de000 WatcherThread [stack: 0x00007f64cfcfd000,0x00007f64cfdfe000] [id=17856]

VM state:at safepoint (normal execution)

VM Mutex/Monitor currently owned by a thread:  ([mutex/lock_event])
[0x00007f650c0062b0] Threads_lock - owner thread: 0x00007f650c085800
[0x00007f650c0067b0] Heap_lock - owner thread: 0x00007f648c4a4000

Heap:
 PSYoungGen      total 385536K, used 13288K [0x00000000e0000000, 0x00000000fca00000, 0x0000000100000000)
  eden space 302080K, 0% used [0x00000000e0000000,0x00000000e0000000,0x00000000f2700000)
  from space 83456K, 15% used [0x00000000f2700000,0x00000000f33fa248,0x00000000f7880000)
  to   space 80384K, 0% used [0x00000000f7b80000,0x00000000f7b80000,0x00000000fca00000)
 ParOldGen       total 165376K, used 140707K [0x00000000a0000000, 0x00000000aa180000, 0x00000000e0000000)
  object space 165376K, 85% used [0x00000000a0000000,0x00000000a8968e88,0x00000000aa180000)
 Metaspace       used 90784K, capacity 96756K, committed 96896K, reserved 1134592K
  class space    used 11233K, capacity 12633K, committed 12672K, reserved 1048576K

Card table byte_map: [0x00007f6510de1000,0x00007f65110e2000] byte_map_base: 0x00007f65108e1000

Marking Bits: (ParMarkBitMap*) 0x00007f6513c653e0
 Begin Bits: [0x00007f64f5000000, 0x00007f64f6800000)
 End Bits:   [0x00007f64f6800000, 0x00007f64f8000000)

Polling page: 0x00007f6514a9f000

CodeCache: size=245760Kb used=67386Kb max_used=67439Kb free=178373Kb
 bounds [0x00007f64fd000000, 0x00007f6501280000, 0x00007f650c000000]
 total_blobs=19434 nmethods=18555 adapters=791
 compilation: enabled

Compilation events (10 events):
Event: 2601.045 Thread 0x00007f650c0cd000 nmethod 24829 0x00007f64ff6519d0 code [0x00007f64ff651b20, 0x00007f64ff651c18]
Event: 2601.045 Thread 0x00007f650c0ce800 nmethod 24832 0x00007f64fe6d52d0 code [0x00007f64fe6d5420, 0x00007f64fe6d5530]
Event: 2601.045 Thread 0x00007f650c0ce800 24831       3       java.util.stream.ReferencePipeline$11::opWrapSink (10 bytes)
Event: 2601.046 Thread 0x00007f650c0ce800 nmethod 24831 0x00007f64fdf6d3d0 code [0x00007f64fdf6d560, 0x00007f64fdf6d9a8]
Event: 2601.046 Thread 0x00007f650c0ce800 24830       3       com.android.apkzlib.zip.ExtraField$AlignmentSegment::<init> (48 bytes)
Event: 2601.046 Thread 0x00007f650c0ce800 nmethod 24830 0x00007f64fe06be50 code [0x00007f64fe06c020, 0x00007f64fe06c6f8]
Event: 2601.046 Thread 0x00007f650c0ce800 24833       3       java.util.stream.ReferencePipeline$11$1::<init> (11 bytes)
Event: 2601.047 Thread 0x00007f650c0ce800 nmethod 24833 0x00007f64fdf6ccd0 code [0x00007f64fdf6ce60, 0x00007f64fdf6d1e8]
Event: 2601.173 Thread 0x00007f650c0ce800 24834 % !   3       java.lang.ref.Finalizer$FinalizerThread::run @ 33 (55 bytes)
Event: 2601.175 Thread 0x00007f650c0ce800 nmethod 24834% 0x00007f64ff589e50 code [0x00007f64ff58a080, 0x00007f64ff58ad48]

GC Heap History (10 events):
Event: 2567.346 GC heap after
Heap after GC invocations=42 (full 4):
 PSYoungGen      total 292864K, used 31156K [0x00000000e0000000, 0x00000000f5b00000, 0x0000000100000000)
  eden space 239616K, 0% used [0x00000000e0000000,0x00000000e0000000,0x00000000eea00000)
  from space 53248K, 58% used [0x00000000f2700000,0x00000000f456d180,0x00000000f5b00000)
  to   space 57856K, 0% used [0x00000000eea00000,0x00000000eea00000,0x00000000f2280000)
 ParOldGen       total 165376K, used 99759K [0x00000000a0000000, 0x00000000aa180000, 0x00000000e0000000)
  object space 165376K, 60% used [0x00000000a0000000,0x00000000a616bec0,0x00000000aa180000)
 Metaspace       used 90328K, capacity 96366K, committed 96640K, reserved 1132544K
  class space    used 11214K, capacity 12616K, committed 12672K, reserved 1048576K
}
Event: 2595.714 GC heap before
{Heap before GC invocations=43 (full 4):
 PSYoungGen      total 292864K, used 270744K [0x00000000e0000000, 0x00000000f5b00000, 0x0000000100000000)
  eden space 239616K, 99% used [0x00000000e0000000,0x00000000ee9f8f58,0x00000000eea00000)
  from space 53248K, 58% used [0x00000000f2700000,0x00000000f456d180,0x00000000f5b00000)
  to   space 57856K, 0% used [0x00000000eea00000,0x00000000eea00000,0x00000000f2280000)
 ParOldGen       total 165376K, used 99759K [0x00000000a0000000, 0x00000000aa180000, 0x00000000e0000000)
  object space 165376K, 60% used [0x00000000a0000000,0x00000000a616bec0,0x00000000aa180000)
 Metaspace       used 90710K, capacity 96712K, committed 96896K, reserved 1134592K
  class space    used 11223K, capacity 12623K, committed 12672K, reserved 1048576K
Event: 2595.757 GC heap after
Heap after GC invocations=43 (full 4):
 PSYoungGen      total 297472K, used 46557K [0x00000000e0000000, 0x00000000f8600000, 0x0000000100000000)
  eden space 239616K, 0% used [0x00000000e0000000,0x00000000e0000000,0x00000000eea00000)
  from space 57856K, 80% used [0x00000000eea00000,0x00000000f17775b8,0x00000000f2280000)
  to   space 60416K, 0% used [0x00000000f4b00000,0x00000000f4b00000,0x00000000f8600000)
 ParOldGen       total 165376K, used 99799K [0x00000000a0000000, 0x00000000aa180000, 0x00000000e0000000)
  object space 165376K, 60% used [0x00000000a0000000,0x00000000a6175ec0,0x00000000aa180000)
 Metaspace       used 90710K, capacity 96712K, committed 96896K, reserved 1134592K
  class space    used 11223K, capacity 12623K, committed 12672K, reserved 1048576K
}
Event: 2596.593 GC heap before
{Heap before GC invocations=44 (full 4):
 PSYoungGen      total 297472K, used 286173K [0x00000000e0000000, 0x00000000f8600000, 0x0000000100000000)
  eden space 239616K, 100% used [0x00000000e0000000,0x00000000eea00000,0x00000000eea00000)
  from space 57856K, 80% used [0x00000000eea00000,0x00000000f17775b8,0x00000000f2280000)
  to   space 60416K, 0% used [0x00000000f4b00000,0x00000000f4b00000,0x00000000f8600000)
 ParOldGen       total 165376K, used 99799K [0x00000000a0000000, 0x00000000aa180000, 0x00000000e0000000)
  object space 165376K, 60% used [0x00000000a0000000,0x00000000a6175ec0,0x00000000aa180000)
 Metaspace       used 90725K, capacity 96716K, committed 96896K, reserved 1134592K
  class space    used 11228K, capacity 12625K, committed 12672K, reserved 1048576K
Event: 2596.675 GC heap after
Heap after GC invocations=44 (full 4):
 PSYoungGen      total 320512K, used 60404K [0x00000000e0000000, 0x00000000fb180000, 0x0000000100000000)
  eden space 260096K, 0% used [0x00000000e0000000,0x00000000e0000000,0x00000000efe00000)
  from space 60416K, 99% used [0x00000000f4b00000,0x00000000f85fd010,0x00000000f8600000)
  to   space 78848K, 0% used [0x00000000efe00000,0x00000000efe00000,0x00000000f4b00000)
 ParOldGen       total 165376K, used 129041K [0x00000000a0000000, 0x00000000aa180000, 0x00000000e0000000)
  object space 165376K, 78% used [0x00000000a0000000,0x00000000a7e04728,0x00000000aa180000)
 Metaspace       used 90725K, capacity 96716K, committed 96896K, reserved 1134592K
  class space    used 11228K, capacity 12625K, committed 12672K, reserved 1048576K
}
Event: 2599.262 GC heap before
{Heap before GC invocations=45 (full 4):
 PSYoungGen      total 320512K, used 320500K [0x00000000e0000000, 0x00000000fb180000, 0x0000000100000000)
  eden space 260096K, 100% used [0x00000000e0000000,0x00000000efe00000,0x00000000efe00000)
  from space 60416K, 99% used [0x00000000f4b00000,0x00000000f85fd010,0x00000000f8600000)
  to   space 78848K, 0% used [0x00000000efe00000,0x00000000efe00000,0x00000000f4b00000)
 ParOldGen       total 165376K, used 129041K [0x00000000a0000000, 0x00000000aa180000, 0x00000000e0000000)
  object space 165376K, 78% used [0x00000000a0000000,0x00000000a7e04728,0x00000000aa180000)
 Metaspace       used 90744K, capacity 96736K, committed 96896K, reserved 1134592K
  class space    used 11232K, capacity 12631K, committed 12672K, reserved 1048576K
Event: 2599.303 GC heap after
Heap after GC invocations=45 (full 4):
 PSYoungGen      total 338944K, used 67697K [0x00000000e0000000, 0x00000000fcf00000, 0x0000000100000000)
  eden space 260096K, 0% used [0x00000000e0000000,0x00000000e0000000,0x00000000efe00000)
  from space 78848K, 85% used [0x00000000efe00000,0x00000000f401c7d0,0x00000000f4b00000)
  to   space 85504K, 0% used [0x00000000f7b80000,0x00000000f7b80000,0x00000000fcf00000)
 ParOldGen       total 165376K, used 132212K [0x00000000a0000000, 0x00000000aa180000, 0x00000000e0000000)
  object space 165376K, 79% used [0x00000000a0000000,0x00000000a811d140,0x00000000aa180000)
 Metaspace       used 90744K, capacity 96736K, committed 96896K, reserved 1134592K
  class space    used 11232K, capacity 12631K, committed 12672K, reserved 1048576K
}
Event: 2601.136 GC heap before
{Heap before GC invocations=46 (full 4):
 PSYoungGen      total 338944K, used 327403K [0x00000000e0000000, 0x00000000fcf00000, 0x0000000100000000)
  eden space 260096K, 99% used [0x00000000e0000000,0x00000000efd9e650,0x00000000efe00000)
  from space 78848K, 85% used [0x00000000efe00000,0x00000000f401c7d0,0x00000000f4b00000)
  to   space 85504K, 0% used [0x00000000f7b80000,0x00000000f7b80000,0x00000000fcf00000)
 ParOldGen       total 165376K, used 132212K [0x00000000a0000000, 0x00000000aa180000, 0x00000000e0000000)
  object space 165376K, 79% used [0x00000000a0000000,0x00000000a811d140,0x00000000aa180000)
 Metaspace       used 90783K, capacity 96756K, committed 96896K, reserved 1134592K
  class space    used 11233K, capacity 12633K, committed 12672K, reserved 1048576K
Event: 2601.172 GC heap after
Heap after GC invocations=46 (full 4):
 PSYoungGen      total 382464K, used 27051K [0x00000000e0000000, 0x00000000fca00000, 0x0000000100000000)
  eden space 302080K, 0% used [0x00000000e0000000,0x00000000e0000000,0x00000000f2700000)
  from space 80384K, 33% used [0x00000000f7b80000,0x00000000f95ead40,0x00000000fca00000)
  to   space 83456K, 0% used [0x00000000f2700000,0x00000000f2700000,0x00000000f7880000)
 ParOldGen       total 165376K, used 133179K [0x00000000a0000000, 0x00000000aa180000, 0x00000000e0000000)
  object space 165376K, 80% used [0x00000000a0000000,0x00000000a820ee08,0x00000000aa180000)
 Metaspace       used 90783K, capacity 96756K, committed 96896K, reserved 1134592K
  class space    used 11233K, capacity 12633K, committed 12672K, reserved 1048576K
}
Event: 2601.338 GC heap before
{Heap before GC invocations=47 (full 4):
 PSYoungGen      total 382464K, used 328268K [0x00000000e0000000, 0x00000000fca00000, 0x0000000100000000)
  eden space 302080K, 99% used [0x00000000e0000000,0x00000000f26285c0,0x00000000f2700000)
  from space 80384K, 33% used [0x00000000f7b80000,0x00000000f95ead40,0x00000000fca00000)
  to   space 83456K, 0% used [0x00000000f2700000,0x00000000f2700000,0x00000000f7880000)
 ParOldGen       total 165376K, used 133179K [0x00000000a0000000, 0x00000000aa180000, 0x00000000e0000000)
  object space 165376K, 80% used [0x00000000a0000000,0x00000000a820ee08,0x00000000aa180000)
 Metaspace       used 90784K, capacity 96756K, committed 96896K, reserved 1134592K
  class space    used 11233K, capacity 12633K, committed 12672K, reserved 1048576K

Deoptimization events (10 events):
Event: 2590.421 Thread 0x00007f64dc04d000 Uncommon trap: reason=null_check action=make_not_entrant pc=0x00007f6500dce8d8 method=com.android.dx.dex.code.LocalList$MakeState.finish()Lcom/android/dx/dex/code/LocalList; @ 81
Event: 2590.451 Thread 0x00007f64dc028000 Uncommon trap: reason=unstable_if action=reinterpret pc=0x00007f650105b840 method=com.android.dx.cf.direct.StdAttributeFactory.parse0(Lcom/android/dx/cf/direct/DirectClassFile;ILjava/lang/String;IILcom/android/dx/cf/iface/ParseObserver;)Lcom/android/dx/cf
Event: 2590.459 Thread 0x00007f64dc028000 Uncommon trap: reason=unstable_if action=reinterpret pc=0x00007f65010b8fe4 method=com.android.dx.dex.code.OutputFinisher.findOpcodeForInsn(Lcom/android/dx/dex/code/DalvInsn;Lcom/android/dx/dex/code/Dop;)Lcom/android/dx/dex/code/Dop; @ 1
Event: 2590.463 Thread 0x00007f64dc028000 Uncommon trap: reason=unstable_if action=reinterpret pc=0x00007f64ff073d1c method=com.android.dx.dex.code.OutputFinisher.findOpcodeForInsn(Lcom/android/dx/dex/code/DalvInsn;Lcom/android/dx/dex/code/Dop;)Lcom/android/dx/dex/code/Dop; @ 1
Event: 2590.465 Thread 0x00007f64dc028000 Uncommon trap: reason=unstable_if action=reinterpret pc=0x00007f6500d65f44 method=com.android.dx.dex.code.OutputFinisher.findOpcodeForInsn(Lcom/android/dx/dex/code/DalvInsn;Lcom/android/dx/dex/code/Dop;)Lcom/android/dx/dex/code/Dop; @ 1
Event: 2590.465 Thread 0x00007f64dc028000 Uncommon trap: reason=unstable_if action=reinterpret pc=0x00007f65011797cc method=com.android.dx.dex.code.OutputFinisher.massageInstructions([Lcom/android/dx/dex/code/Dop;)V @ 4
Event: 2591.637 Thread 0x00007f64dc028800 Uncommon trap: reason=unstable_if action=reinterpret pc=0x00007f6500c566ac method=com.android.dx.ssa.LocalVariableExtractor.processBlock(I)V @ 251
Event: 2591.675 Thread 0x00007f64dc028800 Uncommon trap: reason=class_check action=maybe_recompile pc=0x00007f65010e35a4 method=com.android.dx.dex.file.ValueEncoder.constantToValueType(Lcom/android/dx/rop/cst/Constant;)I @ 157
Event: 2599.065 Thread 0x00007f64dc04e000 Uncommon trap: reason=unstable_if action=reinterpret pc=0x00007f64fe2c2900 method=java.util.ComparableTimSort.mergeLo(IIII)V @ 471
Event: 2599.080 Thread 0x00007f64dc04e000 Uncommon trap: reason=unstable_if action=reinterpret pc=0x00007f64fe7e367c method=java.util.ComparableTimSort.mergeLo(IIII)V @ 471

Internal exceptions (10 events):
Event: 2591.716 Thread 0x00007f64dc028800 Exception <a 'sun/nio/fs/UnixException'> (0x00000000eaca3838) thrown at [/var/tmp/notmpfs/portage/dev-java/icedtea-3.6.0/work/icedtea-3.6.0/openjdk/hotspot/src/share/vm/prims/jni.cpp, line 709]
Event: 2591.732 Thread 0x00007f64dc028800 Exception <a 'sun/nio/fs/UnixException'> (0x00000000eacb7708) thrown at [/var/tmp/notmpfs/portage/dev-java/icedtea-3.6.0/work/icedtea-3.6.0/openjdk/hotspot/src/share/vm/prims/jni.cpp, line 709]
Event: 2591.759 Thread 0x00007f64dc028800 Exception <a 'sun/nio/fs/UnixException'> (0x00000000eacf4418) thrown at [/var/tmp/notmpfs/portage/dev-java/icedtea-3.6.0/work/icedtea-3.6.0/openjdk/hotspot/src/share/vm/prims/jni.cpp, line 709]
Event: 2591.781 Thread 0x00007f64dc028800 Exception <a 'sun/nio/fs/UnixException'> (0x00000000ead052c0) thrown at [/var/tmp/notmpfs/portage/dev-java/icedtea-3.6.0/work/icedtea-3.6.0/openjdk/hotspot/src/share/vm/prims/jni.cpp, line 709]
Event: 2591.814 Thread 0x00007f64dc028800 Exception <a 'sun/nio/fs/UnixException'> (0x00000000ead4cd80) thrown at [/var/tmp/notmpfs/portage/dev-java/icedtea-3.6.0/work/icedtea-3.6.0/openjdk/hotspot/src/share/vm/prims/jni.cpp, line 709]
Event: 2591.832 Thread 0x00007f64dc028800 Exception <a 'sun/nio/fs/UnixException'> (0x00000000ead5dda8) thrown at [/var/tmp/notmpfs/portage/dev-java/icedtea-3.6.0/work/icedtea-3.6.0/openjdk/hotspot/src/share/vm/prims/jni.cpp, line 709]
Event: 2591.850 Thread 0x00007f64dc028800 Exception <a 'sun/nio/fs/UnixException'> (0x00000000ead7e338) thrown at [/var/tmp/notmpfs/portage/dev-java/icedtea-3.6.0/work/icedtea-3.6.0/openjdk/hotspot/src/share/vm/prims/jni.cpp, line 709]
Event: 2591.864 Thread 0x00007f64dc028800 Exception <a 'sun/nio/fs/UnixException'> (0x00000000ead8fe98) thrown at [/var/tmp/notmpfs/portage/dev-java/icedtea-3.6.0/work/icedtea-3.6.0/openjdk/hotspot/src/share/vm/prims/jni.cpp, line 709]
Event: 2595.925 Thread 0x00007f64ac6a2800 Exception <a 'java/io/IOException'> (0x00000000e28f0d98) thrown at [/var/tmp/notmpfs/portage/dev-java/icedtea-3.6.0/work/icedtea-3.6.0/openjdk/hotspot/src/share/vm/prims/jni.cpp, line 709]
Event: 2600.925 Thread 0x00007f64ac6a2800 Exception <a 'java/io/IOException'> (0x00000000e5c55de0) thrown at [/var/tmp/notmpfs/portage/dev-java/icedtea-3.6.0/work/icedtea-3.6.0/openjdk/hotspot/src/share/vm/prims/jni.cpp, line 709]

Events (10 events):
Event: 2600.812 Executing VM operation: RevokeBias
Event: 2600.812 Executing VM operation: RevokeBias done
Event: 2600.887 Thread 0x00007f64dc026000 Thread exited: 0x00007f64dc026000
Event: 2601.029 Thread 0x00007f64dcba7800 Thread added: 0x00007f64dcba7800
Event: 2601.135 Executing VM operation: ParallelGCFailedAllocation
Event: 2601.172 Executing VM operation: ParallelGCFailedAllocation done
Event: 2601.172 Thread 0x00007f64dcba7800 Thread exited: 0x00007f64dcba7800
Event: 2601.172 Executing VM operation: RevokeBias
Event: 2601.173 Executing VM operation: RevokeBias done
Event: 2601.337 Executing VM operation: ParallelGCFailedAllocation


Dynamic libraries:
00400000-00401000 r-xp 00000000 08:01 3676352                            /opt/icedtea-bin-3.6.0/bin/java
00600000-00601000 r--p 00000000 08:01 3676352                            /opt/icedtea-bin-3.6.0/bin/java
00601000-00602000 rw-p 00001000 08:01 3676352                            /opt/icedtea-bin-3.6.0/bin/java
00ef8000-01015000 rw-p 00000000 00:00 0                                  [heap]
a0000000-aa180000 rw-p 00000000 00:00 0 
aa180000-e0000000 ---p 00000000 00:00 0 
e0000000-fca00000 rw-p 00000000 00:00 0 
100000000-100c60000 rw-p 00000000 00:00 0 
100c60000-140000000 ---p 00000000 00:00 0 
7f64767b7000-7f64767f7000 rw-p 00000000 00:00 0 
7f64767f7000-7f64769b7000 ---p 00000000 00:00 0 
7f64769b7000-7f6476bb7000 rw-p 00000000 00:00 0 
7f6476bb7000-7f6476db7000 rw-p 00000000 00:00 0 
7f6476db7000-7f6476dca000 r-xp 00000000 08:01 3880316                    /lib64/libresolv-2.25.so
7f6476dca000-7f6476fca000 ---p 00013000 08:01 3880316                    /lib64/libresolv-2.25.so
7f6476fca000-7f6476fcb000 r--p 00013000 08:01 3880316                    /lib64/libresolv-2.25.so
7f6476fcb000-7f6476fcc000 rw-p 00014000 08:01 3880316                    /lib64/libresolv-2.25.so
7f6476fcc000-7f6476fce000 rw-p 00000000 00:00 0 
7f6476fce000-7f6476fd3000 r-xp 00000000 08:01 3880315                    /lib64/libnss_dns-2.25.so
7f6476fd3000-7f64771d2000 ---p 00005000 08:01 3880315                    /lib64/libnss_dns-2.25.so
7f64771d2000-7f64771d3000 r--p 00004000 08:01 3880315                    /lib64/libnss_dns-2.25.so
7f64771d3000-7f64771d4000 rw-p 00005000 08:01 3880315                    /lib64/libnss_dns-2.25.so
7f64771d4000-7f64773d4000 rw-p 00000000 00:00 0 
7f64773d4000-7f64773fc000 r-xp 00000000 08:01 3680493                    /opt/icedtea-bin-3.6.0/jre/lib/amd64/libsunec.so
7f64773fc000-7f64775fb000 ---p 00028000 08:01 3680493                    /opt/icedtea-bin-3.6.0/jre/lib/amd64/libsunec.so
7f64775fb000-7f64775ff000 r--p 00027000 08:01 3680493                    /opt/icedtea-bin-3.6.0/jre/lib/amd64/libsunec.so
7f64775ff000-7f6477600000 rw-p 0002b000 08:01 3680493                    /opt/icedtea-bin-3.6.0/jre/lib/amd64/libsunec.so
7f6477600000-7f6477800000 rw-p 00000000 00:00 0 
7f6477800000-7f6477a00000 rw-p 00000000 00:00 0 
7f6477a00000-7f6477c00000 rw-p 00000000 00:00 0 
7f6477c00000-7f6477e00000 rw-p 00000000 00:00 0 
7f6477e00000-7f6478000000 rw-p 00000000 00:00 0 
7f6478000000-7f64780a5000 rw-p 00000000 00:00 0 
7f64780a5000-7f647c000000 ---p 00000000 00:00 0 
7f647c0e1000-7f647c2e1000 rw-p 00000000 00:00 0 
7f647c2e1000-7f647c4e1000 rw-p 00000000 00:00 0 
7f647c4e1000-7f647c500000 r--s 0053d000 08:01 3032326                    /home/agrein/.gradle/caches/jars-3/07dcf2f3f2bda71869cda3f75be96a82/sdk-tools.jar
7f647c500000-7f647c503000 ---p 00000000 00:00 0 
7f647c503000-7f647c601000 rw-p 00000000 00:00 0 
7f647c601000-7f647c604000 ---p 00000000 00:00 0 
7f647c604000-7f647c702000 rw-p 00000000 00:00 0 
7f647c803000-7f647c806000 ---p 00000000 00:00 0 
7f647c806000-7f647c904000 rw-p 00000000 00:00 0 
7f647c982000-7f647c987000 r--s 00043000 08:01 3687670                    /opt/icedtea-bin-3.6.0/jre/lib/ext/sunjce_provider.jar
7f647c987000-7f647c9f7000 r--s 00643000 08:01 132237                     /home/agrein/.gradle/caches/jars-3/fd607a71f3d781451515f815d21ecd8e/groovy-all-2.4.6.jar
7f647c9f7000-7f647ca05000 r--s 000ca000 08:01 132235                     /home/agrein/.gradle/caches/jars-3/e0bd0005080c5c7e72a2b279cbd60369/kotlin-runtime.jar
7f647ca05000-7f647ca08000 ---p 00000000 00:00 0 
7f647ca08000-7f647cb06000 rw-p 00000000 00:00 0 
7f647cb06000-7f647cb09000 ---p 00000000 00:00 0 
7f647cb09000-7f647cc07000 rw-p 00000000 00:00 0 
7f647cc07000-7f647cc0a000 ---p 00000000 00:00 0 
7f647cc0a000-7f647cd08000 rw-p 00000000 00:00 0 
7f647cd08000-7f647cd0b000 ---p 00000000 00:00 0 
7f647cd0b000-7f647ce09000 rw-p 00000000 00:00 0 
7f647ce09000-7f647ce0c000 ---p 00000000 00:00 0 
7f647ce0c000-7f647d10a000 rw-p 00000000 00:00 0 
7f647d10a000-7f647d30a000 rw-p 00000000 00:00 0 
7f647d30a000-7f647d50a000 rw-p 00000000 00:00 0 
7f647d50a000-7f647d70a000 rw-p 00000000 00:00 0 
7f647d70a000-7f647d90a000 rw-p 00000000 00:00 0 
7f647d90a000-7f647db0a000 rw-p 00000000 00:00 0 
7f647db0a000-7f647db0d000 ---p 00000000 00:00 0 
7f647db0d000-7f647dc0b000 rw-p 00000000 00:00 0 
7f647dc0b000-7f647dc0e000 ---p 00000000 00:00 0 
7f647dc0e000-7f647dd0c000 rw-p 00000000 00:00 0 
7f647dd0c000-7f647dd0f000 ---p 00000000 00:00 0 
7f647dd0f000-7f647de0d000 rw-p 00000000 00:00 0 
7f647de0d000-7f647de10000 ---p 00000000 00:00 0 
7f647de10000-7f647df0e000 rw-p 00000000 00:00 0 
7f647df0e000-7f647df11000 ---p 00000000 00:00 0 
7f647df11000-7f647e00f000 rw-p 00000000 00:00 0 
7f647e00f000-7f647e012000 ---p 00000000 00:00 0 
7f647e012000-7f647e110000 rw-p 00000000 00:00 0 
7f647e110000-7f647e113000 ---p 00000000 00:00 0 
7f647e113000-7f647e211000 rw-p 00000000 00:00 0 
7f647e211000-7f647e214000 ---p 00000000 00:00 0 
7f647e214000-7f647e312000 rw-p 00000000 00:00 0 
7f647e312000-7f647e315000 ---p 00000000 00:00 0 
7f647e315000-7f647e413000 rw-p 00000000 00:00 0 
7f647e413000-7f647e416000 ---p 00000000 00:00 0 
7f647e416000-7f647e44c000 rw-p 00000000 00:00 0 
7f647e44c000-7f647e44f000 ---p 00000000 00:00 0 
7f647e44f000-7f647e485000 rw-p 00000000 00:00 0 
7f647e485000-7f647e488000 ---p 00000000 00:00 0 
7f647e488000-7f647e4be000 rw-p 00000000 00:00 0 
7f647e4be000-7f647e4c1000 ---p 00000000 00:00 0 
7f647e4c1000-7f647e4f7000 rw-p 00000000 00:00 0 
7f647e4f7000-7f647e4fa000 ---p 00000000 00:00 0 
7f647e4fa000-7f647e5f8000 rw-p 00000000 00:00 0 
7f647e5f8000-7f647e5fb000 ---p 00000000 00:00 0 
7f647e5fb000-7f647e6f9000 rw-p 00000000 00:00 0 
7f647e6f9000-7f647e6fc000 ---p 00000000 00:00 0 
7f647e6fc000-7f647e7fa000 rw-p 00000000 00:00 0 
7f647e7fa000-7f647e7fd000 ---p 00000000 00:00 0 
7f647e7fd000-7f647eafb000 rw-p 00000000 00:00 0 
7f647eafb000-7f647eafe000 ---p 00000000 00:00 0 
7f647eafe000-7f647ebfc000 rw-p 00000000 00:00 0 
7f647ebfc000-7f647ebff000 ---p 00000000 00:00 0 
7f647ebff000-7f647ecfd000 rw-p 00000000 00:00 0 
7f647ecfd000-7f647ed00000 ---p 00000000 00:00 0 
7f647ed00000-7f647edfe000 rw-p 00000000 00:00 0 
7f647edfe000-7f647ee01000 ---p 00000000 00:00 0 
7f647ee01000-7f647eeff000 rw-p 00000000 00:00 0 
7f647eeff000-7f647ef02000 ---p 00000000 00:00 0 
7f647ef02000-7f647f200000 rw-p 00000000 00:00 0 
7f647f200000-7f647f400000 rw-p 00000000 00:00 0 
7f647f400000-7f647f600000 rw-p 00000000 00:00 0 
7f647f600000-7f647f800000 rw-p 00000000 00:00 0 
7f647f800000-7f647fa00000 rw-p 00000000 00:00 0 
7f647fa00000-7f647fc00000 rw-p 00000000 00:00 0 
7f647fc00000-7f647fe00000 rw-p 00000000 00:00 0 
7f647fe00000-7f6480000000 rw-p 00000000 00:00 0 
7f6480000000-7f648008a000 rw-p 00000000 00:00 0 
7f648008a000-7f6484000000 ---p 00000000 00:00 0 
7f6484000000-7f6484c90000 rw-p 00000000 00:00 0 
7f6484c90000-7f6488000000 ---p 00000000 00:00 0 
7f6488000000-7f64880da000 rw-p 00000000 00:00 0 
7f64880da000-7f648c000000 ---p 00000000 00:00 0 
7f648c000000-7f648c588000 rw-p 00000000 00:00 0 
7f648c588000-7f6490000000 ---p 00000000 00:00 0 
7f6490000000-7f6490054000 rw-p 00000000 00:00 0 
7f6490054000-7f6494000000 ---p 00000000 00:00 0 
7f6494000000-7f64949c3000 rw-p 00000000 00:00 0 
7f64949c3000-7f6498000000 ---p 00000000 00:00 0 
7f6498000000-7f6498168000 rw-p 00000000 00:00 0 
7f6498168000-7f649c000000 ---p 00000000 00:00 0 
7f649c000000-7f649cbbc000 rw-p 00000000 00:00 0 
7f649cbbc000-7f64a0000000 ---p 00000000 00:00 0 
7f64a0000000-7f64a012e000 rw-p 00000000 00:00 0 
7f64a012e000-7f64a4000000 ---p 00000000 00:00 0 
7f64a4000000-7f64a4135000 rw-p 00000000 00:00 0 
7f64a4135000-7f64a8000000 ---p 00000000 00:00 0 
7f64a8000000-7f64a8c08000 rw-p 00000000 00:00 0 
7f64a8c08000-7f64ac000000 ---p 00000000 00:00 0 
7f64ac000000-7f64ad90a000 rw-p 00000000 00:00 0 
7f64ad90a000-7f64b0000000 ---p 00000000 00:00 0 
7f64b0000000-7f64b0113000 rw-p 00000000 00:00 0 
7f64b0113000-7f64b4000000 ---p 00000000 00:00 0 
7f64b4000000-7f64b4130000 rw-p 00000000 00:00 0 
7f64b4130000-7f64b8000000 ---p 00000000 00:00 0 
7f64b8000000-7f64b818e000 rw-p 00000000 00:00 0 
7f64b818e000-7f64bc000000 ---p 00000000 00:00 0 
7f64bc000000-7f64bcb6f000 rw-p 00000000 00:00 0 
7f64bcb6f000-7f64c0000000 ---p 00000000 00:00 0 
7f64c0000000-7f64c0108000 rw-p 00000000 00:00 0 
7f64c0108000-7f64c4000000 ---p 00000000 00:00 0 
7f64c4000000-7f64c4109000 rw-p 00000000 00:00 0 
7f64c4109000-7f64c8000000 ---p 00000000 00:00 0 
7f64c8000000-7f64c9113000 rw-p 00000000 00:00 0 
7f64c9113000-7f64cc000000 ---p 00000000 00:00 0 
7f64cc004000-7f64cc005000 r--s 00007000 08:01 3687659                    /opt/icedtea-bin-3.6.0/jre/lib/ext/sunec.jar
7f64cc005000-7f64cc009000 r--s 0003e000 08:01 3687665                    /opt/icedtea-bin-3.6.0/jre/lib/ext/sunpkcs11.jar
7f64cc009000-7f64cc00e000 r--s 00034000 08:01 132231                     /home/agrein/.gradle/caches/jars-3/d447f2396a03dbc75b6d52fec5a488d6/gson-2.5.jar
7f64cc00e000-7f64cc014000 r--s 0008b000 08:01 132233                     /home/agrein/.gradle/caches/jars-3/12b60d252bcd68e30d8b20cdf4f7de06/gradle-tooling-extension-impl.jar
7f64cc014000-7f64cc016000 r--s 0000e000 08:01 32742                      /home/agrein/.gradle/caches/jars-3/749fa8fddbb60dbf5a9683c6d3a8f3e9/android-extensions-ide.jar
7f64cc016000-7f64cc017000 r--s 00000000 08:01 3194676                    /home/agrein/.gradle/caches/jars-3/be363fcec6fce25e79fe7d68a2750e91/gradle-appengine-builder-model-0.1.0.jar
7f64cc017000-7f64cc018000 r--s 00003000 08:01 3194674                    /home/agrein/.gradle/caches/jars-3/2405bbfe967ae4d56a908337251d2f0e/kotlin-gradle-tooling.jar
7f64cc018000-7f64cc019000 r--s 00002000 08:01 3032347                    /home/agrein/.gradle/caches/jars-3/a5464f115a9bc6b52bb26e3cbeda18d3/external-system-rt.jar
7f64cc019000-7f64cc01b000 r--s 0000c000 08:01 3032345                    /home/agrein/.gradle/caches/jars-3/4bc057eb82a797154e6f5adb86778648/gradle-tooling-extension-api.jar
7f64cc01b000-7f64cc02e000 r--s 00102000 08:01 3677055                    /opt/icedtea-bin-3.6.0/jre/lib/resources.jar
7f64cc02e000-7f64cc031000 r--s 00018000 08:01 3677032                    /opt/icedtea-bin-3.6.0/jre/lib/jce.jar
7f64cc031000-7f64cc034000 ---p 00000000 00:00 0 
7f64cc034000-7f64cc332000 rw-p 00000000 00:00 0 
7f64cc332000-7f64cc532000 rw-p 00000000 00:00 0 
7f64cc532000-7f64cc53d000 r--s 00081000 08:01 3032193                    /home/agrein/.gradle/caches/jars-3/fc6e889a0f45cc9752787eb60f920103/trove4j-20160824.jar
7f64cc53d000-7f64cc5c0000 r--s 00758000 08:01 3032191                    /home/agrein/.gradle/caches/jars-3/b46ab84062ddfd52701cfe0a9718e764/intellij-core-26.0.1.jar
7f64cc5c0000-7f64cc5c6000 r--s 00033000 08:01 3032189                    /home/agrein/.gradle/caches/jars-3/f96c897d327ea500d64fe3af2833bd50/commons-codec-1.6.jar
7f64cc5c6000-7f64cc5c8000 r--s 0000d000 08:01 3032187                    /home/agrein/.gradle/caches/jars-3/ccc849edcf9fccd61ed937bf93ffe896/commons-logging-1.1.1.jar
7f64cc5c8000-7f64cc5ce000 r--s 00032000 08:01 3032185                    /home/agrein/.gradle/caches/jars-3/72e344059d1923829968d0d38b0c3c72/httpcore-4.2.5.jar
7f64cc5ce000-7f64cc5cf000 r--s 00004000 08:01 3032183                    /home/agrein/.gradle/caches/jars-3/3a4299d1ce3e273e7c03a9ccf5a1e333/annotations-12.0.jar
7f64cc5cf000-7f64cc5d0000 r--s 00000000 08:01 3032181                    /home/agrein/.gradle/caches/jars-3/0e2fbc3b8c56d2975eca90c524790c13/animal-sniffer-annotations-1.14.jar
7f64cc5d0000-7f64cc5d2000 r--s 00001000 08:01 3032179                    /home/agrein/.gradle/caches/jars-3/ad41f8f3ac67c0323ce9eb1c20c8dc3f/j2objc-annotations-1.1.jar
7f64cc5d2000-7f64cc5d3000 r--s 00002000 08:01 3032177                    /home/agrein/.gradle/caches/jars-3/9edb0f46b907c34c4718edabde6c791c/error_prone_annotations-2.0.18.jar
7f64cc5d3000-7f64cc5d6000 r--s 00006000 08:01 3032175                    /home/agrein/.gradle/caches/jars-3/b58a9bc3bbba42132e4abc0bacae8da1/jsr305-1.3.9.jar
7f64cc5d6000-7f64cc5d7000 r--s 0000a000 08:01 3032173                    /home/agrein/.gradle/caches/jars-3/5b8b36ed61fe92731031cca3c9b3a0b3/kxml2-2.3.0.jar
7f64cc5d7000-7f64cc5d9000 r--s 00005000 08:01 3032171                    /home/agrein/.gradle/caches/jars-3/f10e1e1978816198f2eb1189c974b440/httpmime-4.1.jar
7f64cc5d9000-7f64cc5e3000 r--s 00061000 08:01 3032169                    /home/agrein/.gradle/caches/jars-3/bc4b2527f35dc983f759e8f85f3f8d52/httpclient-4.2.6.jar
7f64cc5e3000-7f64cc5ec000 r--s 00064000 08:01 3032167                    /home/agrein/.gradle/caches/jars-3/fc37c717528c2a0d27f3e3621835f781/commons-compress-1.12.jar
7f64cc5ec000-7f64cc5f1000 r--s 0002e000 08:01 3032165                    /home/agrein/.gradle/caches/jars-3/c5bcda7f6f4809e9c92270f99e51f154/gson-2.3.jar
7f64cc5f1000-7f64cc601000 r--s 000d6000 08:01 3032163                    /home/agrein/.gradle/caches/jars-3/dbdb8caed2514263a34702cc763c6785/proguard-base-5.3.3.jar
7f64cc601000-7f64cc603000 r--s 00003000 08:01 3032161                    /home/agrein/.gradle/caches/jars-3/01ab8600ebbfdcaf9b89b45c2b992e82/annotations-13.0.jar
7f64cc603000-7f64cc604000 r--s 00001000 08:01 3032159                    /home/agrein/.gradle/caches/jars-3/dccac9b7f67766e57200b1770178f61c/annotations-26.0.1.jar
7f64cc604000-7f64cc607000 r--s 00033000 08:01 3032157                    /home/agrein/.gradle/caches/jars-3/0ce03714647bf7bd3c78634c20ddbf38/juniversalchardet-1.0.3.jar
7f64cc607000-7f64cc60b000 r--s 0002a000 08:01 3032155                    /home/agrein/.gradle/caches/jars-3/9849af6d4b0409ba64061601342f385d/commons-io-2.4.jar
7f64cc60b000-7f64cc622000 r--s 00154000 08:01 3032153                    /home/agrein/.gradle/caches/jars-3/57adf9abd30c921d4ea1dfdcfe7b9efd/antlr4-4.5.3.jar
7f64cc622000-7f64cc623000 r--s 00003000 08:01 3032151                    /home/agrein/.gradle/caches/jars-3/54a15dd332fd4c2e246ad396835dc0d2/baseLibrary-3.0.1.jar
7f64cc623000-7f64cc653000 r--s 00245000 08:01 3032149                    /home/agrein/.gradle/caches/jars-3/8e27cdebb49ba2f804f9403d90aaaac5/guava-22.0.jar
7f64cc653000-7f64cc65b000 r--s 000a8000 08:01 3032147                    /home/agrein/.gradle/caches/jars-3/6cc57ce9ec0d90186f781694264d61bc/lombok-ast-0.2.3.jar
7f64cc65b000-7f64cc65f000 r--s 0002f000 08:01 3032145                    /home/agrein/.gradle/caches/jars-3/505fcc8c47da308b2f1262f0ff3c65f1/jimfs-1.1.jar
7f64cc65f000-7f64cc672000 r--s 00241000 08:01 3032143                    /home/agrein/.gradle/caches/jars-3/d8dc71eb6d91c966c45f7b594129e14a/ecj-4.6.1.jar
7f64cc672000-7f64cc673000 r--s 00003000 08:01 3032141                    /home/agrein/.gradle/caches/jars-3/fdb8f5ebd6a086c4818336712b830716/json-simple-1.1.jar
7f64cc673000-7f64cc798000 r--s 00f5d000 08:01 3032139                    /home/agrein/.gradle/caches/jars-3/dfd566a90e18a0aa75879c33e0731ab8/fastutil-7.2.0.jar
7f64cc798000-7f64cc7e3000 r--s 002ff000 08:01 3032137                    /home/agrein/.gradle/caches/jars-3/d3d44e9a7fcb4a86fb40775c385dd3d0/bcprov-jdk15on-1.56.jar
7f64cc7e3000-7f64cc7f4000 r--s 00097000 08:01 3032135                    /home/agrein/.gradle/caches/jars-3/59ebb77d99c5ca0e24bb23272e0329dd/bcpkix-jdk15on-1.56.jar
7f64cc7f4000-7f64cc7f6000 r--s 00002000 08:01 3032133                    /home/agrein/.gradle/caches/jars-3/f268e5e8fc83bb846ac355d6a16b1f30/javawriter-2.5.0.jar
7f64cc7f6000-7f64cc7fb000 r--s 0003b000 08:01 3032131                    /home/agrein/.gradle/caches/jars-3/91bf67441f6ac57ccbb374f99f9ed0fc/apksig-3.0.1.jar
7f64cc7fb000-7f64cc7fe000 r--s 00024000 08:01 3032129                    /home/agrein/.gradle/caches/jars-3/04183dcd1bde85515b23d1bbd46ea9bc/common-26.0.1.jar
7f64cc7fe000-7f64cc800000 r--s 00006000 08:01 3032127                    /home/agrein/.gradle/caches/jars-3/a0ea702af2bdb16dfa1a50969b155dea/dvlib-26.0.1.jar
7f64cc800000-7f64cc803000 r--s 00014000 08:01 3032125                    /home/agrein/.gradle/caches/jars-3/6abb718b4b844aa0386163f0c2f6eb72/layoutlib-api-26.0.1.jar
7f64cc803000-7f64cc808000 r--s 0004d000 08:01 3032123                    /home/agrein/.gradle/caches/jars-3/65a80584522712b8832b7c1c03186c4b/ddmlib-26.0.1.jar
7f64cc808000-7f64cc809000 r--s 00003000 08:01 3032121                    /home/agrein/.gradle/caches/jars-3/af01854c900e4906a368ef59064a245d/builder-test-api-3.0.1.jar
7f64cc809000-7f64cc80c000 r--s 00007000 08:01 3032119                    /home/agrein/.gradle/caches/jars-3/124ec36ab4edce0919b54d1123daa364/builder-model-3.0.1.jar
7f64cc80c000-7f64cc81b000 r--s 00130000 08:01 3032117                    /home/agrein/.gradle/caches/jars-3/72ba1443c6adcea1f6ba21e12f0bb0fc/protobuf-java-3.0.0.jar
7f64cc81b000-7f64cc82e000 r--s 001a8000 08:01 2898442                    /home/agrein/.gradle/caches/jars-3/a1cbdfb97e256e71fcbd29dc4584a785/protos-26.0.1.jar
7f64cc82e000-7f64cc82f000 r--s 00005000 08:01 2898440                    /home/agrein/.gradle/caches/jars-3/ca5180624b528b15325a5d002dbfbb6d/shared-26.0.1.jar
7f64cc82f000-7f64cc831000 r--s 00004000 08:01 2898438                    /home/agrein/.gradle/caches/jars-3/07f12c2b6f66ca8d4d6bd02e9c9b060a/tracker-26.0.1.jar
7f64cc831000-7f64cc833000 r--s 00002000 08:01 2898436                    /home/agrein/.gradle/caches/jars-3/e91624d2ed1c3b55eec9fd768ed13c1d/proguard-gradle-5.3.3.jar
7f64cc833000-7f64cc835000 r--s 0000f000 08:01 2898434                    /home/agrein/.gradle/caches/jars-3/96760c32d36a5d7066e3ccf088bfd362/jopt-simple-4.9.jar
7f64cc835000-7f64cc839000 r--s 0001e000 08:01 2898432                    /home/agrein/.gradle/caches/jars-3/0d3e95aba631209a078aeec58a76633d/org.jacoco.core-0.7.4.201502262128.jar
7f64cc839000-7f64cc83c000 r--s 00020000 08:01 2898430                    /home/agrein/.gradle/caches/jars-3/c72fc284d34f39eab57a4e3ba83405e9/org.jacoco.report-0.7.4.201502262128.jar
7f64cc83c000-7f64cc83e000 r--s 0000c000 08:01 2898428                    /home/agrein/.gradle/caches/jars-3/9b0a36633c92c6e87e62c81734593183/asm-5.1.jar
7f64cc83e000-7f64cc840000 r--s 00006000 08:01 2898426                    /home/agrein/.gradle/caches/jars-3/50c8a7da333c41693b2b7ce95b6d9d89/asm-tree-5.1.jar
7f64cc840000-7f64cc841000 r--s 0000a000 08:01 2898424                    /home/agrein/.gradle/caches/jars-3/c4f1f1d5a624f981d35a78d181e2c418/asm-util-5.1.jar
7f64cc841000-7f64cc843000 r--s 0000a000 08:01 2898422                    /home/agrein/.gradle/caches/jars-3/d37aa405961c464c627b1efe5def81b8/asm-commons-5.1.jar
7f64cc843000-7f64cc844000 r--s 00004000 08:01 2898420                    /home/agrein/.gradle/caches/jars-3/2b2689d10a4425b1cb2d0654db2ea088/asm-analysis-5.1.jar
7f64cc844000-7f64cc853000 r--s 000c8000 08:01 2898416                    /home/agrein/.gradle/caches/jars-3/af931fae44e009148423077fa09abbd1/kotlin-stdlib-1.1.3-2.jar
7f64cc853000-7f64cc885000 r--s 0021b000 08:01 2898414                    /home/agrein/.gradle/caches/jars-3/24b2127528a18b338af82ff7ea236d45/kotlin-reflect-1.1.3-2.jar
7f64cc885000-7f64cc888000 ---p 00000000 00:00 0 
7f64cc888000-7f64cc986000 rw-p 00000000 00:00 0 
7f64cc986000-7f64cc989000 ---p 00000000 00:00 0 
7f64cc989000-7f64cca87000 rw-p 00000000 00:00 0 
7f64cca87000-7f64cca8a000 ---p 00000000 00:00 0 
7f64cca8a000-7f64ccb88000 rw-p 00000000 00:00 0 
7f64ccb88000-7f64ccb8b000 ---p 00000000 00:00 0 
7f64ccb8b000-7f64cce89000 rw-p 00000000 00:00 0 
7f64cce89000-7f64cd089000 rw-p 00000000 00:00 0 
7f64cd089000-7f64cd289000 rw-p 00000000 00:00 0 
7f64cd289000-7f64cd489000 rw-p 00000000 00:00 0 
7f64cd489000-7f64cd689000 rw-p 00000000 00:00 0 
7f64cd689000-7f64cd7a4000 r--s 02008000 08:01 3032324                    /home/agrein/.gradle/caches/jars-3/9955734f77abc673a38c7cd4c0214af5/android.jar
7f64cd7a4000-7f64cd7ab000 r--s 0002a000 08:01 3032322                    /home/agrein/.gradle/caches/jars-3/fff47aec37b967e571b648d1fc9c6db6/gradle-messaging-3.5.jar
7f64cd7ab000-7f64cd7b0000 r--s 00041000 08:01 3032320                    /home/agrein/.gradle/caches/jars-3/c0502f5c2cf6dfd52d250e1b7d027d24/commons-lang-2.6.jar
7f64cd7b0000-7f64cd7f2000 r--s 00220000 08:01 3032318                    /home/agrein/.gradle/caches/jars-3/929747bc6b973b44297e9c57df71598d/gradle-core-3.5.jar
7f64cd7f2000-7f64cd7fb000 r--s 00047000 08:01 3032316                    /home/agrein/.gradle/caches/jars-3/11d06a5dce89fe5632250b7df00a3d57/gradle-base-services-3.5.jar
7f64cd7fb000-7f64cd823000 r--s 001cf000 08:01 3032314                    /home/agrein/.gradle/caches/jars-3/566e7e0f530f75a42eba4833ef84d88c/guava-jdk5-17.0.jar
7f64cd823000-7f64cd831000 r--s 00043000 08:01 3032312                    /home/agrein/.gradle/caches/jars-3/c0d1da18a547ef3a2ba66d3068ae6e09/gradle-tooling-api-3.5.jar
7f64cd831000-7f64cd832000 r--s 00000000 08:01 2898418                    /home/agrein/.gradle/caches/jars-3/5206138fb8a6b2ffbd31e140916c2100/transform-api-2.0.0-deprecated-use-gradle-api.jar
7f64cd832000-7f64cd838000 r--s 00030000 08:01 2898412                    /home/agrein/.gradle/caches/jars-3/90ec49f8b88710e2876aefe447609abb/repository-26.0.1.jar
7f64cd838000-7f64cd843000 r--s 0009b000 08:01 2898410                    /home/agrein/.gradle/caches/jars-3/af771564c510a1c104220a8be892ab2d/sdklib-26.0.1.jar
7f64cd843000-7f64cd852000 r--s 000da000 08:01 2898408                    /home/agrein/.gradle/caches/jars-3/50767da85151ce151711c301f4a0623c/sdk-common-26.0.1.jar
7f64cd852000-7f64cd856000 r--s 00023000 08:01 2898406                    /home/agrein/.gradle/caches/jars-3/186e268c3a12c0a405d658dabf9d64d2/manifest-merger-26.0.1.jar
7f64cd856000-7f64cd85a000 r--s 0002e000 08:01 2898404                    /home/agrein/.gradle/caches/jars-3/c519ce7b2f3637e909703f541c08c445/compilerCommon-3.0.1.jar
7f64cd85a000-7f64cd85c000 r--s 00003000 08:01 2898402                    /home/agrein/.gradle/caches/jars-3/34cfdbf6cad3f54cc2f45521bf0374e7/gradle-api-3.0.1.jar
7f64cd85c000-7f64cd86b000 r--s 000cb000 08:01 2898400                    /home/agrein/.gradle/caches/jars-3/e5c09abb4b0acf0785ecd8a8015ab959/uast-26.0.1.jar
7f64cd86b000-7f64cd872000 r--s 0007f000 08:01 2898398                    /home/agrein/.gradle/caches/jars-3/b1f5a73634581e955e7f89376aea2d48/lint-api-26.0.1.jar
7f64cd872000-7f64cd87b000 r--s 000ff000 08:01 2898396                    /home/agrein/.gradle/caches/jars-3/75e696a5531ca85e1fe447df83f74bd2/lint-checks-26.0.1.jar
7f64cd87b000-7f64cd87e000 r--s 00039000 08:01 2898394                    /home/agrein/.gradle/caches/jars-3/7fa6c4fcdd1d81db4cc9c7439ce29486/lint-26.0.1.jar
7f64cd87e000-7f64cd8ae000 r--s 01983000 08:01 2898392                    /home/agrein/.gradle/caches/jars-3/add7f1627b730db059119a8274a10c21/builder-3.0.1.jar
7f64cd8ae000-7f64cd8d1000 r--s 0020b000 08:01 2898390                    /home/agrein/.gradle/caches/jars-3/4adae2b762c8552c6e3aa2ded1493e4b/gradle-core-3.0.1.jar
7f64cd8d1000-7f64cd8d3000 r--s 0000a000 08:01 3539623                    /home/agrein/.gradle/caches/modules-2/files-2.1/com.google.gms/google-services/3.2.0/202fd26a10eb8426e49bd1bdbb1ab093ea30bd76/google-services-3.2.0.jar
7f64cd8d3000-7f64cd8d5000 r--s 0000f000 08:01 2898388                    /home/agrein/.gradle/caches/jars-3/afd86a0d8507fd7f2e97461eaf9e4416/gradle-3.0.1.jar
7f64cd8d5000-7f64cd8d8000 ---p 00000000 00:00 0 
7f64cd8d8000-7f64cdbd6000 rw-p 00000000 00:00 0 
7f64cdbd6000-7f64cddd6000 rw-p 00000000 00:00 0 
7f64cddd6000-7f64cde50000 r--s 007bd000 08:01 3687703                    /opt/icedtea-bin-3.6.0/lib/tools.jar
7f64cde50000-7f64cde53000 ---p 00000000 00:00 0 
7f64cde53000-7f64cdf51000 rw-p 00000000 00:00 0 
7f64cdf51000-7f64cdf54000 ---p 00000000 00:00 0 
7f64cdf54000-7f64ce052000 rw-p 00000000 00:00 0 
7f64ce052000-7f64ce055000 ---p 00000000 00:00 0 
7f64ce055000-7f64ce353000 rw-p 00000000 00:00 0 
7f64ce353000-7f64ce356000 ---p 00000000 00:00 0 
7f64ce356000-7f64ce454000 rw-p 00000000 00:00 0 
7f64ce454000-7f64ce457000 ---p 00000000 00:00 0 
7f64ce457000-7f64ce555000 rw-p 00000000 00:00 0 
7f64ce555000-7f64ce558000 ---p 00000000 00:00 0 
7f64ce558000-7f64ce656000 rw-p 00000000 00:00 0 
7f64ce656000-7f64ce659000 ---p 00000000 00:00 0 
7f64ce659000-7f64ce957000 rw-p 00000000 00:00 0 
7f64ce957000-7f64ce95a000 ---p 00000000 00:00 0 
7f64ce95a000-7f64cea58000 rw-p 00000000 00:00 0 
7f64cea58000-7f64cea5b000 ---p 00000000 00:00 0 
7f64cea5b000-7f64ceb59000 rw-p 00000000 00:00 0 
7f64ceb59000-7f64ceb5c000 ---p 00000000 00:00 0 
7f64ceb5c000-7f64cec5a000 rw-p 00000000 00:00 0 
7f64cec5a000-7f64cec61000 r--s 00000000 08:01 1584898                    /usr/lib64/gconv/gconv-modules.cache
7f64cec61000-7f64cec64000 ---p 00000000 00:00 0 
7f64cec64000-7f64ced62000 rw-p 00000000 00:00 0 
7f64ced62000-7f64ced66000 r--s 00055000 08:01 3677030                    /opt/icedtea-bin-3.6.0/jre/lib/jsse.jar
7f64ced66000-7f64cef66000 rw-p 00000000 00:00 0 
7f64cef66000-7f64cef6e000 r-xp 00000000 08:01 3680482                    /opt/icedtea-bin-3.6.0/jre/lib/amd64/libmanagement.so
7f64cef6e000-7f64cf16d000 ---p 00008000 08:01 3680482                    /opt/icedtea-bin-3.6.0/jre/lib/amd64/libmanagement.so
7f64cf16d000-7f64cf16e000 r--p 00007000 08:01 3680482                    /opt/icedtea-bin-3.6.0/jre/lib/amd64/libmanagement.so
7f64cf16e000-7f64cf16f000 rw-p 00008000 08:01 3680482                    /opt/icedtea-bin-3.6.0/jre/lib/amd64/libmanagement.so
7f64cf16f000-7f64cf171000 r--s 00007000 08:01 3560070                    /opt/android-studio/gradle/gradle-4.1/lib/plugins/gradle-tooling-api-builders-4.1.jar
7f64cf171000-7f64cf174000 r--s 00009000 08:01 3560077                    /opt/android-studio/gradle/gradle-4.1/lib/plugins/gradle-testing-native-4.1.jar
7f64cf174000-7f64cf176000 r--s 00009000 08:01 3560021                    /opt/android-studio/gradle/gradle-4.1/lib/plugins/hamcrest-core-1.3.jar
7f64cf176000-7f64cf17b000 r--s 00040000 08:01 3560083                    /opt/android-studio/gradle/gradle-4.1/lib/plugins/bsh-2.0b4.jar
7f64cf17b000-7f64cf17d000 r--s 00006000 08:01 3560086                    /opt/android-studio/gradle/gradle-4.1/lib/plugins/jcommander-1.12.jar
7f64cf17d000-7f64cf183000 r--s 00033000 08:01 3560076                    /opt/android-studio/gradle/gradle-4.1/lib/plugins/snakeyaml-1.6.jar
7f64cf183000-7f64cf18c000 r--s 00089000 08:01 3560018                    /opt/android-studio/gradle/gradle-4.1/lib/plugins/testng-6.3.1.jar
7f64cf18c000-7f64cf194000 r--s 00045000 08:01 3560049                    /opt/android-studio/gradle/gradle-4.1/lib/plugins/junit-4.12.jar
7f64cf194000-7f64cf19a000 r--s 0002e000 08:01 3560103                    /opt/android-studio/gradle/gradle-4.1/lib/plugins/gradle-testing-jvm-4.1.jar
7f64cf19a000-7f64cf19e000 r--s 00017000 08:01 3560016                    /opt/android-studio/gradle/gradle-4.1/lib/plugins/gradle-testing-base-4.1.jar
7f64cf19e000-7f64cf1a5000 r--s 00038000 08:01 3560090                    /opt/android-studio/gradle/gradle-4.1/lib/plugins/bcpg-jdk15on-1.51.jar
7f64cf1a5000-7f64cf1a7000 r--s 0000c000 08:01 3560062                    /opt/android-studio/gradle/gradle-4.1/lib/plugins/gradle-signing-4.1.jar
7f64cf1a7000-7f64cf1a9000 r--s 00007000 08:01 3560094                    /opt/android-studio/gradle/gradle-4.1/lib/plugins/gradle-scala-4.1.jar
7f64cf1a9000-7f64cf1aa000 r--s 00004000 08:01 3560099                    /opt/android-studio/gradle/gradle-4.1/lib/plugins/gradle-resources-sftp-4.1.jar
7f64cf1aa000-7f64cf1ba000 r--s 00088000 08:01 3560027                    /opt/android-studio/gradle/gradle-4.1/lib/plugins/joda-time-2.8.2.jar
7f64cf1ba000-7f64cf1cb000 r--s 0010d000 08:01 3560039                    /opt/android-studio/gradle/gradle-4.1/lib/plugins/jackson-databind-2.6.6.jar
7f64cf1cb000-7f64cf1ce000 r--s 00009000 08:01 3560051                    /opt/android-studio/gradle/gradle-4.1/lib/plugins/jackson-annotations-2.6.6.jar
7f64cf1ce000-7f64cf1d2000 r--s 0003c000 08:01 3560078                    /opt/android-studio/gradle/gradle-4.1/lib/plugins/jackson-core-2.6.6.jar
7f64cf1d2000-7f64cf1e0000 r--s 00087000 08:01 3560097                    /opt/android-studio/gradle/gradle-4.1/lib/plugins/aws-java-sdk-core-1.11.6.jar
7f64cf1e0000-7f64cf1e7000 r--s 00057000 08:01 3560026                    /opt/android-studio/gradle/gradle-4.1/lib/plugins/aws-java-sdk-kms-1.11.6.jar
7f64cf1e7000-7f64cf1f4000 r--s 0008e000 08:01 3560093                    /opt/android-studio/gradle/gradle-4.1/lib/plugins/aws-java-sdk-s3-1.11.6.jar
7f64cf1f4000-7f64cf1f6000 r--s 00004000 08:01 3560056                    /opt/android-studio/gradle/gradle-4.1/lib/plugins/gradle-resources-s3-4.1.jar
7f64cf1f6000-7f64cf1f8000 r--s 00010000 08:01 3560100                    /opt/android-studio/gradle/gradle-4.1/lib/plugins/gradle-reporting-4.1.jar
7f64cf1f8000-7f64cf1fa000 r--s 00002000 08:01 3560104                    /opt/android-studio/gradle/gradle-4.1/lib/plugins/gradle-publish-4.1.jar
7f64cf1fa000-7f64cf1fc000 r--s 00009000 08:01 3560036                    /opt/android-studio/gradle/gradle-4.1/lib/plugins/commons-cli-1.2.jar
7f64cf1fc000-7f64cf202000 r--s 00036000 08:01 3560022                    /opt/android-studio/gradle/gradle-4.1/lib/plugins/gradle-plugins-4.1.jar
7f64cf202000-7f64cf204000 r--s 00009000 08:01 3560111                    /opt/android-studio/gradle/gradle-4.1/lib/plugins/gradle-plugin-development-4.1.jar
7f64cf204000-7f64cf20a000 r--s 0002b000 08:01 3560033                    /opt/android-studio/gradle/gradle-4.1/lib/plugins/gradle-platform-play-4.1.jar
7f64cf20a000-7f64cf219000 r--s 0005b000 08:01 3560067                    /opt/android-studio/gradle/gradle-4.1/lib/plugins/gradle-platform-native-4.1.jar
7f64cf219000-7f64cf21d000 r--s 0001b000 08:01 3560052                    /opt/android-studio/gradle/gradle-4.1/lib/plugins/gradle-platform-jvm-4.1.jar
7f64cf21d000-7f64cf225000 r--s 00027000 08:01 3560089                    /opt/android-studio/gradle/gradle-4.1/lib/plugins/gradle-platform-base-4.1.jar
7f64cf225000-7f64cf24d000 r--s 0021c000 08:01 3560047                    /opt/android-studio/gradle/gradle-4.1/lib/plugins/biz.aQute.bndlib-3.2.0.jar
7f64cf24d000-7f64cf24e000 r--s 00004000 08:01 3560108                    /opt/android-studio/gradle/gradle-4.1/lib/plugins/gradle-osgi-4.1.jar
7f64cf24e000-7f64cf251000 r--s 0000c000 08:01 3560113                    /opt/android-studio/gradle/gradle-4.1/lib/plugins/pmaven-groovy-0.8-20100325.jar
7f64cf251000-7f64cf252000 r--s 00004000 08:01 3560014                    /opt/android-studio/gradle/gradle-4.1/lib/plugins/pmaven-common-0.8-20100325.jar
7f64cf252000-7f64cf258000 r--s 00023000 08:01 3560095                    /opt/android-studio/gradle/gradle-4.1/lib/plugins/gradle-maven-4.1.jar
7f64cf258000-7f64cf25b000 r--s 0000b000 08:01 3560112                    /opt/android-studio/gradle/gradle-4.1/lib/plugins/gradle-language-scala-4.1.jar
7f64cf25b000-7f64cf262000 r--s 00020000 08:01 3560043                    /opt/android-studio/gradle/gradle-4.1/lib/plugins/gradle-language-native-4.1.jar
7f64cf262000-7f64cf264000 r--s 00005000 08:01 3560023                    /opt/android-studio/gradle/gradle-4.1/lib/plugins/gradle-language-jvm-4.1.jar
7f64cf264000-7f64cf26b000 r--s 0002f000 08:01 3560107                    /opt/android-studio/gradle/gradle-4.1/lib/plugins/gradle-language-java-4.1.jar
7f64cf26b000-7f64cf26e000 r--s 0000a000 08:01 3560109                    /opt/android-studio/gradle/gradle-4.1/lib/plugins/gradle-language-groovy-4.1.jar
7f64cf26e000-7f64cf275000 r--s 00035000 08:01 3560019                    /opt/android-studio/gradle/gradle-4.1/lib/plugins/simple-4.1.21.jar
7f64cf275000-7f64cf281000 r--s 00100000 08:01 3560020                    /opt/android-studio/gradle/gradle-4.1/lib/plugins/rhino-1.7R3.jar
7f64cf281000-7f64cf285000 r--s 00012000 08:01 3560042                    /opt/android-studio/gradle/gradle-4.1/lib/plugins/gradle-javascript-4.1.jar
7f64cf285000-7f64cf288000 r--s 00011000 08:01 3560031                    /opt/android-studio/gradle/gradle-4.1/lib/plugins/gradle-jacoco-4.1.jar
7f64cf288000-7f64cf28b000 r--s 0000e000 08:01 3560064                    /opt/android-studio/gradle/gradle-4.1/lib/plugins/gradle-ivy-4.1.jar
7f64cf28b000-7f64cf28c000 r--s 00002000 08:01 3560044                    /opt/android-studio/gradle/gradle-4.1/lib/plugins/gradle-ide-play-4.1.jar
7f64cf28c000-7f64cf28f000 r--s 00013000 08:01 3560048                    /opt/android-studio/gradle/gradle-4.1/lib/plugins/gradle-ide-native-4.1.jar
7f64cf28f000-7f64cf299000 r--s 00054000 08:01 3560088                    /opt/android-studio/gradle/gradle-4.1/lib/plugins/gradle-ide-4.1.jar
7f64cf299000-7f64cf29b000 r--s 00007000 08:01 3560101                    /opt/android-studio/gradle/gradle-4.1/lib/plugins/gradle-ear-4.1.jar
7f64cf29b000-7f64cf29d000 r--s 00005000 08:01 3560045                    /opt/android-studio/gradle/gradle-4.1/lib/plugins/jatl-0.2.2.jar
7f64cf29d000-7f64cf2a4000 r--s 00038000 08:01 3560080                    /opt/android-studio/gradle/gradle-4.1/lib/plugins/gradle-diagnostics-4.1.jar
7f64cf2a4000-7f64cf2a6000 r--s 0000b000 08:01 3560105                    /opt/android-studio/gradle/gradle-4.1/lib/plugins/gradle-composite-builds-4.1.jar
7f64cf2a6000-7f64cf2ab000 r--s 00025000 08:01 3560041                    /opt/android-studio/gradle/gradle-4.1/lib/plugins/gradle-code-quality-4.1.jar
7f64cf2ab000-7f64cf2b0000 r--s 00022000 08:01 3560065                    /opt/android-studio/gradle/gradle-4.1/lib/plugins/gradle-build-init-4.1.jar
7f64cf2b0000-7f64cf2b6000 r--s 0008e000 08:01 3560110                    /opt/android-studio/gradle/gradle-4.1/lib/plugins/gradle-build-comparison-4.1.jar
7f64cf2b6000-7f64cf2b7000 r--s 00002000 08:01 3560102                    /opt/android-studio/gradle/gradle-4.1/lib/plugins/gradle-build-cache-http-4.1.jar
7f64cf2b7000-7f64cf2b9000 r--s 00008000 08:01 3560040                    /opt/android-studio/gradle/gradle-4.1/lib/plugins/gradle-antlr-4.1.jar
7f64cf2b9000-7f64cf2bb000 r--s 00004000 08:01 3560092                    /opt/android-studio/gradle/gradle-4.1/lib/plugins/gradle-announce-4.1.jar
7f64cf2bb000-7f64cf2bd000 r--s 00008000 08:01 3419606                    /opt/android-studio/gradle/gradle-4.1/lib/gradle-kotlin-dsl-tooling-builders-0.10.3.jar
7f64cf2bd000-7f64cf2c0000 r--s 0001c000 08:01 3560081                    /opt/android-studio/gradle/gradle-4.1/lib/plugins/nekohtml-1.9.14.jar
7f64cf2c0000-7f64cf2c8000 r--s 00028000 08:01 3560071                    /opt/android-studio/gradle/gradle-4.1/lib/plugins/xml-apis-1.3.04.jar
7f64cf2c8000-7f64cf2e0000 r--s 00115000 08:01 3560032                    /opt/android-studio/gradle/gradle-4.1/lib/plugins/xercesImpl-2.9.1.jar
7f64cf2e0000-7f64cf2e6000 r--s 0005b000 08:01 3560084                    /opt/android-studio/gradle/gradle-4.1/lib/plugins/jcifs-1.3.17.jar
7f64cf2e6000-7f64cf2ed000 r--s 00049000 08:01 3560029                    /opt/android-studio/gradle/gradle-4.1/lib/plugins/httpcore-4.4.4.jar
7f64cf2ed000-7f64cf2f3000 r--s 00033000 08:01 3560106                    /opt/android-studio/gradle/gradle-4.1/lib/plugins/commons-codec-1.6.jar
7f64cf2f3000-7f64cf300000 r--s 000a4000 08:01 3560098                    /opt/android-studio/gradle/gradle-4.1/lib/plugins/httpclient-4.4.1.jar
7f64cf300000-7f64cf302000 r--s 0000b000 08:01 3560061                    /opt/android-studio/gradle/gradle-4.1/lib/plugins/gradle-resources-http-4.1.jar
7f64cf302000-7f64cf306000 r--s 00017000 08:01 3560066                    /opt/android-studio/gradle/gradle-4.1/lib/plugins/gradle-plugin-use-4.1.jar
7f64cf306000-7f64cf307000 r--s 00000000 08:01 3419588                    /opt/android-studio/gradle/gradle-4.1/lib/gradle-runtime-api-info-4.1.jar
7f64cf307000-7f64cf308000 r--s 00000000 08:01 3419649                    /opt/android-studio/gradle/gradle-4.1/lib/gradle-installation-beacon-4.1.jar
7f64cf308000-7f64cf348000 r--s 00277000 08:01 3560096                    /opt/android-studio/gradle/gradle-4.1/lib/plugins/bcprov-jdk15on-1.51.jar
7f64cf348000-7f64cf34c000 r--s 0001d000 08:01 3560074                    /opt/android-studio/gradle/gradle-4.1/lib/plugins/xbean-reflect-3.4.jar
7f64cf34c000-7f64cf34e000 r--s 0000a000 08:01 3560072                    /opt/android-studio/gradle/gradle-4.1/lib/plugins/maven-settings-3.0.4.jar
7f64cf34e000-7f64cf351000 r--s 00008000 08:01 3560053                    /opt/android-studio/gradle/gradle-4.1/lib/plugins/maven-settings-builder-3.0.4.jar
7f64cf351000-7f64cf355000 r--s 00033000 08:01 3560030                    /opt/android-studio/gradle/gradle-4.1/lib/plugins/plexus-utils-2.0.6.jar
7f64cf355000-7f64cf357000 r--s 0000d000 08:01 3560079                    /opt/android-studio/gradle/gradle-4.1/lib/plugins/plexus-interpolation-1.14.jar
7f64cf357000-7f64cf359000 r--s 00000000 08:01 3560115                    /opt/android-studio/gradle/gradle-4.1/lib/plugins/plexus-component-annotations-1.5.5.jar
7f64cf359000-7f64cf360000 r--s 0002e000 08:01 3560024                    /opt/android-studio/gradle/gradle-4.1/lib/plugins/plexus-container-default-1.5.5.jar
7f64cf360000-7f64cf362000 r--s 0000a000 08:01 3560069                    /opt/android-studio/gradle/gradle-4.1/lib/plugins/plexus-classworlds-2.4.jar
7f64cf362000-7f64cf364000 r--s 00002000 08:01 3560015                    /opt/android-studio/gradle/gradle-4.1/lib/plugins/plexus-cipher-1.7.jar
7f64cf364000-7f64cf365000 r--s 00006000 08:01 3560082                    /opt/android-studio/gradle/gradle-4.1/lib/plugins/plexus-sec-dispatcher-1.3.jar
7f64cf365000-7f64cf36b000 r--s 0003f000 08:01 3560060                    /opt/android-studio/gradle/gradle-4.1/lib/plugins/maven-compat-3.0.4.jar
7f64cf36b000-7f64cf36f000 r--s 00021000 08:01 3560059                    /opt/android-studio/gradle/gradle-4.1/lib/plugins/maven-model-builder-3.0.4.jar
7f64cf36f000-7f64cf371000 r--s 00026000 08:01 3560073                    /opt/android-studio/gradle/gradle-4.1/lib/plugins/maven-model-3.0.4.jar
7f64cf371000-7f64cf373000 r--s 0000b000 08:01 3560035                    /opt/android-studio/gradle/gradle-4.1/lib/plugins/maven-artifact-3.0.4.jar
7f64cf373000-7f64cf375000 r--s 00006000 08:01 3560025                    /opt/android-studio/gradle/gradle-4.1/lib/plugins/maven-repository-metadata-3.0.4.jar
7f64cf375000-7f64cf377000 r--s 0000b000 08:01 3560046                    /opt/android-studio/gradle/gradle-4.1/lib/plugins/maven-plugin-api-3.0.4.jar
7f64cf377000-7f64cf379000 r--s 0000c000 08:01 3560057                    /opt/android-studio/gradle/gradle-4.1/lib/plugins/maven-aether-provider-3.0.4.jar
7f64cf379000-7f64cf37a000 r--s 00002000 08:01 3560017                    /opt/android-studio/gradle/gradle-4.1/lib/plugins/wagon-file-2.4.jar
7f64cf37a000-7f64cf37b000 r--s 00002000 08:01 3560087                    /opt/android-studio/gradle/gradle-4.1/lib/plugins/wagon-http-2.4.jar
7f64cf37b000-7f64cf37d000 r--s 0000b000 08:01 3560075                    /opt/android-studio/gradle/gradle-4.1/lib/plugins/wagon-provider-api-2.4.jar
7f64cf37d000-7f64cf37e000 r--s 00007000 08:01 3560055                    /opt/android-studio/gradle/gradle-4.1/lib/plugins/wagon-http-shared4-2.4.jar
7f64cf37e000-7f64cf381000 r--s 00013000 08:01 3560058                    /opt/android-studio/gradle/gradle-4.1/lib/plugins/aether-api-1.13.1.jar
7f64cf381000-7f64cf384000 r--s 0001d000 08:01 3560054                    /opt/android-studio/gradle/gradle-4.1/lib/plugins/aether-impl-1.13.1.jar
7f64cf384000-7f64cf385000 r--s 00003000 08:01 3560091                    /opt/android-studio/gradle/gradle-4.1/lib/plugins/aether-spi-1.13.1.jar
7f64cf385000-7f64cf389000 r--s 0001c000 08:01 3560114                    /opt/android-studio/gradle/gradle-4.1/lib/plugins/aether-util-1.13.1.jar
7f64cf389000-7f64cf38b000 r--s 00006000 08:01 3560038                    /opt/android-studio/gradle/gradle-4.1/lib/plugins/aether-connector-wagon-1.13.1.jar
7f64cf38b000-7f64cf397000 r--s 0007d000 08:01 3560063                    /opt/android-studio/gradle/gradle-4.1/lib/plugins/maven-core-3.0.4.jar
7f64cf397000-7f64cf39c000 r--s 00034000 08:01 3560028                    /opt/android-studio/gradle/gradle-4.1/lib/plugins/gson-2.7.jar
7f64cf39c000-7f64cf3a1000 r--s 00040000 08:01 3560068                    /opt/android-studio/gradle/gradle-4.1/lib/plugins/jsch-0.1.54.jar
7f64cf3a1000-7f64cf3b0000 r--s 000d9000 08:01 3560085                    /opt/android-studio/gradle/gradle-4.1/lib/plugins/ivy-2.2.0.jar
7f64cf3b0000-7f64cf3d4000 r--s 0011a000 08:01 3560050                    /opt/android-studio/gradle/gradle-4.1/lib/plugins/gradle-dependency-management-4.1.jar
7f64cf3d4000-7f64cf3d7000 r--s 0000d000 08:01 3560037                    /opt/android-studio/gradle/gradle-4.1/lib/plugins/gradle-workers-4.1.jar
7f64cf3d7000-7f64cf3dc000 r-xp 00000000 08:01 2767097                    /home/agrein/.gradle/native/25/linux-amd64/libnative-platform.so
7f64cf3dc000-7f64cf5db000 ---p 00005000 08:01 2767097                    /home/agrein/.gradle/native/25/linux-amd64/libnative-platform.so
7f64cf5db000-7f64cf5dc000 rw-p 00004000 08:01 2767097                    /home/agrein/.gradle/native/25/linux-amd64/libnative-platform.so
7f64cf5dc000-7f64cf5ed000 r-xp 00000000 08:01 3680481                    /opt/icedtea-bin-3.6.0/jre/lib/amd64/libnio.so
7f64cf5ed000-7f64cf7ec000 ---p 00011000 08:01 3680481                    /opt/icedtea-bin-3.6.0/jre/lib/amd64/libnio.so
7f64cf7ec000-7f64cf7ed000 r--p 00010000 08:01 3680481                    /opt/icedtea-bin-3.6.0/jre/lib/amd64/libnio.so
7f64cf7ed000-7f64cf7ee000 rw-p 00011000 08:01 3680481                    /opt/icedtea-bin-3.6.0/jre/lib/amd64/libnio.so
7f64cf7ee000-7f64cf804000 r-xp 00000000 08:01 3680500                    /opt/icedtea-bin-3.6.0/jre/lib/amd64/libnet.so
7f64cf804000-7f64cfa03000 ---p 00016000 08:01 3680500                    /opt/icedtea-bin-3.6.0/jre/lib/amd64/libnet.so
7f64cfa03000-7f64cfa04000 r--p 00015000 08:01 3680500                    /opt/icedtea-bin-3.6.0/jre/lib/amd64/libnet.so
7f64cfa04000-7f64cfa05000 rw-p 00016000 08:01 3680500                    /opt/icedtea-bin-3.6.0/jre/lib/amd64/libnet.so
7f64cfa05000-7f64cfa06000 r--s 00006000 08:01 3419627                    /opt/android-studio/gradle/gradle-4.1/lib/gradle-wrapper-4.1.jar
7f64cfa06000-7f64cfa13000 r--s 00043000 08:01 3419642                    /opt/android-studio/gradle/gradle-4.1/lib/gradle-tooling-api-4.1.jar
7f64cfa13000-7f64cfa22000 r--s 000c8000 08:01 3419598                    /opt/android-studio/gradle/gradle-4.1/lib/kotlin-stdlib-1.1.3-2.jar
7f64cfa22000-7f64cfa54000 r--s 0021b000 08:01 3419614                    /opt/android-studio/gradle/gradle-4.1/lib/kotlin-reflect-1.1.3-2.jar
7f64cfa54000-7f64cfa90000 rw-p 00000000 00:00 0 
7f64cfa90000-7f64cfc47000 r--s 01786000 08:01 3419621                    /opt/android-studio/gradle/gradle-4.1/lib/kotlin-compiler-embeddable-1.1.3-2.jar
7f64cfc47000-7f64cfc48000 r--s 00000000 08:01 3419628                    /opt/android-studio/gradle/gradle-4.1/lib/gradle-kotlin-dsl-tooling-models-0.10.3.jar
7f64cfc48000-7f64cfc49000 r--s 00001000 08:01 3418855                    /opt/android-studio/gradle/gradle-4.1/lib/gradle-kotlin-dsl-compiler-plugin-0.10.3.jar
7f64cfc49000-7f64cfc4b000 r--s 00003000 08:01 3418891                    /opt/android-studio/gradle/gradle-4.1/lib/annotations-13.0.jar
7f64cfc4b000-7f64cfc55000 r--s 00073000 08:01 3419610                    /opt/android-studio/gradle/gradle-4.1/lib/gradle-kotlin-dsl-0.10.3.jar
7f64cfc55000-7f64cfc5a000 r--s 00013000 08:01 3419617                    /opt/android-studio/gradle/gradle-4.1/lib/gradle-resources-4.1.jar
7f64cfc5a000-7f64cfc5c000 r--s 00005000 08:01 3419607                    /opt/android-studio/gradle/gradle-4.1/lib/gradle-cli-4.1.jar
7f64cfc5c000-7f64cfc5e000 r--s 00003000 08:01 3419600                    /opt/android-studio/gradle/gradle-4.1/lib/jcl-over-slf4j-1.7.10.jar
7f64cfc5e000-7f64cfc5f000 r--s 00005000 08:01 3418828                    /opt/android-studio/gradle/gradle-4.1/lib/log4j-over-slf4j-1.7.10.jar
7f64cfc5f000-7f64cfc61000 r--s 00000000 08:01 3419590                    /opt/android-studio/gradle/gradle-4.1/lib/jul-to-slf4j-1.7.10.jar
7f64cfc61000-7f64cfc68000 r--s 0002c000 08:01 3419624                    /opt/android-studio/gradle/gradle-4.1/lib/gradle-logging-4.1.jar
7f64cfc68000-7f64cfc78000 r--s 00082000 08:01 3419647                    /opt/android-studio/gradle/gradle-4.1/lib/gradle-model-core-4.1.jar
7f64cfc78000-7f64cfc7a000 r--s 00006000 08:01 3419651                    /opt/android-studio/gradle/gradle-4.1/lib/gradle-base-services-groovy-4.1.jar
7f64cfc7a000-7f64cfc7c000 r--s 00007000 08:01 3419646                    /opt/android-studio/gradle/gradle-4.1/lib/gradle-model-groovy-4.1.jar
7f64cfc7c000-7f64cfc7d000 r--s 00002000 08:01 3419625                    /opt/android-studio/gradle/gradle-4.1/lib/gradle-docs-4.1.jar
7f64cfc7d000-7f64cfc8a000 r--s 00083000 08:01 3419619                    /opt/android-studio/gradle/gradle-4.1/lib/commons-collections-3.2.2.jar
7f64cfc8a000-7f64cfcfa000 r--s 00645000 08:01 3419604                    /opt/android-studio/gradle/gradle-4.1/lib/groovy-all-2.4.11.jar
7f64cfcfa000-7f64cfcfd000 r--s 00023000 08:01 3419622                    /opt/android-studio/gradle/gradle-4.1/lib/jansi-1.14.jar
7f64cfcfd000-7f64cfcfe000 ---p 00000000 00:00 0 
7f64cfcfe000-7f64cfdfe000 rw-p 00000000 00:00 0 
7f64cfdfe000-7f64cfe01000 ---p 00000000 00:00 0 
7f64cfe01000-7f64cfeff000 rw-p 00000000 00:00 0 
7f64cfeff000-7f64cff02000 ---p 00000000 00:00 0 
7f64cff02000-7f64d0000000 rw-p 00000000 00:00 0 
7f64d0000000-7f64d24ec000 rw-p 00000000 00:00 0 
7f64d24ec000-7f64d4000000 ---p 00000000 00:00 0 
7f64d4000000-7f64d6379000 rw-p 00000000 00:00 0 
7f64d6379000-7f64d8000000 ---p 00000000 00:00 0 
7f64d8000000-7f64d81fb000 rw-p 00000000 00:00 0 
7f64d81fb000-7f64dc000000 ---p 00000000 00:00 0 
7f64dc000000-7f64dcca9000 rw-p 00000000 00:00 0 
7f64dcca9000-7f64e0000000 ---p 00000000 00:00 0 
7f64e0000000-7f64e031f000 rw-p 00000000 00:00 0 
7f64e031f000-7f64e4000000 ---p 00000000 00:00 0 
7f64e4000000-7f64e4516000 rw-p 00000000 00:00 0 
7f64e4516000-7f64e8000000 ---p 00000000 00:00 0 
7f64e8000000-7f64e8224000 rw-p 00000000 00:00 0 
7f64e8224000-7f64ec000000 ---p 00000000 00:00 0 
7f64ec000000-7f64ec107000 rw-p 00000000 00:00 0 
7f64ec107000-7f64f0000000 ---p 00000000 00:00 0 
7f64f0000000-7f64f0144000 rw-p 00000000 00:00 0 
7f64f0144000-7f64f4000000 ---p 00000000 00:00 0 
7f64f4000000-7f64f4001000 r--s 00000000 08:01 3418845                    /opt/android-studio/gradle/gradle-4.1/lib/javax.inject-1.jar
7f64f4001000-7f64f4002000 r--s 00004000 08:01 3419591                    /opt/android-studio/gradle/gradle-4.1/lib/native-platform-freebsd-amd64-libcpp-0.14.jar
7f64f4002000-7f64f4003000 r--s 00004000 08:01 3419603                    /opt/android-studio/gradle/gradle-4.1/lib/native-platform-freebsd-amd64-libstdcpp-0.14.jar
7f64f4003000-7f64f4004000 r--s 00004000 08:01 3419596                    /opt/android-studio/gradle/gradle-4.1/lib/native-platform-freebsd-i386-libcpp-0.14.jar
7f64f4004000-7f64f4007000 ---p 00000000 00:00 0 
7f64f4007000-7f64f4105000 rw-p 00000000 00:00 0 
7f64f4105000-7f64f4108000 ---p 00000000 00:00 0 
7f64f4108000-7f64f4206000 rw-p 00000000 00:00 0 
7f64f4206000-7f64f4209000 ---p 00000000 00:00 0 
7f64f4209000-7f64f4307000 rw-p 00000000 00:00 0 
7f64f4307000-7f64f46f7000 r--p 00000000 08:01 1190322                    /usr/lib64/locale/locale-archive
7f64f46f7000-7f64f46fa000 ---p 00000000 00:00 0 
7f64f46fa000-7f64f47f8000 rw-p 00000000 00:00 0 
7f64f47f8000-7f64f47fb000 ---p 00000000 00:00 0 
7f64f47fb000-7f64f48f9000 rw-p 00000000 00:00 0 
7f64f48f9000-7f64f48fa000 ---p 00000000 00:00 0 
7f64f48fa000-7f64f8000000 rw-p 00000000 00:00 0 
7f64f8000000-7f64f80c0000 rw-p 00000000 00:00 0 
7f64f80c0000-7f64fc000000 ---p 00000000 00:00 0 
7f64fc000000-7f64fc001000 r--s 00003000 08:01 3419629                    /opt/android-studio/gradle/gradle-4.1/lib/native-platform-freebsd-i386-libstdcpp-0.14.jar
7f64fc001000-7f64fc002000 r--s 00002000 08:01 3419641                    /opt/android-studio/gradle/gradle-4.1/lib/native-platform-linux-amd64-0.14.jar
7f64fc002000-7f64fc003000 r--s 00002000 08:01 3419643                    /opt/android-studio/gradle/gradle-4.1/lib/native-platform-linux-i386-0.14.jar
7f64fc003000-7f64fc005000 r--s 00002000 08:01 3418849                    /opt/android-studio/gradle/gradle-4.1/lib/native-platform-osx-amd64-0.14.jar
7f64fc005000-7f64fc006000 r--s 00003000 08:01 3419597                    /opt/android-studio/gradle/gradle-4.1/lib/native-platform-osx-i386-0.14.jar
7f64fc006000-7f64fc008000 r--s 0000b000 08:01 3418843                    /opt/android-studio/gradle/gradle-4.1/lib/native-platform-windows-amd64-0.14.jar
7f64fc008000-7f64fc009000 r--s 0000b000 08:01 3419638                    /opt/android-studio/gradle/gradle-4.1/lib/native-platform-windows-i386-0.14.jar
7f64fc009000-7f64fc00a000 r--s 00001000 08:01 3419620                    /opt/android-studio/gradle/gradle-4.1/lib/native-platform-linux-amd64-ncurses5-0.14.jar
7f64fc00a000-7f64fc00b000 r--s 00001000 08:01 3419602                    /opt/android-studio/gradle/gradle-4.1/lib/native-platform-linux-amd64-ncurses6-0.14.jar
7f64fc00b000-7f64fc00f000 r--s 00012000 08:01 3419653                    /opt/android-studio/gradle/gradle-4.1/lib/native-platform-0.14.jar
7f64fc00f000-7f64fc012000 r--s 0000c000 08:01 3419639                    /opt/android-studio/gradle/gradle-4.1/lib/gradle-native-4.1.jar
7f64fc012000-7f64fc014000 r--s 0000f000 08:01 3418884                    /opt/android-studio/gradle/gradle-4.1/lib/reflectasm-1.07-shaded.jar
7f64fc014000-7f64fc016000 r--s 00000000 08:01 3419648                    /opt/android-studio/gradle/gradle-4.1/lib/minlog-1.2.jar
7f64fc016000-7f64fc018000 r--s 00007000 08:01 3419595                    /opt/android-studio/gradle/gradle-4.1/lib/objenesis-1.2.jar
7f64fc018000-7f64fc01c000 r--s 00026000 08:01 3419644                    /opt/android-studio/gradle/gradle-4.1/lib/kryo-2.20.jar
7f64fc01c000-7f64fc022000 r--s 0002b000 08:01 3419616                    /opt/android-studio/gradle/gradle-4.1/lib/gradle-messaging-4.1.jar
7f64fc022000-7f64fc024000 r--s 00006000 08:01 3419652                    /opt/android-studio/gradle/gradle-4.1/lib/gradle-process-services-4.1.jar
7f64fc024000-7f64fc026000 r--s 00000000 08:01 3418876                    /opt/android-studio/gradle/gradle-4.1/lib/gradle-jvm-services-4.1.jar
7f64fc026000-7f64fc04e000 r--s 001cf000 08:01 3419611                    /opt/android-studio/gradle/gradle-4.1/lib/guava-jdk5-17.0.jar
7f64fc04e000-7f64fc06d000 r--s 001d1000 08:01 3418844                    /opt/android-studio/gradle/gradle-4.1/lib/ant-1.9.6.jar
7f64fc06d000-7f64fc0b7000 r--s 00253000 08:01 3419589                    /opt/android-studio/gradle/gradle-4.1/lib/gradle-core-4.1.jar
7f64fc0b7000-7f64fd000000 rw-p 00000000 00:00 0 
7f64fd000000-7f6501280000 rwxp 00000000 00:00 0 
7f6501280000-7f650c000000 ---p 00000000 00:00 0 
7f650c000000-7f650cd0b000 rw-p 00000000 00:00 0 
7f650cd0b000-7f6510000000 ---p 00000000 00:00 0 
7f6510000000-7f6510001000 r--s 00001000 08:01 3419594                    /opt/android-studio/gradle/gradle-4.1/lib/native-platform-linux-i386-ncurses5-0.14.jar
7f6510001000-7f6510006000 r--s 00041000 08:01 3419635                    /opt/android-studio/gradle/gradle-4.1/lib/commons-lang-2.6.jar
7f6510006000-7f6510298000 rw-p 00000000 00:00 0 
7f6510298000-7f6510467000 r--s 01f49000 08:01 3677045                    /opt/icedtea-bin-3.6.0/jre/lib/rt.jar
7f6510467000-7f65107dd000 rw-p 00000000 00:00 0 
7f65107dd000-7f65107de000 ---p 00000000 00:00 0 
7f65107de000-7f65108de000 rw-p 00000000 00:00 0 
7f65108de000-7f65108df000 ---p 00000000 00:00 0 
7f65108df000-7f65109df000 rw-p 00000000 00:00 0 
7f65109df000-7f65109e0000 ---p 00000000 00:00 0 
7f65109e0000-7f6510ae0000 rw-p 00000000 00:00 0 
7f6510ae0000-7f6510ae1000 ---p 00000000 00:00 0 
7f6510ae1000-7f6510c32000 rw-p 00000000 00:00 0 
7f6510c32000-7f6510de1000 ---p 00000000 00:00 0 
7f6510de1000-7f6510e32000 rw-p 00000000 00:00 0 
7f6510e32000-7f6510fe1000 ---p 00000000 00:00 0 
7f6510fe1000-7f65110c6000 rw-p 00000000 00:00 0 
7f65110c6000-7f65110e1000 ---p 00000000 00:00 0 
7f65110e1000-7f65111ec000 rw-p 00000000 00:00 0 
7f65111ec000-7f65114a2000 ---p 00000000 00:00 0 
7f65114a2000-7f65114aa000 r-xp 00000000 08:01 3679844                    /opt/icedtea-bin-3.6.0/jre/lib/amd64/libzip.so
7f65114aa000-7f65116a9000 ---p 00008000 08:01 3679844                    /opt/icedtea-bin-3.6.0/jre/lib/amd64/libzip.so
7f65116a9000-7f65116aa000 r--p 00007000 08:01 3679844                    /opt/icedtea-bin-3.6.0/jre/lib/amd64/libzip.so
7f65116aa000-7f65116ab000 rw-p 00008000 08:01 3679844                    /opt/icedtea-bin-3.6.0/jre/lib/amd64/libzip.so
7f65116ab000-7f65116b6000 r-xp 00000000 08:01 3880330                    /lib64/libnss_files-2.25.so
7f65116b6000-7f65118b5000 ---p 0000b000 08:01 3880330                    /lib64/libnss_files-2.25.so
7f65118b5000-7f65118b6000 r--p 0000a000 08:01 3880330                    /lib64/libnss_files-2.25.so
7f65118b6000-7f65118b7000 rw-p 0000b000 08:01 3880330                    /lib64/libnss_files-2.25.so
7f65118b7000-7f65118c2000 r-xp 00000000 08:01 3880434                    /lib64/libnss_nis-2.25.so
7f65118c2000-7f6511ac1000 ---p 0000b000 08:01 3880434                    /lib64/libnss_nis-2.25.so
7f6511ac1000-7f6511ac2000 r--p 0000a000 08:01 3880434                    /lib64/libnss_nis-2.25.so
7f6511ac2000-7f6511ac3000 rw-p 0000b000 08:01 3880434                    /lib64/libnss_nis-2.25.so
7f6511ac3000-7f6511ad9000 r-xp 00000000 08:01 3880433                    /lib64/libnsl-2.25.so
7f6511ad9000-7f6511cd8000 ---p 00016000 08:01 3880433                    /lib64/libnsl-2.25.so
7f6511cd8000-7f6511cd9000 r--p 00015000 08:01 3880433                    /lib64/libnsl-2.25.so
7f6511cd9000-7f6511cda000 rw-p 00016000 08:01 3880433                    /lib64/libnsl-2.25.so
7f6511cda000-7f6511cdc000 rw-p 00000000 00:00 0 
7f6511cdc000-7f6511ce3000 r-xp 00000000 08:01 3880439                    /lib64/libnss_compat-2.25.so
7f6511ce3000-7f6511ee3000 ---p 00007000 08:01 3880439                    /lib64/libnss_compat-2.25.so
7f6511ee3000-7f6511ee4000 r--p 00007000 08:01 3880439                    /lib64/libnss_compat-2.25.so
7f6511ee4000-7f6511ee5000 rw-p 00008000 08:01 3880439                    /lib64/libnss_compat-2.25.so
7f6511ee5000-7f6511f10000 r-xp 00000000 08:01 3680501                    /opt/icedtea-bin-3.6.0/jre/lib/amd64/libjava.so
7f6511f10000-7f651210f000 ---p 0002b000 08:01 3680501                    /opt/icedtea-bin-3.6.0/jre/lib/amd64/libjava.so
7f651210f000-7f6512110000 r--p 0002a000 08:01 3680501                    /opt/icedtea-bin-3.6.0/jre/lib/amd64/libjava.so
7f6512110000-7f6512112000 rw-p 0002b000 08:01 3680501                    /opt/icedtea-bin-3.6.0/jre/lib/amd64/libjava.so
7f6512112000-7f651211f000 r-xp 00000000 08:01 3680489                    /opt/icedtea-bin-3.6.0/jre/lib/amd64/libverify.so
7f651211f000-7f651231e000 ---p 0000d000 08:01 3680489                    /opt/icedtea-bin-3.6.0/jre/lib/amd64/libverify.so
7f651231e000-7f6512320000 r--p 0000c000 08:01 3680489                    /opt/icedtea-bin-3.6.0/jre/lib/amd64/libverify.so
7f6512320000-7f6512321000 rw-p 0000e000 08:01 3680489                    /opt/icedtea-bin-3.6.0/jre/lib/amd64/libverify.so
7f6512321000-7f6512328000 r-xp 00000000 08:01 3880299                    /lib64/librt-2.25.so
7f6512328000-7f6512527000 ---p 00007000 08:01 3880299                    /lib64/librt-2.25.so
7f6512527000-7f6512528000 r--p 00006000 08:01 3880299                    /lib64/librt-2.25.so
7f6512528000-7f6512529000 rw-p 00007000 08:01 3880299                    /lib64/librt-2.25.so
7f6512529000-7f651253f000 r-xp 00000000 08:01 3714841                    /usr/lib64/gcc/x86_64-pc-linux-gnu/6.4.0/libgcc_s.so.1
7f651253f000-7f651273e000 ---p 00016000 08:01 3714841                    /usr/lib64/gcc/x86_64-pc-linux-gnu/6.4.0/libgcc_s.so.1
7f651273e000-7f651273f000 r--p 00015000 08:01 3714841                    /usr/lib64/gcc/x86_64-pc-linux-gnu/6.4.0/libgcc_s.so.1
7f651273f000-7f6512740000 rw-p 00016000 08:01 3714841                    /usr/lib64/gcc/x86_64-pc-linux-gnu/6.4.0/libgcc_s.so.1
7f6512740000-7f6512855000 r-xp 00000000 08:01 3880293                    /lib64/libm-2.25.so
7f6512855000-7f6512a55000 ---p 00115000 08:01 3880293                    /lib64/libm-2.25.so
7f6512a55000-7f6512a56000 r--p 00115000 08:01 3880293                    /lib64/libm-2.25.so
7f6512a56000-7f6512a57000 rw-p 00116000 08:01 3880293                    /lib64/libm-2.25.so
7f6512a57000-7f6512c40000 r-xp 00000000 08:01 3714844                    /usr/lib64/gcc/x86_64-pc-linux-gnu/6.4.0/libstdc++.so.6.0.22
7f6512c40000-7f6512e3f000 ---p 001e9000 08:01 3714844                    /usr/lib64/gcc/x86_64-pc-linux-gnu/6.4.0/libstdc++.so.6.0.22
7f6512e3f000-7f6512e4c000 r--p 001e8000 08:01 3714844                    /usr/lib64/gcc/x86_64-pc-linux-gnu/6.4.0/libstdc++.so.6.0.22
7f6512e4c000-7f6512e50000 rw-p 001f5000 08:01 3714844                    /usr/lib64/gcc/x86_64-pc-linux-gnu/6.4.0/libstdc++.so.6.0.22
7f6512e50000-7f6512e53000 rw-p 00000000 00:00 0 
7f6512e53000-7f6513996000 r-xp 00000000 08:01 3680504                    /opt/icedtea-bin-3.6.0/jre/lib/amd64/server/libjvm.so
7f6513996000-7f6513b95000 ---p 00b43000 08:01 3680504                    /opt/icedtea-bin-3.6.0/jre/lib/amd64/server/libjvm.so
7f6513b95000-7f6513c29000 r--p 00b42000 08:01 3680504                    /opt/icedtea-bin-3.6.0/jre/lib/amd64/server/libjvm.so
7f6513c29000-7f6513c52000 rw-p 00bd6000 08:01 3680504                    /opt/icedtea-bin-3.6.0/jre/lib/amd64/server/libjvm.so
7f6513c52000-7f6513c82000 rw-p 00000000 00:00 0 
7f6513c82000-7f6513c9c000 r-xp 00000000 08:01 3880429                    /lib64/libpthread-2.25.so
7f6513c9c000-7f6513e9c000 ---p 0001a000 08:01 3880429                    /lib64/libpthread-2.25.so
7f6513e9c000-7f6513e9d000 r--p 0001a000 08:01 3880429                    /lib64/libpthread-2.25.so
7f6513e9d000-7f6513e9e000 rw-p 0001b000 08:01 3880429                    /lib64/libpthread-2.25.so
7f6513e9e000-7f6513ea2000 rw-p 00000000 00:00 0 
7f6513ea2000-7f6513ea5000 r-xp 00000000 08:01 3881591                    /lib64/libdl-2.25.so
7f6513ea5000-7f65140a4000 ---p 00003000 08:01 3881591                    /lib64/libdl-2.25.so
7f65140a4000-7f65140a5000 r--p 00002000 08:01 3881591                    /lib64/libdl-2.25.so
7f65140a5000-7f65140a6000 rw-p 00003000 08:01 3881591                    /lib64/libdl-2.25.so
7f65140a6000-7f65140c2000 r-xp 00000000 08:01 3419820                    /lib64/libz.so.1.2.11
7f65140c2000-7f65142c1000 ---p 0001c000 08:01 3419820                    /lib64/libz.so.1.2.11
7f65142c1000-7f65142c2000 r--p 0001b000 08:01 3419820                    /lib64/libz.so.1.2.11
7f65142c2000-7f65142c3000 rw-p 0001c000 08:01 3419820                    /lib64/libz.so.1.2.11
7f65142c3000-7f6514468000 r-xp 00000000 08:01 3881565                    /lib64/libc-2.25.so
7f6514468000-7f6514668000 ---p 001a5000 08:01 3881565                    /lib64/libc-2.25.so
7f6514668000-7f651466c000 r--p 001a5000 08:01 3881565                    /lib64/libc-2.25.so
7f651466c000-7f651466e000 rw-p 001a9000 08:01 3881565                    /lib64/libc-2.25.so
7f651466e000-7f6514672000 rw-p 00000000 00:00 0 
7f6514672000-7f651467f000 r-xp 00000000 08:01 3687715                    /opt/icedtea-bin-3.6.0/lib/amd64/jli/libjli.so
7f651467f000-7f651487e000 ---p 0000d000 08:01 3687715                    /opt/icedtea-bin-3.6.0/lib/amd64/jli/libjli.so
7f651487e000-7f651487f000 r--p 0000c000 08:01 3687715                    /opt/icedtea-bin-3.6.0/lib/amd64/jli/libjli.so
7f651487f000-7f6514880000 rw-p 0000d000 08:01 3687715                    /opt/icedtea-bin-3.6.0/lib/amd64/jli/libjli.so
7f6514880000-7f65148a3000 r-xp 00000000 08:01 3880450                    /lib64/ld-2.25.so
7f65148a3000-7f65148a4000 r--s 00001000 08:01 3418842                    /opt/android-studio/gradle/gradle-4.1/lib/native-platform-linux-i386-ncurses6-0.14.jar
7f65148a4000-7f65148a7000 r--s 00006000 08:01 3418852                    /opt/android-studio/gradle/gradle-4.1/lib/jsr305-1.3.9.jar
7f65148a7000-7f65148ab000 r--s 00027000 08:01 3419626                    /opt/android-studio/gradle/gradle-4.1/lib/commons-io-2.2.jar
7f65148ab000-7f65148b7000 r--s 00053000 08:01 3419650                    /opt/android-studio/gradle/gradle-4.1/lib/gradle-base-services-4.1.jar
7f65148b7000-7f65148c3000 r--s 0005c000 08:01 3419634                    /opt/android-studio/gradle/gradle-4.1/lib/gradle-launcher-4.1.jar
7f65148c3000-7f6514967000 rw-p 00000000 00:00 0 
7f6514967000-7f651496a000 ---p 00000000 00:00 0 
7f651496a000-7f6514a6d000 rw-p 00000000 00:00 0 
7f6514a6d000-7f6514a6e000 r--s 00000000 08:01 3419618                    /opt/android-studio/gradle/gradle-4.1/lib/jcip-annotations-1.0.jar
7f6514a6e000-7f6514a6f000 r--s 00007000 08:01 3418846                    /opt/android-studio/gradle/gradle-4.1/lib/slf4j-api-1.7.10.jar
7f6514a6f000-7f6514a77000 r--s 000bd000 08:01 3419623                    /opt/android-studio/gradle/gradle-4.1/lib/asm-debug-all-6.0_ALPHA.jar
7f6514a77000-7f6514a78000 r--s 00004000 08:01 3418851                    /opt/android-studio/gradle/gradle-4.1/lib/ant-launcher-1.9.6.jar
7f6514a78000-7f6514a96000 rw-p 00000000 00:00 0 
7f6514a96000-7f6514a9e000 rw-s 00000000 08:01 32757                      /tmp/hsperfdata_agrein/17840
7f6514a9e000-7f6514a9f000 rw-p 00000000 00:00 0 
7f6514a9f000-7f6514aa0000 ---p 00000000 00:00 0 
7f6514aa0000-7f6514aa2000 rw-p 00000000 00:00 0 
7f6514aa2000-7f6514aa3000 r--p 00022000 08:01 3880450                    /lib64/ld-2.25.so
7f6514aa3000-7f6514aa4000 rw-p 00023000 08:01 3880450                    /lib64/ld-2.25.so
7f6514aa4000-7f6514aa5000 rw-p 00000000 00:00 0 
7fffb412a000-7fffb414b000 rw-p 00000000 00:00 0                          [stack]
7fffb41c3000-7fffb41c6000 r--p 00000000 00:00 0                          [vvar]
7fffb41c6000-7fffb41c8000 r-xp 00000000 00:00 0                          [vdso]
ffffffffff600000-ffffffffff601000 r-xp 00000000 00:00 0                  [vsyscall]

VM Arguments:
jvm_args: -Xmx1536m -Dfile.encoding=UTF-8 -Duser.country=US -Duser.language=en -Duser.variant 
java_command: org.gradle.launcher.daemon.bootstrap.GradleDaemon 4.1
java_class_path (initial): /opt/android-studio/gradle/gradle-4.1/lib/gradle-launcher-4.1.jar
Launcher Type: SUN_STANDARD

Environment Variables:
JAVA_HOME=/etc/java-config-2/current-system-vm
PATH=/usr/x86_64-pc-linux-gnu/gcc-bin/6.4.0:/usr/lib/llvm/5/bin:/usr/local/bin:/usr/bin:/bin:/opt/bin:/opt/android-sdk-update-manager/tools:/opt/android-sdk-update-manager/platform-tools:/usr/games/bin
LD_LIBRARY_PATH=/opt/android-studio/bin:
SHELL=/bin/bash
DISPLAY=:0

Signal Handlers:
SIGSEGV: [libjvm.so+0x95e850], sa_mask[0]=11111111011111111101111111111110, sa_flags=SA_RESTART|SA_SIGINFO
SIGBUS: [libjvm.so+0x95e850], sa_mask[0]=11111111011111111101111111111110, sa_flags=SA_RESTART|SA_SIGINFO
SIGFPE: [libjvm.so+0x7eb5f0], sa_mask[0]=11111111011111111101111111111110, sa_flags=SA_RESTART|SA_SIGINFO
SIGPIPE: [libjvm.so+0x7eb5f0], sa_mask[0]=11111111011111111101111111111110, sa_flags=SA_RESTART|SA_SIGINFO
SIGXFSZ: [libjvm.so+0x7eb5f0], sa_mask[0]=11111111011111111101111111111110, sa_flags=SA_RESTART|SA_SIGINFO
SIGILL: [libjvm.so+0x7eb5f0], sa_mask[0]=11111111011111111101111111111110, sa_flags=SA_RESTART|SA_SIGINFO
SIGUSR1: SIG_DFL, sa_mask[0]=00000000000000000000000000000000, sa_flags=none
SIGUSR2: [libjvm.so+0x7eb320], sa_mask[0]=00100000000000000000000000000000, sa_flags=SA_RESTART|SA_SIGINFO
SIGHUP: [libjvm.so+0x7eec40], sa_mask[0]=11111111011111111101111111111110, sa_flags=SA_RESTART|SA_SIGINFO
SIGINT: [libjvm.so+0x7eec40], sa_mask[0]=11111111011111111101111111111110, sa_flags=SA_RESTART|SA_SIGINFO
SIGTERM: [libjvm.so+0x7eec40], sa_mask[0]=11111111011111111101111111111110, sa_flags=SA_RESTART|SA_SIGINFO
SIGQUIT: [libjvm.so+0x7eec40], sa_mask[0]=11111111011111111101111111111110, sa_flags=SA_RESTART|SA_SIGINFO


---------------  S Y S T E M  ---------------

OS:Gentoo Base System release 2.4.1

uname:Linux 4.14.14-gentoo #1 SMP Tue Jan 23 09:59:59 CET 2018 x86_64
libc:glibc 2.25 NPTL 2.25 
rlimit: STACK 8192k, CORE 0k, NPROC 15746, NOFILE 4096, AS infinity
load average:1.80 0.79 0.70

/proc/meminfo:
MemTotal:        4036132 kB
MemFree:           38408 kB
MemAvailable:      32040 kB
Buffers:            3148 kB
Cached:            38432 kB
SwapCached:            0 kB
Active:          3865208 kB
Inactive:          22384 kB
Active(anon):    3852888 kB
Inactive(anon):    11936 kB
Active(file):      12320 kB
Inactive(file):    10448 kB
Unevictable:        7944 kB
Mlocked:            7964 kB
SwapTotal:             0 kB
SwapFree:              0 kB
Dirty:                68 kB
Writeback:             0 kB
AnonPages:       3853892 kB
Mapped:            32144 kB
Shmem:             12340 kB
Slab:              48936 kB
SReclaimable:      28052 kB
SUnreclaim:        20884 kB
KernelStack:        5568 kB
PageTables:        29652 kB
NFS_Unstable:          0 kB
Bounce:                0 kB
WritebackTmp:          0 kB
CommitLimit:     2018064 kB
Committed_AS:    4846444 kB
VmallocTotal:   34359738367 kB
VmallocUsed:           0 kB
VmallocChunk:          0 kB
HugePages_Total:       0
HugePages_Free:        0
HugePages_Rsvd:        0
HugePages_Surp:        0
Hugepagesize:       2048 kB
DirectMap4k:       92096 kB
DirectMap2M:     4102144 kB


CPU:total 4 (initial active 4) (4 cores per cpu, 1 threads per core) family 6 model 60 stepping 3, cmov, cx8, fxsr, mmx, sse, sse2, sse3, ssse3, sse4.1, sse4.2, popcnt, avx, avx2, aes, clmul, lzcnt, tsc, tscinvbit

/proc/cpuinfo:
processor	: 0
vendor_id	: GenuineIntel
cpu family	: 6
model		: 60
model name	: Intel(R) Core(TM) i7-4800MQ CPU @ 2.70GHz
stepping	: 3
cpu MHz		: 2693.760
cache size	: 6144 KB
physical id	: 0
siblings	: 4
core id		: 0
cpu cores	: 4
apicid		: 0
initial apicid	: 0
fpu		: yes
fpu_exception	: yes
cpuid level	: 13
wp		: yes
flags		: fpu vme de pse tsc msr pae mce cx8 apic sep mtrr pge mca cmov pat pse36 clflush mmx fxsr sse sse2 ht syscall nx rdtscp lm constant_tsc rep_good nopl xtopology nonstop_tsc cpuid pni pclmulqdq ssse3 cx16 sse4_1 sse4_2 x2apic movbe popcnt aes xsave avx rdrand hypervisor lahf_lm abm pti retpoline avx2
bugs		: cpu_meltdown spectre_v1 spectre_v2
bogomips	: 5387.52
clflush size	: 64
cache_alignment	: 64
address sizes	: 39 bits physical, 48 bits virtual
power management:

processor	: 1
vendor_id	: GenuineIntel
cpu family	: 6
model		: 60
model name	: Intel(R) Core(TM) i7-4800MQ CPU @ 2.70GHz
stepping	: 3
cpu MHz		: 2693.760
cache size	: 6144 KB
physical id	: 0
siblings	: 4
core id		: 1
cpu cores	: 4
apicid		: 1
initial apicid	: 1
fpu		: yes
fpu_exception	: yes
cpuid level	: 13
wp		: yes
flags		: fpu vme de pse tsc msr pae mce cx8 apic sep mtrr pge mca cmov pat pse36 clflush mmx fxsr sse sse2 ht syscall nx rdtscp lm constant_tsc rep_good nopl xtopology nonstop_tsc cpuid pni pclmulqdq ssse3 cx16 sse4_1 sse4_2 x2apic movbe popcnt aes xsave avx rdrand hypervisor lahf_lm abm pti retpoline avx2
bugs		: cpu_meltdown spectre_v1 spectre_v2
bogomips	: 5387.52
clflush size	: 64
cache_alignment	: 64
address sizes	: 39 bits physical, 48 bits virtual
power management:

processor	: 2
vendor_id	: GenuineIntel
cpu family	: 6
model		: 60
model name	: Intel(R) Core(TM) i7-4800MQ CPU @ 2.70GHz
stepping	: 3
cpu MHz		: 2693.760
cache size	: 6144 KB
physical id	: 0
siblings	: 4
core id		: 2
cpu cores	: 4
apicid		: 2
initial apicid	: 2
fpu		: yes
fpu_exception	: yes
cpuid level	: 13
wp		: yes
flags		: fpu vme de pse tsc msr pae mce cx8 apic sep mtrr pge mca cmov pat pse36 clflush mmx fxsr sse sse2 ht syscall nx rdtscp lm constant_tsc rep_good nopl xtopology nonstop_tsc cpuid pni pclmulqdq ssse3 cx16 sse4_1 sse4_2 x2apic movbe popcnt aes xsave avx rdrand hypervisor lahf_lm abm pti retpoline avx2
bugs		: cpu_meltdown spectre_v1 spectre_v2
bogomips	: 5387.52
clflush size	: 64
cache_alignment	: 64
address sizes	: 39 bits physical, 48 bits virtual
power management:

processor	: 3
vendor_id	: GenuineIntel
cpu family	: 6
model		: 60
model name	: Intel(R) Core(TM) i7-4800MQ CPU @ 2.70GHz
stepping	: 3
cpu MHz		: 2693.760
cache size	: 6144 KB
physical id	: 0
siblings	: 4
core id		: 3
cpu cores	: 4
apicid		: 3
initial apicid	: 3
fpu		: yes
fpu_exception	: yes
cpuid level	: 13
wp		: yes
flags		: fpu vme de pse tsc msr pae mce cx8 apic sep mtrr pge mca cmov pat pse36 clflush mmx fxsr sse sse2 ht syscall nx rdtscp lm constant_tsc rep_good nopl xtopology nonstop_tsc cpuid pni pclmulqdq ssse3 cx16 sse4_1 sse4_2 x2apic movbe popcnt aes xsave avx rdrand hypervisor lahf_lm abm pti retpoline avx2
bugs		: cpu_meltdown spectre_v1 spectre_v2
bogomips	: 5387.52
clflush size	: 64
cache_alignment	: 64
address sizes	: 39 bits physical, 48 bits virtual
power management:



Memory: 4k page, physical 4036132k(38408k free), swap 0k(0k free)

vm_info: OpenJDK 64-Bit Server VM (25.151-b12) for linux-amd64 JRE (1.8.0_151-b12), built on Nov  3 2017 10:55:39 by "portage" with gcc 5.4.0

time: Thu Mar 22 10:38:09 2018
elapsed time: 2601 seconds (0d 0h 43m 21s)

