#
# There is insufficient memory for the Java Runtime Environment to continue.
# Native memory allocation (mmap) failed to map 75497472 bytes for committing reserved memory.
# Possible reasons:
#   The system is out of physical RAM or swap space
#   In 32 bit mode, the process size limit was hit
# Possible solutions:
#   Reduce memory load on the system
#   Increase physical memory or swap space
#   Check if swap backing store is full
#   Use 64 bit Java on a 64 bit OS
#   Decrease Java heap size (-Xmx/-Xms)
#   Decrease number of Java threads
#   Decrease Java thread stack sizes (-Xss)
#   Set larger code cache with -XX:ReservedCodeCacheSize=
# This output file may be truncated or incomplete.
#
#  Out of Memory Error (os_linux.cpp:2651), pid=18099, tid=0x00007f347b9f9700
#
# JRE version: OpenJDK Runtime Environment (8.0_151-b12) (build 1.8.0_151-b12)
# Java VM: OpenJDK 64-Bit Server VM (25.151-b12 mixed mode linux-amd64 compressed oops)
# Derivative: IcedTea 3.6.0
# Distribution: Gentoo Base System release 2.4.1, package Gentoo icedtea-3.6.0
# Failed to write core dump. Core dumps have been disabled. To enable core dumping, try "ulimit -c unlimited" before starting Java again
#

---------------  T H R E A D  ---------------

Current thread (0x00007f3498085800):  VMThread [stack: 0x00007f347b8f9000,0x00007f347b9fa000] [id=18108]

Stack: [0x00007f347b8f9000,0x00007f347b9fa000],  sp=0x00007f347b9f8420,  free space=1021k
Native frames: (J=compiled Java code, j=interpreted, Vv=VM code, C=native code)
V  [libjvm.so+0x95de59]
V  [libjvm.so+0x471cf3]
V  [libjvm.so+0x7eef2b]
V  [libjvm.so+0x7ef07e]
V  [libjvm.so+0x7ef0bc]
V  [libjvm.so+0x7ea2ce]
V  [libjvm.so+0x8509ab]
V  [libjvm.so+0x851263]
V  [libjvm.so+0x85195b]
V  [libjvm.so+0x84ed63]
V  [libjvm.so+0x84f014]
V  [libjvm.so+0x80b7b3]
V  [libjvm.so+0x95f982]
V  [libjvm.so+0x963e87]
V  [libjvm.so+0x962507]
V  [libjvm.so+0x962d11]
V  [libjvm.so+0x963171]
V  [libjvm.so+0x7ef3e8]

VM_Operation (0x00007f347947dd60): ParallelGCFailedAllocation, mode: safepoint, requested by thread 0x00007f341441e800


---------------  P R O C E S S  ---------------

Java Threads: ( => current thread )
  0x00007f341426d000 JavaThread "ForkJoinPool.commonPool-worker-1" daemon [_thread_blocked, id=18201, stack(0x00007f3420f1b000,0x00007f342101c000)]
  0x00007f341441e800 JavaThread "ForkJoinPool.commonPool-worker-0" daemon [_thread_blocked, id=18200, stack(0x00007f347937f000,0x00007f3479480000)]
  0x00007f341441d800 JavaThread "ForkJoinPool.commonPool-worker-3" daemon [_thread_blocked, id=18199, stack(0x00007f342155a000,0x00007f342165b000)]
  0x00007f341441d000 JavaThread "ForkJoinPool.commonPool-worker-2" daemon [_thread_blocked, id=18198, stack(0x00007f342121e000,0x00007f342131f000)]
  0x00007f341408e000 JavaThread "Cache worker for Java compile cache (/media/sf_VMSHARE/TrinkBar_aschaffenburg/.gradle/4.1/javaCompile)" [_thread_blocked, id=18185, stack(0x00007f342111d000,0x00007f342121e000)]
  0x00007f34397a7800 JavaThread "Task worker for ':' Thread 3" [_thread_blocked, id=18145, stack(0x00007f3421a5d000,0x00007f3421b5e000)]
  0x00007f34397a7000 JavaThread "Task worker for ':' Thread 2" [_thread_blocked, id=18144, stack(0x00007f3421b5e000,0x00007f3421c5f000)]
  0x00007f34397e7000 JavaThread "Task worker for ':'" [_thread_blocked, id=18143, stack(0x00007f3421c5f000,0x00007f3421d60000)]
  0x00007f3439c7f800 JavaThread "Cache worker for task history cache (/media/sf_VMSHARE/TrinkBar_aschaffenburg/.gradle/4.1/taskHistory)" [_thread_blocked, id=18142, stack(0x00007f3421d60000,0x00007f3421e61000)]
  0x00007f3439c70800 JavaThread "Cache worker for file content cache (/media/sf_VMSHARE/TrinkBar_aschaffenburg/.gradle/4.1/fileContent)" [_thread_blocked, id=18141, stack(0x00007f3421e61000,0x00007f3421f62000)]
  0x00007f3439122800 JavaThread "Memory manager" [_thread_blocked, id=18136, stack(0x00007f3422e52000,0x00007f3422f53000)]
  0x00007f34383e6000 JavaThread "build operations Thread 4" [_thread_blocked, id=18135, stack(0x00007f34236fb000,0x00007f34237fc000)]
  0x00007f34383e3800 JavaThread "build operations Thread 3" [_thread_blocked, id=18134, stack(0x00007f34237fc000,0x00007f34238fd000)]
  0x00007f34383e0000 JavaThread "build operations Thread 2" [_thread_blocked, id=18133, stack(0x00007f34238fd000,0x00007f34239fe000)]
  0x00007f34383e2000 JavaThread "build operations" [_thread_blocked, id=18132, stack(0x00007f34239fe000,0x00007f3423aff000)]
  0x00007f34386ed800 JavaThread "Cache worker for Artifact transforms cache (/home/agrein/.gradle/caches/transforms-1)" [_thread_blocked, id=18131, stack(0x00007f3423eff000,0x00007f3424000000)]
  0x00007f3438210800 JavaThread "Cache worker for file hash cache (/media/sf_VMSHARE/TrinkBar_aschaffenburg/.gradle/4.1/fileHashes)" [_thread_blocked, id=18130, stack(0x00007f3478e7c000,0x00007f3478f7d000)]
  0x00007f3438118000 JavaThread "File lock request listener" [_thread_in_native, id=18129, stack(0x00007f3478f7d000,0x00007f347907e000)]
  0x00007f3438108000 JavaThread "Cache worker for file hash cache (/home/agrein/.gradle/caches/4.1/fileHashes)" [_thread_blocked, id=18128, stack(0x00007f347907e000,0x00007f347917f000)]
  0x00007f343800f000 JavaThread "Asynchronous log dispatcher for DefaultDaemonConnection: socket connection from /127.0.0.1:45011 to /127.0.0.1:41022" [_thread_blocked, id=18126, stack(0x00007f3479480000,0x00007f3479581000)]
  0x00007f343c008000 JavaThread "Daemon worker" [_thread_blocked, id=18123, stack(0x00007f3479581000,0x00007f3479682000)]
  0x00007f343c004800 JavaThread "Cancel handler" [_thread_blocked, id=18122, stack(0x00007f3479682000,0x00007f3479783000)]
  0x00007f343c004000 JavaThread "Handler for socket connection from /127.0.0.1:45011 to /127.0.0.1:41022" [_thread_in_native, id=18121, stack(0x00007f3479983000,0x00007f3479a84000)]
  0x00007f3444037800 JavaThread "Daemon" [_thread_blocked, id=18120, stack(0x00007f3479a84000,0x00007f3479b85000)]
  0x00007f3498d01000 JavaThread "Daemon periodic checks" [_thread_blocked, id=18119, stack(0x00007f3479b85000,0x00007f3479c86000)]
  0x00007f3498ce7800 JavaThread "Incoming local TCP Connector on port 45011" [_thread_in_native, id=18118, stack(0x00007f3479c8d000,0x00007f3479d8e000)]
  0x00007f34980db800 JavaThread "Service Thread" daemon [_thread_blocked, id=18115, stack(0x00007f347ae02000,0x00007f347af03000)]
  0x00007f34980ce800 JavaThread "C1 CompilerThread2" daemon [_thread_blocked, id=18114, stack(0x00007f347af03000,0x00007f347b004000)]
  0x00007f34980cd000 JavaThread "C2 CompilerThread1" daemon [_thread_blocked, id=18113, stack(0x00007f347b004000,0x00007f347b105000)]
  0x00007f34980bf800 JavaThread "C2 CompilerThread0" daemon [_thread_blocked, id=18112, stack(0x00007f347b105000,0x00007f347b206000)]
  0x00007f34980bd800 JavaThread "Signal Dispatcher" daemon [_thread_blocked, id=18111, stack(0x00007f347b206000,0x00007f347b307000)]
  0x00007f3498093800 JavaThread "Finalizer" daemon [_thread_blocked, id=18110, stack(0x00007f347b6f7000,0x00007f347b7f8000)]
  0x00007f349808f000 JavaThread "Reference Handler" daemon [_thread_blocked, id=18109, stack(0x00007f347b7f8000,0x00007f347b8f9000)]
  0x00007f349800a000 JavaThread "main" [_thread_blocked, id=18103, stack(0x00007f349f993000,0x00007f349fa94000)]

Other Threads:
=>0x00007f3498085800 VMThread [stack: 0x00007f347b8f9000,0x00007f347b9fa000] [id=18108]
  0x00007f34980de000 WatcherThread [stack: 0x00007f347ad01000,0x00007f347ae02000] [id=18116]

VM state:at safepoint (normal execution)

VM Mutex/Monitor currently owned by a thread:  ([mutex/lock_event])
[0x00007f3498006310] Threads_lock - owner thread: 0x00007f3498085800
[0x00007f3498006810] Heap_lock - owner thread: 0x00007f341441e800

Heap:
 PSYoungGen      total 321024K, used 6356K [0x00000000e0000000, 0x00000000f5300000, 0x0000000100000000)
  eden space 294912K, 0% used [0x00000000e0000000,0x00000000e0000000,0x00000000f2000000)
  from space 26112K, 24% used [0x00000000f2000000,0x00000000f26350d0,0x00000000f3980000)
  to   space 19456K, 0% used [0x00000000f4000000,0x00000000f4000000,0x00000000f5300000)
 ParOldGen       total 90112K, used 58923K [0x00000000a0000000, 0x00000000a5800000, 0x00000000e0000000)
  object space 90112K, 65% used [0x00000000a0000000,0x00000000a398ae70,0x00000000a5800000)
 Metaspace       used 71088K, capacity 73760K, committed 74112K, reserved 1114112K
  class space    used 8963K, capacity 9546K, committed 9600K, reserved 1048576K

Card table byte_map: [0x00007f3488cff000,0x00007f3489000000] byte_map_base: 0x00007f34887ff000

Marking Bits: (ParMarkBitMap*) 0x00007f349ec913e0
 Begin Bits: [0x00007f3481000000, 0x00007f3482800000)
 End Bits:   [0x00007f3482800000, 0x00007f3484000000)

Polling page: 0x00007f349facb000

CodeCache: size=245760Kb used=40202Kb max_used=40215Kb free=205557Kb
 bounds [0x00007f3489000000, 0x00007f348b780000, 0x00007f3498000000]
 total_blobs=12659 nmethods=11864 adapters=708
 compilation: enabled

Compilation events (10 events):
Event: 110.951 Thread 0x00007f34980bf800 nmethod 14745 0x00007f348b76b6d0 code [0x00007f348b76b820, 0x00007f348b76b9b8]
Event: 110.951 Thread 0x00007f34980bf800 13863       4       com.android.dx.rop.code.BasicBlockList::set (12 bytes)
Event: 110.951 Thread 0x00007f34980ce800 nmethod 14729 0x00007f348b76b250 code [0x00007f348b76b3c0, 0x00007f348b76b590]
Event: 110.951 Thread 0x00007f34980ce800 14750       2       com.android.dx.ssa.DeadCodeRemover::isCircularNoSideEffect (140 bytes)
Event: 110.957 Thread 0x00007f34980ce800 nmethod 14750 0x00007f348b76a3d0 code [0x00007f348b76a5c0, 0x00007f348b76ac48]
Event: 110.959 Thread 0x00007f34980ce800 14749       2       com.android.dx.ssa.DeadCodeRemover::hasSideEffect (11 bytes)
Event: 110.960 Thread 0x00007f34980ce800 nmethod 14749 0x00007f348b76a050 code [0x00007f348b76a1c0, 0x00007f348b76a328]
Event: 110.960 Thread 0x00007f34980ce800 14748   !   2       com.android.dx.dex.file.DexFile::toDex0 (628 bytes)
Event: 110.968 Thread 0x00007f34980bf800 nmethod 13863 0x00007f348b76c410 code [0x00007f348b76c5c0, 0x00007f348b76cc48]
Event: 110.968 Thread 0x00007f34980bf800 14011  s    4       java.util.Vector::removeElementAt (115 bytes)

GC Heap History (10 events):
Event: 38.163 GC heap after
Heap after GC invocations=17 (full 3):
 PSYoungGen      total 204288K, used 12015K [0x00000000e0000000, 0x00000000ee500000, 0x0000000100000000)
  eden space 190464K, 0% used [0x00000000e0000000,0x00000000e0000000,0x00000000eba00000)
  from space 13824K, 86% used [0x00000000ed780000,0x00000000ee33be00,0x00000000ee500000)
  to   space 22016K, 0% used [0x00000000eba00000,0x00000000eba00000,0x00000000ecf80000)
 ParOldGen       total 90112K, used 36496K [0x00000000a0000000, 0x00000000a5800000, 0x00000000e0000000)
  object space 90112K, 40% used [0x00000000a0000000,0x00000000a23a4268,0x00000000a5800000)
 Metaspace       used 59219K, capacity 61228K, committed 61312K, reserved 1101824K
  class space    used 7768K, capacity 8252K, committed 8320K, reserved 1048576K
}
Event: 50.445 GC heap before
{Heap before GC invocations=18 (full 3):
 PSYoungGen      total 204288K, used 201899K [0x00000000e0000000, 0x00000000ee500000, 0x0000000100000000)
  eden space 190464K, 99% used [0x00000000e0000000,0x00000000eb96ef88,0x00000000eba00000)
  from space 13824K, 86% used [0x00000000ed780000,0x00000000ee33be00,0x00000000ee500000)
  to   space 22016K, 0% used [0x00000000eba00000,0x00000000eba00000,0x00000000ecf80000)
 ParOldGen       total 90112K, used 36496K [0x00000000a0000000, 0x00000000a5800000, 0x00000000e0000000)
  object space 90112K, 40% used [0x00000000a0000000,0x00000000a23a4268,0x00000000a5800000)
 Metaspace       used 66048K, capacity 68336K, committed 68480K, reserved 1107968K
  class space    used 8492K, capacity 9030K, committed 9088K, reserved 1048576K
Event: 50.498 GC heap after
Heap after GC invocations=18 (full 3):
 PSYoungGen      total 212480K, used 22011K [0x00000000e0000000, 0x00000000f1600000, 0x0000000100000000)
  eden space 190464K, 0% used [0x00000000e0000000,0x00000000e0000000,0x00000000eba00000)
  from space 22016K, 99% used [0x00000000eba00000,0x00000000ecf7efe8,0x00000000ecf80000)
  to   space 26112K, 0% used [0x00000000efc80000,0x00000000efc80000,0x00000000f1600000)
 ParOldGen       total 90112K, used 38293K [0x00000000a0000000, 0x00000000a5800000, 0x00000000e0000000)
  object space 90112K, 42% used [0x00000000a0000000,0x00000000a2565598,0x00000000a5800000)
 Metaspace       used 66048K, capacity 68336K, committed 68480K, reserved 1107968K
  class space    used 8492K, capacity 9030K, committed 9088K, reserved 1048576K
}
Event: 50.668 GC heap before
{Heap before GC invocations=19 (full 3):
 PSYoungGen      total 212480K, used 211613K [0x00000000e0000000, 0x00000000f1600000, 0x0000000100000000)
  eden space 190464K, 99% used [0x00000000e0000000,0x00000000eb9287e0,0x00000000eba00000)
  from space 22016K, 99% used [0x00000000eba00000,0x00000000ecf7efe8,0x00000000ecf80000)
  to   space 26112K, 0% used [0x00000000efc80000,0x00000000efc80000,0x00000000f1600000)
 ParOldGen       total 90112K, used 38293K [0x00000000a0000000, 0x00000000a5800000, 0x00000000e0000000)
  object space 90112K, 42% used [0x00000000a0000000,0x00000000a2565598,0x00000000a5800000)
 Metaspace       used 66057K, capacity 68336K, committed 68480K, reserved 1107968K
  class space    used 8492K, capacity 9030K, committed 9088K, reserved 1048576K
Event: 50.708 GC heap after
Heap after GC invocations=19 (full 3):
 PSYoungGen      total 257536K, used 18077K [0x00000000e0000000, 0x00000000f4800000, 0x0000000100000000)
  eden space 231424K, 0% used [0x00000000e0000000,0x00000000e0000000,0x00000000ee200000)
  from space 26112K, 69% used [0x00000000efc80000,0x00000000f0e27778,0x00000000f1600000)
  to   space 27136K, 0% used [0x00000000ee200000,0x00000000ee200000,0x00000000efc80000)
 ParOldGen       total 90112K, used 38301K [0x00000000a0000000, 0x00000000a5800000, 0x00000000e0000000)
  object space 90112K, 42% used [0x00000000a0000000,0x00000000a2567598,0x00000000a5800000)
 Metaspace       used 66057K, capacity 68336K, committed 68480K, reserved 1107968K
  class space    used 8492K, capacity 9030K, committed 9088K, reserved 1048576K
}
Event: 61.931 GC heap before
{Heap before GC invocations=20 (full 3):
 PSYoungGen      total 257536K, used 249501K [0x00000000e0000000, 0x00000000f4800000, 0x0000000100000000)
  eden space 231424K, 100% used [0x00000000e0000000,0x00000000ee200000,0x00000000ee200000)
  from space 26112K, 69% used [0x00000000efc80000,0x00000000f0e27778,0x00000000f1600000)
  to   space 27136K, 0% used [0x00000000ee200000,0x00000000ee200000,0x00000000efc80000)
 ParOldGen       total 90112K, used 38301K [0x00000000a0000000, 0x00000000a5800000, 0x00000000e0000000)
  object space 90112K, 42% used [0x00000000a0000000,0x00000000a2567598,0x00000000a5800000)
 Metaspace       used 67018K, capacity 69444K, committed 69632K, reserved 1110016K
  class space    used 8624K, capacity 9192K, committed 9216K, reserved 1048576K
Event: 61.963 GC heap after
Heap after GC invocations=20 (full 3):
 PSYoungGen      total 258560K, used 2257K [0x00000000e0000000, 0x00000000f5a80000, 0x0000000100000000)
  eden space 231424K, 0% used [0x00000000e0000000,0x00000000e0000000,0x00000000ee200000)
  from space 27136K, 8% used [0x00000000ee200000,0x00000000ee434630,0x00000000efc80000)
  to   space 27136K, 0% used [0x00000000f4000000,0x00000000f4000000,0x00000000f5a80000)
 ParOldGen       total 90112K, used 55396K [0x00000000a0000000, 0x00000000a5800000, 0x00000000e0000000)
  object space 90112K, 61% used [0x00000000a0000000,0x00000000a36193d0,0x00000000a5800000)
 Metaspace       used 67018K, capacity 69444K, committed 69632K, reserved 1110016K
  class space    used 8624K, capacity 9192K, committed 9216K, reserved 1048576K
}
Event: 107.689 GC heap before
{Heap before GC invocations=21 (full 3):
 PSYoungGen      total 258560K, used 233681K [0x00000000e0000000, 0x00000000f5a80000, 0x0000000100000000)
  eden space 231424K, 100% used [0x00000000e0000000,0x00000000ee200000,0x00000000ee200000)
  from space 27136K, 8% used [0x00000000ee200000,0x00000000ee434630,0x00000000efc80000)
  to   space 27136K, 0% used [0x00000000f4000000,0x00000000f4000000,0x00000000f5a80000)
 ParOldGen       total 90112K, used 55396K [0x00000000a0000000, 0x00000000a5800000, 0x00000000e0000000)
  object space 90112K, 61% used [0x00000000a0000000,0x00000000a36193d0,0x00000000a5800000)
 Metaspace       used 70040K, capacity 72668K, committed 72832K, reserved 1112064K
  class space    used 8945K, capacity 9546K, committed 9600K, reserved 1048576K
Event: 107.710 GC heap after
Heap after GC invocations=21 (full 3):
 PSYoungGen      total 314368K, used 8622K [0x00000000e0000000, 0x00000000f5300000, 0x0000000100000000)
  eden space 294912K, 0% used [0x00000000e0000000,0x00000000e0000000,0x00000000f2000000)
  from space 19456K, 44% used [0x00000000f4000000,0x00000000f486b8f8,0x00000000f5300000)
  to   space 26112K, 0% used [0x00000000f2000000,0x00000000f2000000,0x00000000f3980000)
 ParOldGen       total 90112K, used 56042K [0x00000000a0000000, 0x00000000a5800000, 0x00000000e0000000)
  object space 90112K, 62% used [0x00000000a0000000,0x00000000a36ba900,0x00000000a5800000)
 Metaspace       used 70040K, capacity 72668K, committed 72832K, reserved 1112064K
  class space    used 8945K, capacity 9546K, committed 9600K, reserved 1048576K
}
Event: 111.355 GC heap before
{Heap before GC invocations=22 (full 3):
 PSYoungGen      total 314368K, used 303534K [0x00000000e0000000, 0x00000000f5300000, 0x0000000100000000)
  eden space 294912K, 100% used [0x00000000e0000000,0x00000000f2000000,0x00000000f2000000)
  from space 19456K, 44% used [0x00000000f4000000,0x00000000f486b8f8,0x00000000f5300000)
  to   space 26112K, 0% used [0x00000000f2000000,0x00000000f2000000,0x00000000f3980000)
 ParOldGen       total 90112K, used 56042K [0x00000000a0000000, 0x00000000a5800000, 0x00000000e0000000)
  object space 90112K, 62% used [0x00000000a0000000,0x00000000a36ba900,0x00000000a5800000)
 Metaspace       used 71088K, capacity 73760K, committed 74112K, reserved 1114112K
  class space    used 8963K, capacity 9546K, committed 9600K, reserved 1048576K

Deoptimization events (10 events):
Event: 110.380 Thread 0x00007f341441d800 Uncommon trap: reason=unstable_if action=reinterpret pc=0x00007f348b501d98 method=com.android.dx.ssa.SCCP.simulateStmt(Lcom/android/dx/ssa/SsaInsn;)V @ 59
Event: 110.380 Thread 0x00007f341441d800 Uncommon trap: reason=bimorphic action=maybe_recompile pc=0x00007f348b664710 method=com.android.dx.ssa.SCCP.setLatticeValueTo(IILcom/android/dx/rop/cst/Constant;)Z @ 43
Event: 110.380 Thread 0x00007f341441d800 Uncommon trap: reason=bimorphic action=maybe_recompile pc=0x00007f348b664710 method=com.android.dx.ssa.SCCP.setLatticeValueTo(IILcom/android/dx/rop/cst/Constant;)Z @ 43
Event: 110.380 Thread 0x00007f341441d800 Uncommon trap: reason=bimorphic action=maybe_recompile pc=0x00007f348b664710 method=com.android.dx.ssa.SCCP.setLatticeValueTo(IILcom/android/dx/rop/cst/Constant;)Z @ 43
Event: 110.381 Thread 0x00007f341441d800 Uncommon trap: reason=bimorphic action=maybe_recompile pc=0x00007f348b664710 method=com.android.dx.ssa.SCCP.setLatticeValueTo(IILcom/android/dx/rop/cst/Constant;)Z @ 43
Event: 110.440 Thread 0x00007f341441d000 Uncommon trap: reason=unstable_if action=reinterpret pc=0x00007f348b5b05d8 method=com.android.dx.ssa.SsaMethod.isRegALocal(Lcom/android/dx/rop/code/RegisterSpec;)Z @ 80
Event: 110.444 Thread 0x00007f341441d000 Uncommon trap: reason=unstable_if action=reinterpret pc=0x00007f348b6a4558 method=com.android.dx.ssa.NormalSsaInsn.getLocalAssignment()Lcom/android/dx/rop/code/RegisterSpec; @ 47
Event: 110.709 Thread 0x00007f341441d000 Uncommon trap: reason=unstable_if action=reinterpret pc=0x00007f348b6ffb30 method=com.android.dx.ssa.SsaRenamer.getLocalForNewReg(I)Lcom/android/dx/rop/code/LocalItem; @ 8
Event: 110.949 Thread 0x00007f341441e800 Uncommon trap: reason=unstable_if action=reinterpret pc=0x00007f348b7700cc method=com.android.dx.ssa.NormalSsaInsn.getLocalAssignment()Lcom/android/dx/rop/code/RegisterSpec; @ 12
Event: 110.949 Thread 0x00007f341441e800 Uncommon trap: reason=unstable_if action=reinterpret pc=0x00007f348b19ffa0 method=com.android.dx.ssa.NormalSsaInsn.getLocalAssignment()Lcom/android/dx/rop/code/RegisterSpec; @ 12

Internal exceptions (10 events):
Event: 108.776 Thread 0x00007f341426d000 Exception <a 'sun/nio/fs/UnixException'> (0x00000000e2c62260) thrown at [/var/tmp/notmpfs/portage/dev-java/icedtea-3.6.0/work/icedtea-3.6.0/openjdk/hotspot/src/share/vm/prims/jni.cpp, line 709]
Event: 109.001 Thread 0x00007f341441e800 Exception <a 'sun/nio/fs/UnixException'> (0x00000000e3d87e50) thrown at [/var/tmp/notmpfs/portage/dev-java/icedtea-3.6.0/work/icedtea-3.6.0/openjdk/hotspot/src/share/vm/prims/jni.cpp, line 709]
Event: 109.150 Thread 0x00007f341441d000 Exception <a 'sun/nio/fs/UnixException'> (0x00000000e4d28400) thrown at [/var/tmp/notmpfs/portage/dev-java/icedtea-3.6.0/work/icedtea-3.6.0/openjdk/hotspot/src/share/vm/prims/jni.cpp, line 709]
Event: 109.543 Thread 0x00007f341441d800 Exception <a 'sun/nio/fs/UnixException'> (0x00000000e7db9660) thrown at [/var/tmp/notmpfs/portage/dev-java/icedtea-3.6.0/work/icedtea-3.6.0/openjdk/hotspot/src/share/vm/prims/jni.cpp, line 709]
Event: 110.065 Thread 0x00007f341426d000 Exception <a 'sun/nio/fs/UnixException'> (0x00000000ec289000) thrown at [/var/tmp/notmpfs/portage/dev-java/icedtea-3.6.0/work/icedtea-3.6.0/openjdk/hotspot/src/share/vm/prims/jni.cpp, line 709]
Event: 110.302 Thread 0x00007f341441e800 Exception <a 'sun/nio/fs/UnixException'> (0x00000000ee2b2150) thrown at [/var/tmp/notmpfs/portage/dev-java/icedtea-3.6.0/work/icedtea-3.6.0/openjdk/hotspot/src/share/vm/prims/jni.cpp, line 709]
Event: 110.326 Thread 0x00007f341441e800 Implicit null exception at 0x00007f348b5aaf2f to 0x00007f348b5ab0fd
Event: 110.353 Thread 0x00007f341441d000 Exception <a 'sun/nio/fs/UnixException'> (0x00000000ee807668) thrown at [/var/tmp/notmpfs/portage/dev-java/icedtea-3.6.0/work/icedtea-3.6.0/openjdk/hotspot/src/share/vm/prims/jni.cpp, line 709]
Event: 110.724 Thread 0x00007f341441d800 Exception <a 'sun/nio/fs/UnixException'> (0x00000000efebf950) thrown at [/var/tmp/notmpfs/portage/dev-java/icedtea-3.6.0/work/icedtea-3.6.0/openjdk/hotspot/src/share/vm/prims/jni.cpp, line 709]
Event: 110.974 Thread 0x00007f341441d000 Exception <a 'sun/nio/fs/UnixException'> (0x00000000f1c32e50) thrown at [/var/tmp/notmpfs/portage/dev-java/icedtea-3.6.0/work/icedtea-3.6.0/openjdk/hotspot/src/share/vm/prims/jni.cpp, line 709]

Events (10 events):
Event: 110.882 Thread 0x00007f341441d000 DEOPT UNPACKING pc=0x00007f3489047373 sp=0x00007f342131cc00 mode 0
Event: 110.949 Thread 0x00007f341441e800 Uncommon trap: trap_request=0xffffff65 fr.pc=0x00007f348b7700cc
Event: 110.949 Thread 0x00007f341441e800 DEOPT PACKING pc=0x00007f348b7700cc sp=0x00007f347947ddc0
Event: 110.949 Thread 0x00007f341441e800 DEOPT UNPACKING pc=0x00007f3489004f69 sp=0x00007f347947dcb8 mode 2
Event: 110.949 Thread 0x00007f341441e800 Uncommon trap: trap_request=0xffffff65 fr.pc=0x00007f348b19ffa0
Event: 110.949 Thread 0x00007f341441e800 DEOPT PACKING pc=0x00007f348b19ffa0 sp=0x00007f347947ddc0
Event: 110.949 Thread 0x00007f341441e800 DEOPT UNPACKING pc=0x00007f3489004f69 sp=0x00007f347947dcb0 mode 2
Event: 110.965 Thread 0x00007f341441d800 DEOPT PACKING pc=0x00007f348b555417 sp=0x00007f3421658ca0
Event: 110.965 Thread 0x00007f341441d800 DEOPT UNPACKING pc=0x00007f3489047373 sp=0x00007f3421658a20 mode 0
Event: 110.988 Executing VM operation: ParallelGCFailedAllocation


Dynamic libraries:
00400000-00401000 r-xp 00000000 08:01 3676352                            /opt/icedtea-bin-3.6.0/bin/java
00600000-00601000 r--p 00000000 08:01 3676352                            /opt/icedtea-bin-3.6.0/bin/java
00601000-00602000 rw-p 00001000 08:01 3676352                            /opt/icedtea-bin-3.6.0/bin/java
01b7d000-01b9e000 rw-p 00000000 00:00 0                                  [heap]
a0000000-a5800000 rw-p 00000000 00:00 0 
a5800000-e0000000 ---p 00000000 00:00 0 
e0000000-f5300000 rw-p 00000000 00:00 0 
f9b00000-100000000 ---p 00000000 00:00 0 
100000000-100960000 rw-p 00000000 00:00 0 
100960000-140000000 ---p 00000000 00:00 0 
7f3400000000-7f3400041000 rw-p 00000000 00:00 0 
7f3400041000-7f3404000000 ---p 00000000 00:00 0 
7f3407c00000-7f3407d00000 rw-p 00000000 00:00 0 
7f3407d00000-7f3407e00000 ---p 00000000 00:00 0 
7f3407e00000-7f3408000000 rw-p 00000000 00:00 0 
7f3408000000-7f34082b5000 rw-p 00000000 00:00 0 
7f34082b5000-7f340c000000 ---p 00000000 00:00 0 
7f340c000000-7f340c1a8000 rw-p 00000000 00:00 0 
7f340c1a8000-7f3410000000 ---p 00000000 00:00 0 
7f3410000000-7f341005e000 rw-p 00000000 00:00 0 
7f341005e000-7f3414000000 ---p 00000000 00:00 0 
7f3414000000-7f3414432000 rw-p 00000000 00:00 0 
7f3414432000-7f3418000000 ---p 00000000 00:00 0 
7f3418000000-7f341806d000 rw-p 00000000 00:00 0 
7f341806d000-7f341c000000 ---p 00000000 00:00 0 
7f341c000000-7f341c07b000 rw-p 00000000 00:00 0 
7f341c07b000-7f3420000000 ---p 00000000 00:00 0 
7f3420117000-7f3420317000 rw-p 00000000 00:00 0 
7f3420317000-7f3420517000 rw-p 00000000 00:00 0 
7f3420517000-7f3420717000 rw-p 00000000 00:00 0 
7f3420717000-7f3420917000 rw-p 00000000 00:00 0 
7f3420917000-7f3420b17000 rw-p 00000000 00:00 0 
7f3420b17000-7f3420b1a000 ---p 00000000 00:00 0 
7f3420b1a000-7f3420c18000 rw-p 00000000 00:00 0 
7f3420c18000-7f3420c1b000 ---p 00000000 00:00 0 
7f3420c1b000-7f3420d19000 rw-p 00000000 00:00 0 
7f3420d19000-7f3420d1c000 ---p 00000000 00:00 0 
7f3420d1c000-7f3420e1a000 rw-p 00000000 00:00 0 
7f3420e1a000-7f3420e1d000 ---p 00000000 00:00 0 
7f3420e1d000-7f3420f1b000 rw-p 00000000 00:00 0 
7f3420f1b000-7f3420f1e000 ---p 00000000 00:00 0 
7f3420f1e000-7f342101c000 rw-p 00000000 00:00 0 
7f342101c000-7f342101f000 ---p 00000000 00:00 0 
7f342101f000-7f342111d000 rw-p 00000000 00:00 0 
7f342111d000-7f3421120000 ---p 00000000 00:00 0 
7f3421120000-7f342121e000 rw-p 00000000 00:00 0 
7f342121e000-7f3421221000 ---p 00000000 00:00 0 
7f3421221000-7f342131f000 rw-p 00000000 00:00 0 
7f342131f000-7f3421322000 ---p 00000000 00:00 0 
7f3421322000-7f3421420000 rw-p 00000000 00:00 0 
7f3421420000-7f3421423000 ---p 00000000 00:00 0 
7f3421423000-7f3421459000 rw-p 00000000 00:00 0 
7f3421459000-7f342145c000 ---p 00000000 00:00 0 
7f342145c000-7f342155a000 rw-p 00000000 00:00 0 
7f342155a000-7f342155d000 ---p 00000000 00:00 0 
7f342155d000-7f342165b000 rw-p 00000000 00:00 0 
7f342165b000-7f342165e000 ---p 00000000 00:00 0 
7f342165e000-7f342175c000 rw-p 00000000 00:00 0 
7f342175c000-7f342175f000 ---p 00000000 00:00 0 
7f342175f000-7f3421a5d000 rw-p 00000000 00:00 0 
7f3421a5d000-7f3421a60000 ---p 00000000 00:00 0 
7f3421a60000-7f3421b5e000 rw-p 00000000 00:00 0 
7f3421b5e000-7f3421b61000 ---p 00000000 00:00 0 
7f3421b61000-7f3421c5f000 rw-p 00000000 00:00 0 
7f3421c5f000-7f3421c62000 ---p 00000000 00:00 0 
7f3421c62000-7f3421d60000 rw-p 00000000 00:00 0 
7f3421d60000-7f3421d63000 ---p 00000000 00:00 0 
7f3421d63000-7f3421e61000 rw-p 00000000 00:00 0 
7f3421e61000-7f3421e64000 ---p 00000000 00:00 0 
7f3421e64000-7f3422162000 rw-p 00000000 00:00 0 
7f3422162000-7f3422362000 rw-p 00000000 00:00 0 
7f3422362000-7f3422562000 rw-p 00000000 00:00 0 
7f3422562000-7f3422762000 rw-p 00000000 00:00 0 
7f3422794000-7f3422797000 ---p 00000000 00:00 0 
7f3422797000-7f34227cd000 rw-p 00000000 00:00 0 
7f34227cd000-7f34227d0000 ---p 00000000 00:00 0 
7f34227d0000-7f3422806000 rw-p 00000000 00:00 0 
7f3422806000-7f3422809000 ---p 00000000 00:00 0 
7f3422809000-7f3422a3f000 rw-p 00000000 00:00 0 
7f3422a3f000-7f3422a52000 r--s 00102000 08:01 3677055                    /opt/icedtea-bin-3.6.0/jre/lib/resources.jar
7f3422a52000-7f3422c52000 rw-p 00000000 00:00 0 
7f3422c52000-7f3422e52000 rw-p 00000000 00:00 0 
7f3422e52000-7f3422e55000 ---p 00000000 00:00 0 
7f3422e55000-7f3423153000 rw-p 00000000 00:00 0 
7f3423153000-7f3423353000 rw-p 00000000 00:00 0 
7f3423353000-7f3423553000 rw-p 00000000 00:00 0 
7f3423553000-7f34235d6000 r--s 00758000 08:01 1586250                    /home/agrein/.gradle/caches/jars-3/b46ab84062ddfd52701cfe0a9718e764/intellij-core-26.0.1.jar
7f34235d6000-7f34236fb000 r--s 00f5d000 08:01 1676381                    /home/agrein/.gradle/caches/jars-3/dfd566a90e18a0aa75879c33e0731ab8/fastutil-7.2.0.jar
7f34236fb000-7f34236fe000 ---p 00000000 00:00 0 
7f34236fe000-7f34237fc000 rw-p 00000000 00:00 0 
7f34237fc000-7f34237ff000 ---p 00000000 00:00 0 
7f34237ff000-7f34238fd000 rw-p 00000000 00:00 0 
7f34238fd000-7f3423900000 ---p 00000000 00:00 0 
7f3423900000-7f34239fe000 rw-p 00000000 00:00 0 
7f34239fe000-7f3423a01000 ---p 00000000 00:00 0 
7f3423a01000-7f3423cff000 rw-p 00000000 00:00 0 
7f3423cff000-7f3423eff000 rw-p 00000000 00:00 0 
7f3423eff000-7f3423f02000 ---p 00000000 00:00 0 
7f3423f02000-7f3424000000 rw-p 00000000 00:00 0 
7f3424000000-7f34240a5000 rw-p 00000000 00:00 0 
7f34240a5000-7f3428000000 ---p 00000000 00:00 0 
7f3428000000-7f34280bc000 rw-p 00000000 00:00 0 
7f34280bc000-7f342c000000 ---p 00000000 00:00 0 
7f342c000000-7f342c4d4000 rw-p 00000000 00:00 0 
7f342c4d4000-7f3430000000 ---p 00000000 00:00 0 
7f3430000000-7f34309d4000 rw-p 00000000 00:00 0 
7f34309d4000-7f3434000000 ---p 00000000 00:00 0 
7f3434000000-7f3434021000 rw-p 00000000 00:00 0 
7f3434021000-7f3438000000 ---p 00000000 00:00 0 
7f3438000000-7f3439c8a000 rw-p 00000000 00:00 0 
7f3439c8a000-7f343c000000 ---p 00000000 00:00 0 
7f343c000000-7f343c021000 rw-p 00000000 00:00 0 
7f343c021000-7f3440000000 ---p 00000000 00:00 0 
7f3440000000-7f3440032000 rw-p 00000000 00:00 0 
7f3440032000-7f3444000000 ---p 00000000 00:00 0 
7f3444000000-7f344406c000 rw-p 00000000 00:00 0 
7f344406c000-7f3448000000 ---p 00000000 00:00 0 
7f3448000000-7f3448021000 rw-p 00000000 00:00 0 
7f3448021000-7f344c000000 ---p 00000000 00:00 0 
7f344c000000-7f344c021000 rw-p 00000000 00:00 0 
7f344c021000-7f3450000000 ---p 00000000 00:00 0 
7f3450000000-7f3450021000 rw-p 00000000 00:00 0 
7f3450021000-7f3454000000 ---p 00000000 00:00 0 
7f3454000000-7f3455f70000 rw-p 00000000 00:00 0 
7f3455f70000-7f3458000000 ---p 00000000 00:00 0 
7f3458000000-7f34590d7000 rw-p 00000000 00:00 0 
7f34590d7000-7f345c000000 ---p 00000000 00:00 0 
7f345c000000-7f345c021000 rw-p 00000000 00:00 0 
7f345c021000-7f3460000000 ---p 00000000 00:00 0 
7f3460000000-7f3461f6d000 rw-p 00000000 00:00 0 
7f3461f6d000-7f3464000000 ---p 00000000 00:00 0 
7f3464000000-7f3464021000 rw-p 00000000 00:00 0 
7f3464021000-7f3468000000 ---p 00000000 00:00 0 
7f3468000000-7f3468021000 rw-p 00000000 00:00 0 
7f3468021000-7f346c000000 ---p 00000000 00:00 0 
7f346c000000-7f346c02b000 rw-p 00000000 00:00 0 
7f346c02b000-7f3470000000 ---p 00000000 00:00 0 
7f3470000000-7f347008a000 rw-p 00000000 00:00 0 
7f347008a000-7f3474000000 ---p 00000000 00:00 0 
7f3474000000-7f347405d000 rw-p 00000000 00:00 0 
7f347405d000-7f3478000000 ---p 00000000 00:00 0 
7f3478008000-7f347800b000 r--s 00018000 08:01 3677032                    /opt/icedtea-bin-3.6.0/jre/lib/jce.jar
7f347800b000-7f3478016000 r--s 00081000 08:01 1676408                    /home/agrein/.gradle/caches/jars-3/fc6e889a0f45cc9752787eb60f920103/trove4j-20160824.jar
7f3478016000-7f347801c000 r--s 00033000 08:01 1676406                    /home/agrein/.gradle/caches/jars-3/f96c897d327ea500d64fe3af2833bd50/commons-codec-1.6.jar
7f347801c000-7f347801e000 r--s 0000d000 08:01 1676405                    /home/agrein/.gradle/caches/jars-3/ccc849edcf9fccd61ed937bf93ffe896/commons-logging-1.1.1.jar
7f347801e000-7f3478024000 r--s 00032000 08:01 1676404                    /home/agrein/.gradle/caches/jars-3/72e344059d1923829968d0d38b0c3c72/httpcore-4.2.5.jar
7f3478024000-7f3478025000 r--s 00004000 08:01 1676403                    /home/agrein/.gradle/caches/jars-3/3a4299d1ce3e273e7c03a9ccf5a1e333/annotations-12.0.jar
7f3478025000-7f3478026000 r--s 00000000 08:01 1676402                    /home/agrein/.gradle/caches/jars-3/0e2fbc3b8c56d2975eca90c524790c13/animal-sniffer-annotations-1.14.jar
7f3478026000-7f3478028000 r--s 00001000 08:01 1676401                    /home/agrein/.gradle/caches/jars-3/ad41f8f3ac67c0323ce9eb1c20c8dc3f/j2objc-annotations-1.1.jar
7f3478028000-7f3478029000 r--s 00002000 08:01 1676400                    /home/agrein/.gradle/caches/jars-3/9edb0f46b907c34c4718edabde6c791c/error_prone_annotations-2.0.18.jar
7f3478029000-7f347802c000 r--s 00006000 08:01 1676399                    /home/agrein/.gradle/caches/jars-3/b58a9bc3bbba42132e4abc0bacae8da1/jsr305-1.3.9.jar
7f347802c000-7f347802d000 r--s 0000a000 08:01 1676398                    /home/agrein/.gradle/caches/jars-3/5b8b36ed61fe92731031cca3c9b3a0b3/kxml2-2.3.0.jar
7f347802d000-7f347802f000 r--s 00005000 08:01 1676397                    /home/agrein/.gradle/caches/jars-3/f10e1e1978816198f2eb1189c974b440/httpmime-4.1.jar
7f347802f000-7f3478039000 r--s 00061000 08:01 1676396                    /home/agrein/.gradle/caches/jars-3/bc4b2527f35dc983f759e8f85f3f8d52/httpclient-4.2.6.jar
7f3478039000-7f3478042000 r--s 00064000 08:01 1676395                    /home/agrein/.gradle/caches/jars-3/fc37c717528c2a0d27f3e3621835f781/commons-compress-1.12.jar
7f3478042000-7f3478047000 r--s 0002e000 08:01 1676394                    /home/agrein/.gradle/caches/jars-3/c5bcda7f6f4809e9c92270f99e51f154/gson-2.3.jar
7f3478047000-7f3478057000 r--s 000d6000 08:01 1676393                    /home/agrein/.gradle/caches/jars-3/dbdb8caed2514263a34702cc763c6785/proguard-base-5.3.3.jar
7f3478057000-7f3478059000 r--s 00003000 08:01 1676392                    /home/agrein/.gradle/caches/jars-3/01ab8600ebbfdcaf9b89b45c2b992e82/annotations-13.0.jar
7f3478059000-7f347805a000 r--s 00001000 08:01 1586249                    /home/agrein/.gradle/caches/jars-3/dccac9b7f67766e57200b1770178f61c/annotations-26.0.1.jar
7f347805a000-7f347805d000 r--s 00033000 08:01 1676390                    /home/agrein/.gradle/caches/jars-3/0ce03714647bf7bd3c78634c20ddbf38/juniversalchardet-1.0.3.jar
7f347805d000-7f3478061000 r--s 0002a000 08:01 1676389                    /home/agrein/.gradle/caches/jars-3/9849af6d4b0409ba64061601342f385d/commons-io-2.4.jar
7f3478061000-7f3478078000 r--s 00154000 08:01 1676388                    /home/agrein/.gradle/caches/jars-3/57adf9abd30c921d4ea1dfdcfe7b9efd/antlr4-4.5.3.jar
7f3478078000-7f3478079000 r--s 00003000 08:01 1586248                    /home/agrein/.gradle/caches/jars-3/54a15dd332fd4c2e246ad396835dc0d2/baseLibrary-3.0.1.jar
7f3478079000-7f34780a9000 r--s 00245000 08:01 1676386                    /home/agrein/.gradle/caches/jars-3/8e27cdebb49ba2f804f9403d90aaaac5/guava-22.0.jar
7f34780a9000-7f34780bc000 r--s 00241000 08:01 1676383                    /home/agrein/.gradle/caches/jars-3/d8dc71eb6d91c966c45f7b594129e14a/ecj-4.6.1.jar
7f34780bc000-7f34782bc000 rw-p 00000000 00:00 0 
7f34782bc000-7f34784bc000 rw-p 00000000 00:00 0 
7f34784bc000-7f34786bc000 rw-p 00000000 00:00 0 
7f34786bc000-7f34787d7000 r--s 02008000 08:01 1577293                    /home/agrein/.gradle/caches/jars-3/9955734f77abc673a38c7cd4c0214af5/android.jar
7f34787d7000-7f3478819000 r--s 00220000 08:01 1676237                    /home/agrein/.gradle/caches/jars-3/929747bc6b973b44297e9c57df71598d/gradle-core-3.5.jar
7f3478819000-7f3478822000 r--s 00047000 08:01 1676236                    /home/agrein/.gradle/caches/jars-3/11d06a5dce89fe5632250b7df00a3d57/gradle-base-services-3.5.jar
7f3478822000-7f347884a000 r--s 001cf000 08:01 1676235                    /home/agrein/.gradle/caches/jars-3/566e7e0f530f75a42eba4833ef84d88c/guava-jdk5-17.0.jar
7f347884a000-7f3478858000 r--s 00043000 08:01 1676234                    /home/agrein/.gradle/caches/jars-3/c0d1da18a547ef3a2ba66d3068ae6e09/gradle-tooling-api-3.5.jar
7f3478858000-7f3478860000 r--s 000a8000 08:01 1676385                    /home/agrein/.gradle/caches/jars-3/6cc57ce9ec0d90186f781694264d61bc/lombok-ast-0.2.3.jar
7f3478860000-7f3478864000 r--s 0002f000 08:01 1676384                    /home/agrein/.gradle/caches/jars-3/505fcc8c47da308b2f1262f0ff3c65f1/jimfs-1.1.jar
7f3478864000-7f3478865000 r--s 00003000 08:01 1676382                    /home/agrein/.gradle/caches/jars-3/fdb8f5ebd6a086c4818336712b830716/json-simple-1.1.jar
7f3478865000-7f34788b0000 r--s 002ff000 08:01 1676380                    /home/agrein/.gradle/caches/jars-3/d3d44e9a7fcb4a86fb40775c385dd3d0/bcprov-jdk15on-1.56.jar
7f34788b0000-7f34788c1000 r--s 00097000 08:01 1676379                    /home/agrein/.gradle/caches/jars-3/59ebb77d99c5ca0e24bb23272e0329dd/bcpkix-jdk15on-1.56.jar
7f34788c1000-7f34788c3000 r--s 00002000 08:01 1676378                    /home/agrein/.gradle/caches/jars-3/f268e5e8fc83bb846ac355d6a16b1f30/javawriter-2.5.0.jar
7f34788c3000-7f34788c8000 r--s 0003b000 08:01 1586247                    /home/agrein/.gradle/caches/jars-3/91bf67441f6ac57ccbb374f99f9ed0fc/apksig-3.0.1.jar
7f34788c8000-7f34788cb000 r--s 00024000 08:01 1586246                    /home/agrein/.gradle/caches/jars-3/04183dcd1bde85515b23d1bbd46ea9bc/common-26.0.1.jar
7f34788cb000-7f34788cd000 r--s 00006000 08:01 1586245                    /home/agrein/.gradle/caches/jars-3/a0ea702af2bdb16dfa1a50969b155dea/dvlib-26.0.1.jar
7f34788cd000-7f34788d0000 r--s 00014000 08:01 1586244                    /home/agrein/.gradle/caches/jars-3/6abb718b4b844aa0386163f0c2f6eb72/layoutlib-api-26.0.1.jar
7f34788d0000-7f34788d5000 r--s 0004d000 08:01 1586243                    /home/agrein/.gradle/caches/jars-3/65a80584522712b8832b7c1c03186c4b/ddmlib-26.0.1.jar
7f34788d5000-7f34788d6000 r--s 00003000 08:01 1586242                    /home/agrein/.gradle/caches/jars-3/af01854c900e4906a368ef59064a245d/builder-test-api-3.0.1.jar
7f34788d6000-7f34788d9000 r--s 00007000 08:01 1586241                    /home/agrein/.gradle/caches/jars-3/124ec36ab4edce0919b54d1123daa364/builder-model-3.0.1.jar
7f34788d9000-7f34788e8000 r--s 00130000 08:01 1676370                    /home/agrein/.gradle/caches/jars-3/72ba1443c6adcea1f6ba21e12f0bb0fc/protobuf-java-3.0.0.jar
7f34788e8000-7f34788fb000 r--s 001a8000 08:01 1586240                    /home/agrein/.gradle/caches/jars-3/a1cbdfb97e256e71fcbd29dc4584a785/protos-26.0.1.jar
7f34788fb000-7f34788fc000 r--s 00005000 08:01 1586239                    /home/agrein/.gradle/caches/jars-3/ca5180624b528b15325a5d002dbfbb6d/shared-26.0.1.jar
7f34788fc000-7f34788fe000 r--s 00004000 08:01 1586238                    /home/agrein/.gradle/caches/jars-3/07f12c2b6f66ca8d4d6bd02e9c9b060a/tracker-26.0.1.jar
7f34788fe000-7f3478900000 r--s 00002000 08:01 1676366                    /home/agrein/.gradle/caches/jars-3/e91624d2ed1c3b55eec9fd768ed13c1d/proguard-gradle-5.3.3.jar
7f3478900000-7f3478904000 r--s 0001e000 08:01 1676364                    /home/agrein/.gradle/caches/jars-3/0d3e95aba631209a078aeec58a76633d/org.jacoco.core-0.7.4.201502262128.jar
7f3478904000-7f3478907000 r--s 00020000 08:01 1676363                    /home/agrein/.gradle/caches/jars-3/c72fc284d34f39eab57a4e3ba83405e9/org.jacoco.report-0.7.4.201502262128.jar
7f3478907000-7f3478916000 r--s 000c8000 08:01 1676356                    /home/agrein/.gradle/caches/jars-3/af931fae44e009148423077fa09abbd1/kotlin-stdlib-1.1.3-2.jar
7f3478916000-7f3478948000 r--s 0021b000 08:01 1676355                    /home/agrein/.gradle/caches/jars-3/24b2127528a18b338af82ff7ea236d45/kotlin-reflect-1.1.3-2.jar
7f3478948000-7f347894f000 r--s 0002a000 08:01 1676239                    /home/agrein/.gradle/caches/jars-3/fff47aec37b967e571b648d1fc9c6db6/gradle-messaging-3.5.jar
7f347894f000-7f3478954000 r--s 00041000 08:01 1676238                    /home/agrein/.gradle/caches/jars-3/c0502f5c2cf6dfd52d250e1b7d027d24/commons-lang-2.6.jar
7f3478954000-7f3478956000 r--s 0000f000 08:01 1676365                    /home/agrein/.gradle/caches/jars-3/96760c32d36a5d7066e3ccf088bfd362/jopt-simple-4.9.jar
7f3478956000-7f3478958000 r--s 0000c000 08:01 1676362                    /home/agrein/.gradle/caches/jars-3/9b0a36633c92c6e87e62c81734593183/asm-5.1.jar
7f3478958000-7f347895a000 r--s 00006000 08:01 1676361                    /home/agrein/.gradle/caches/jars-3/50c8a7da333c41693b2b7ce95b6d9d89/asm-tree-5.1.jar
7f347895a000-7f347895b000 r--s 0000a000 08:01 1676360                    /home/agrein/.gradle/caches/jars-3/c4f1f1d5a624f981d35a78d181e2c418/asm-util-5.1.jar
7f347895b000-7f347895d000 r--s 0000a000 08:01 1676359                    /home/agrein/.gradle/caches/jars-3/d37aa405961c464c627b1efe5def81b8/asm-commons-5.1.jar
7f347895d000-7f347895e000 r--s 00004000 08:01 1676358                    /home/agrein/.gradle/caches/jars-3/2b2689d10a4425b1cb2d0654db2ea088/asm-analysis-5.1.jar
7f347895e000-7f347895f000 r--s 00000000 08:01 1676357                    /home/agrein/.gradle/caches/jars-3/5206138fb8a6b2ffbd31e140916c2100/transform-api-2.0.0-deprecated-use-gradle-api.jar
7f347895f000-7f3478965000 r--s 00030000 08:01 1586237                    /home/agrein/.gradle/caches/jars-3/90ec49f8b88710e2876aefe447609abb/repository-26.0.1.jar
7f3478965000-7f3478970000 r--s 0009b000 08:01 1586236                    /home/agrein/.gradle/caches/jars-3/af771564c510a1c104220a8be892ab2d/sdklib-26.0.1.jar
7f3478970000-7f347897f000 r--s 000da000 08:01 1586235                    /home/agrein/.gradle/caches/jars-3/50767da85151ce151711c301f4a0623c/sdk-common-26.0.1.jar
7f347897f000-7f3478983000 r--s 00023000 08:01 1586234                    /home/agrein/.gradle/caches/jars-3/186e268c3a12c0a405d658dabf9d64d2/manifest-merger-26.0.1.jar
7f3478983000-7f3478987000 r--s 0002e000 08:01 1586233                    /home/agrein/.gradle/caches/jars-3/c519ce7b2f3637e909703f541c08c445/compilerCommon-3.0.1.jar
7f3478987000-7f3478989000 r--s 00003000 08:01 1586232                    /home/agrein/.gradle/caches/jars-3/34cfdbf6cad3f54cc2f45521bf0374e7/gradle-api-3.0.1.jar
7f3478989000-7f3478998000 r--s 000cb000 08:01 1586231                    /home/agrein/.gradle/caches/jars-3/e5c09abb4b0acf0785ecd8a8015ab959/uast-26.0.1.jar
7f3478998000-7f347899f000 r--s 0007f000 08:01 1586230                    /home/agrein/.gradle/caches/jars-3/b1f5a73634581e955e7f89376aea2d48/lint-api-26.0.1.jar
7f347899f000-7f34789a8000 r--s 000ff000 08:01 1586229                    /home/agrein/.gradle/caches/jars-3/75e696a5531ca85e1fe447df83f74bd2/lint-checks-26.0.1.jar
7f34789a8000-7f34789ab000 r--s 00039000 08:01 1586228                    /home/agrein/.gradle/caches/jars-3/7fa6c4fcdd1d81db4cc9c7439ce29486/lint-26.0.1.jar
7f34789ab000-7f34789db000 r--s 01983000 08:01 1586227                    /home/agrein/.gradle/caches/jars-3/add7f1627b730db059119a8274a10c21/builder-3.0.1.jar
7f34789db000-7f34789fe000 r--s 0020b000 08:01 1586226                    /home/agrein/.gradle/caches/jars-3/4adae2b762c8552c6e3aa2ded1493e4b/gradle-core-3.0.1.jar
7f34789fe000-7f3478a00000 r--s 0000a000 08:01 3560164                    /home/agrein/.gradle/caches/modules-2/files-2.1/com.google.gms/google-services/3.2.0/202fd26a10eb8426e49bd1bdbb1ab093ea30bd76/google-services-3.2.0.jar
7f3478a00000-7f3478a02000 r--s 0000f000 08:01 1586225                    /home/agrein/.gradle/caches/jars-3/afd86a0d8507fd7f2e97461eaf9e4416/gradle-3.0.1.jar
7f3478a02000-7f3478c02000 rw-p 00000000 00:00 0 
7f3478c02000-7f3478e02000 rw-p 00000000 00:00 0 
7f3478e02000-7f3478e7c000 r--s 007bd000 08:01 3687703                    /opt/icedtea-bin-3.6.0/lib/tools.jar
7f3478e7c000-7f3478e7f000 ---p 00000000 00:00 0 
7f3478e7f000-7f3478f7d000 rw-p 00000000 00:00 0 
7f3478f7d000-7f3478f80000 ---p 00000000 00:00 0 
7f3478f80000-7f347907e000 rw-p 00000000 00:00 0 
7f347907e000-7f3479081000 ---p 00000000 00:00 0 
7f3479081000-7f347937f000 rw-p 00000000 00:00 0 
7f347937f000-7f3479382000 ---p 00000000 00:00 0 
7f3479382000-7f3479480000 rw-p 00000000 00:00 0 
7f3479480000-7f3479483000 ---p 00000000 00:00 0 
7f3479483000-7f3479581000 rw-p 00000000 00:00 0 
7f3479581000-7f3479584000 ---p 00000000 00:00 0 
7f3479584000-7f3479682000 rw-p 00000000 00:00 0 
7f3479682000-7f3479685000 ---p 00000000 00:00 0 
7f3479685000-7f3479983000 rw-p 00000000 00:00 0 
7f3479983000-7f3479986000 ---p 00000000 00:00 0 
7f3479986000-7f3479a84000 rw-p 00000000 00:00 0 
7f3479a84000-7f3479a87000 ---p 00000000 00:00 0 
7f3479a87000-7f3479b85000 rw-p 00000000 00:00 0 
7f3479b85000-7f3479b88000 ---p 00000000 00:00 0 
7f3479b88000-7f3479c86000 rw-p 00000000 00:00 0 
7f3479c86000-7f3479c8d000 r--s 00000000 08:01 1584898                    /usr/lib64/gconv/gconv-modules.cache
7f3479c8d000-7f3479c90000 ---p 00000000 00:00 0 
7f3479c90000-7f3479d8e000 rw-p 00000000 00:00 0 
7f3479d8e000-7f3479d92000 r--s 00055000 08:01 3677030                    /opt/icedtea-bin-3.6.0/jre/lib/jsse.jar
7f3479d92000-7f3479f92000 rw-p 00000000 00:00 0 
7f3479f92000-7f3479f9a000 r-xp 00000000 08:01 3680482                    /opt/icedtea-bin-3.6.0/jre/lib/amd64/libmanagement.so
7f3479f9a000-7f347a199000 ---p 00008000 08:01 3680482                    /opt/icedtea-bin-3.6.0/jre/lib/amd64/libmanagement.so
7f347a199000-7f347a19a000 r--p 00007000 08:01 3680482                    /opt/icedtea-bin-3.6.0/jre/lib/amd64/libmanagement.so
7f347a19a000-7f347a19b000 rw-p 00008000 08:01 3680482                    /opt/icedtea-bin-3.6.0/jre/lib/amd64/libmanagement.so
7f347a19b000-7f347a19d000 r--s 00007000 08:01 1662369                    /home/agrein/.gradle/wrapper/dists/gradle-4.1-all/bzyivzo6n839fup2jbap0tjew/gradle-4.1/lib/plugins/gradle-tooling-api-builders-4.1.jar
7f347a19d000-7f347a1a0000 r--s 00009000 08:01 1662379                    /home/agrein/.gradle/wrapper/dists/gradle-4.1-all/bzyivzo6n839fup2jbap0tjew/gradle-4.1/lib/plugins/gradle-testing-native-4.1.jar
7f347a1a0000-7f347a1a2000 r--s 00009000 08:01 1662452                    /home/agrein/.gradle/wrapper/dists/gradle-4.1-all/bzyivzo6n839fup2jbap0tjew/gradle-4.1/lib/plugins/hamcrest-core-1.3.jar
7f347a1a2000-7f347a1a7000 r--s 00040000 08:01 1662447                    /home/agrein/.gradle/wrapper/dists/gradle-4.1-all/bzyivzo6n839fup2jbap0tjew/gradle-4.1/lib/plugins/bsh-2.0b4.jar
7f347a1a7000-7f347a1a9000 r--s 00006000 08:01 1662448                    /home/agrein/.gradle/wrapper/dists/gradle-4.1-all/bzyivzo6n839fup2jbap0tjew/gradle-4.1/lib/plugins/jcommander-1.12.jar
7f347a1a9000-7f347a1af000 r--s 00033000 08:01 1662449                    /home/agrein/.gradle/wrapper/dists/gradle-4.1-all/bzyivzo6n839fup2jbap0tjew/gradle-4.1/lib/plugins/snakeyaml-1.6.jar
7f347a1af000-7f347a1b8000 r--s 00089000 08:01 1662407                    /home/agrein/.gradle/wrapper/dists/gradle-4.1-all/bzyivzo6n839fup2jbap0tjew/gradle-4.1/lib/plugins/testng-6.3.1.jar
7f347a1b8000-7f347a1c0000 r--s 00045000 08:01 1662408                    /home/agrein/.gradle/wrapper/dists/gradle-4.1-all/bzyivzo6n839fup2jbap0tjew/gradle-4.1/lib/plugins/junit-4.12.jar
7f347a1c0000-7f347a1c6000 r--s 0002e000 08:01 1662375                    /home/agrein/.gradle/wrapper/dists/gradle-4.1-all/bzyivzo6n839fup2jbap0tjew/gradle-4.1/lib/plugins/gradle-testing-jvm-4.1.jar
7f347a1c6000-7f347a1ca000 r--s 00017000 08:01 1662383                    /home/agrein/.gradle/wrapper/dists/gradle-4.1-all/bzyivzo6n839fup2jbap0tjew/gradle-4.1/lib/plugins/gradle-testing-base-4.1.jar
7f347a1ca000-7f347a1d1000 r--s 00038000 08:01 1662403                    /home/agrein/.gradle/wrapper/dists/gradle-4.1-all/bzyivzo6n839fup2jbap0tjew/gradle-4.1/lib/plugins/bcpg-jdk15on-1.51.jar
7f347a1d1000-7f347a1d3000 r--s 0000c000 08:01 1662354                    /home/agrein/.gradle/wrapper/dists/gradle-4.1-all/bzyivzo6n839fup2jbap0tjew/gradle-4.1/lib/plugins/gradle-signing-4.1.jar
7f347a1d3000-7f347a1d5000 r--s 00007000 08:01 1662360                    /home/agrein/.gradle/wrapper/dists/gradle-4.1-all/bzyivzo6n839fup2jbap0tjew/gradle-4.1/lib/plugins/gradle-scala-4.1.jar
7f347a1d5000-7f347a1d6000 r--s 00004000 08:01 1662391                    /home/agrein/.gradle/wrapper/dists/gradle-4.1-all/bzyivzo6n839fup2jbap0tjew/gradle-4.1/lib/plugins/gradle-resources-sftp-4.1.jar
7f347a1d6000-7f347a1e6000 r--s 00088000 08:01 1662420                    /home/agrein/.gradle/wrapper/dists/gradle-4.1-all/bzyivzo6n839fup2jbap0tjew/gradle-4.1/lib/plugins/joda-time-2.8.2.jar
7f347a1e6000-7f347a1f7000 r--s 0010d000 08:01 1662419                    /home/agrein/.gradle/wrapper/dists/gradle-4.1-all/bzyivzo6n839fup2jbap0tjew/gradle-4.1/lib/plugins/jackson-databind-2.6.6.jar
7f347a1f7000-7f347a1fa000 r--s 00009000 08:01 1662418                    /home/agrein/.gradle/wrapper/dists/gradle-4.1-all/bzyivzo6n839fup2jbap0tjew/gradle-4.1/lib/plugins/jackson-annotations-2.6.6.jar
7f347a1fa000-7f347a1fe000 r--s 0003c000 08:01 1662417                    /home/agrein/.gradle/wrapper/dists/gradle-4.1-all/bzyivzo6n839fup2jbap0tjew/gradle-4.1/lib/plugins/jackson-core-2.6.6.jar
7f347a1fe000-7f347a20c000 r--s 00087000 08:01 1662416                    /home/agrein/.gradle/wrapper/dists/gradle-4.1-all/bzyivzo6n839fup2jbap0tjew/gradle-4.1/lib/plugins/aws-java-sdk-core-1.11.6.jar
7f347a20c000-7f347a213000 r--s 00057000 08:01 1662415                    /home/agrein/.gradle/wrapper/dists/gradle-4.1-all/bzyivzo6n839fup2jbap0tjew/gradle-4.1/lib/plugins/aws-java-sdk-kms-1.11.6.jar
7f347a213000-7f347a220000 r--s 0008e000 08:01 1662414                    /home/agrein/.gradle/wrapper/dists/gradle-4.1-all/bzyivzo6n839fup2jbap0tjew/gradle-4.1/lib/plugins/aws-java-sdk-s3-1.11.6.jar
7f347a220000-7f347a222000 r--s 00004000 08:01 1662388                    /home/agrein/.gradle/wrapper/dists/gradle-4.1-all/bzyivzo6n839fup2jbap0tjew/gradle-4.1/lib/plugins/gradle-resources-s3-4.1.jar
7f347a222000-7f347a224000 r--s 00010000 08:01 1662384                    /home/agrein/.gradle/wrapper/dists/gradle-4.1-all/bzyivzo6n839fup2jbap0tjew/gradle-4.1/lib/plugins/gradle-reporting-4.1.jar
7f347a224000-7f347a226000 r--s 00002000 08:01 1662385                    /home/agrein/.gradle/wrapper/dists/gradle-4.1-all/bzyivzo6n839fup2jbap0tjew/gradle-4.1/lib/plugins/gradle-publish-4.1.jar
7f347a226000-7f347a228000 r--s 00009000 08:01 1662396                    /home/agrein/.gradle/wrapper/dists/gradle-4.1-all/bzyivzo6n839fup2jbap0tjew/gradle-4.1/lib/plugins/commons-cli-1.2.jar
7f347a228000-7f347a22e000 r--s 00036000 08:01 1662368                    /home/agrein/.gradle/wrapper/dists/gradle-4.1-all/bzyivzo6n839fup2jbap0tjew/gradle-4.1/lib/plugins/gradle-plugins-4.1.jar
7f347a22e000-7f347a230000 r--s 00009000 08:01 1662355                    /home/agrein/.gradle/wrapper/dists/gradle-4.1-all/bzyivzo6n839fup2jbap0tjew/gradle-4.1/lib/plugins/gradle-plugin-development-4.1.jar
7f347a230000-7f347a236000 r--s 0002b000 08:01 1662363                    /home/agrein/.gradle/wrapper/dists/gradle-4.1-all/bzyivzo6n839fup2jbap0tjew/gradle-4.1/lib/plugins/gradle-platform-play-4.1.jar
7f347a236000-7f347a245000 r--s 0005b000 08:01 1662381                    /home/agrein/.gradle/wrapper/dists/gradle-4.1-all/bzyivzo6n839fup2jbap0tjew/gradle-4.1/lib/plugins/gradle-platform-native-4.1.jar
7f347a245000-7f347a249000 r--s 0001b000 08:01 1662378                    /home/agrein/.gradle/wrapper/dists/gradle-4.1-all/bzyivzo6n839fup2jbap0tjew/gradle-4.1/lib/plugins/gradle-platform-jvm-4.1.jar
7f347a249000-7f347a251000 r--s 00027000 08:01 1662386                    /home/agrein/.gradle/wrapper/dists/gradle-4.1-all/bzyivzo6n839fup2jbap0tjew/gradle-4.1/lib/plugins/gradle-platform-base-4.1.jar
7f347a251000-7f347a279000 r--s 0021c000 08:01 1662397                    /home/agrein/.gradle/wrapper/dists/gradle-4.1-all/bzyivzo6n839fup2jbap0tjew/gradle-4.1/lib/plugins/biz.aQute.bndlib-3.2.0.jar
7f347a279000-7f347a27a000 r--s 00004000 08:01 1662353                    /home/agrein/.gradle/wrapper/dists/gradle-4.1-all/bzyivzo6n839fup2jbap0tjew/gradle-4.1/lib/plugins/gradle-osgi-4.1.jar
7f347a27a000-7f347a27d000 r--s 0000c000 08:01 1662400                    /home/agrein/.gradle/wrapper/dists/gradle-4.1-all/bzyivzo6n839fup2jbap0tjew/gradle-4.1/lib/plugins/pmaven-groovy-0.8-20100325.jar
7f347a27d000-7f347a27e000 r--s 00004000 08:01 1662399                    /home/agrein/.gradle/wrapper/dists/gradle-4.1-all/bzyivzo6n839fup2jbap0tjew/gradle-4.1/lib/plugins/pmaven-common-0.8-20100325.jar
7f347a27e000-7f347a284000 r--s 00023000 08:01 1662356                    /home/agrein/.gradle/wrapper/dists/gradle-4.1-all/bzyivzo6n839fup2jbap0tjew/gradle-4.1/lib/plugins/gradle-maven-4.1.jar
7f347a284000-7f347a287000 r--s 0000b000 08:01 1662374                    /home/agrein/.gradle/wrapper/dists/gradle-4.1-all/bzyivzo6n839fup2jbap0tjew/gradle-4.1/lib/plugins/gradle-language-scala-4.1.jar
7f347a287000-7f347a28e000 r--s 00020000 08:01 1662380                    /home/agrein/.gradle/wrapper/dists/gradle-4.1-all/bzyivzo6n839fup2jbap0tjew/gradle-4.1/lib/plugins/gradle-language-native-4.1.jar
7f347a28e000-7f347a290000 r--s 00005000 08:01 1662377                    /home/agrein/.gradle/wrapper/dists/gradle-4.1-all/bzyivzo6n839fup2jbap0tjew/gradle-4.1/lib/plugins/gradle-language-jvm-4.1.jar
7f347a290000-7f347a297000 r--s 0002f000 08:01 1662376                    /home/agrein/.gradle/wrapper/dists/gradle-4.1-all/bzyivzo6n839fup2jbap0tjew/gradle-4.1/lib/plugins/gradle-language-java-4.1.jar
7f347a297000-7f347a29a000 r--s 0000a000 08:01 1662373                    /home/agrein/.gradle/wrapper/dists/gradle-4.1-all/bzyivzo6n839fup2jbap0tjew/gradle-4.1/lib/plugins/gradle-language-groovy-4.1.jar
7f347a29a000-7f347a2a1000 r--s 00035000 08:01 1662406                    /home/agrein/.gradle/wrapper/dists/gradle-4.1-all/bzyivzo6n839fup2jbap0tjew/gradle-4.1/lib/plugins/simple-4.1.21.jar
7f347a2a1000-7f347a2ad000 r--s 00100000 08:01 1662404                    /home/agrein/.gradle/wrapper/dists/gradle-4.1-all/bzyivzo6n839fup2jbap0tjew/gradle-4.1/lib/plugins/rhino-1.7R3.jar
7f347a2ad000-7f347a2b1000 r--s 00012000 08:01 1662364                    /home/agrein/.gradle/wrapper/dists/gradle-4.1-all/bzyivzo6n839fup2jbap0tjew/gradle-4.1/lib/plugins/gradle-javascript-4.1.jar
7f347a2b1000-7f347a2b4000 r--s 00011000 08:01 1662366                    /home/agrein/.gradle/wrapper/dists/gradle-4.1-all/bzyivzo6n839fup2jbap0tjew/gradle-4.1/lib/plugins/gradle-jacoco-4.1.jar
7f347a2b4000-7f347a2b7000 r--s 0000e000 08:01 1662365                    /home/agrein/.gradle/wrapper/dists/gradle-4.1-all/bzyivzo6n839fup2jbap0tjew/gradle-4.1/lib/plugins/gradle-ivy-4.1.jar
7f347a2b7000-7f347a2b8000 r--s 00002000 08:01 1662357                    /home/agrein/.gradle/wrapper/dists/gradle-4.1-all/bzyivzo6n839fup2jbap0tjew/gradle-4.1/lib/plugins/gradle-ide-play-4.1.jar
7f347a2b8000-7f347a2bb000 r--s 00013000 08:01 1662358                    /home/agrein/.gradle/wrapper/dists/gradle-4.1-all/bzyivzo6n839fup2jbap0tjew/gradle-4.1/lib/plugins/gradle-ide-native-4.1.jar
7f347a2bb000-7f347a2c5000 r--s 00054000 08:01 1662359                    /home/agrein/.gradle/wrapper/dists/gradle-4.1-all/bzyivzo6n839fup2jbap0tjew/gradle-4.1/lib/plugins/gradle-ide-4.1.jar
7f347a2c5000-7f347a2c7000 r--s 00007000 08:01 1662362                    /home/agrein/.gradle/wrapper/dists/gradle-4.1-all/bzyivzo6n839fup2jbap0tjew/gradle-4.1/lib/plugins/gradle-ear-4.1.jar
7f347a2c7000-7f347a2c9000 r--s 00005000 08:01 1662394                    /home/agrein/.gradle/wrapper/dists/gradle-4.1-all/bzyivzo6n839fup2jbap0tjew/gradle-4.1/lib/plugins/jatl-0.2.2.jar
7f347a2c9000-7f347a2d0000 r--s 00038000 08:01 1662382                    /home/agrein/.gradle/wrapper/dists/gradle-4.1-all/bzyivzo6n839fup2jbap0tjew/gradle-4.1/lib/plugins/gradle-diagnostics-4.1.jar
7f347a2d0000-7f347a2d2000 r--s 0000b000 08:01 1662371                    /home/agrein/.gradle/wrapper/dists/gradle-4.1-all/bzyivzo6n839fup2jbap0tjew/gradle-4.1/lib/plugins/gradle-composite-builds-4.1.jar
7f347a2d2000-7f347a2d7000 r--s 00025000 08:01 1662351                    /home/agrein/.gradle/wrapper/dists/gradle-4.1-all/bzyivzo6n839fup2jbap0tjew/gradle-4.1/lib/plugins/gradle-code-quality-4.1.jar
7f347a2d7000-7f347a2dc000 r--s 00022000 08:01 1662367                    /home/agrein/.gradle/wrapper/dists/gradle-4.1-all/bzyivzo6n839fup2jbap0tjew/gradle-4.1/lib/plugins/gradle-build-init-4.1.jar
7f347a2dc000-7f347a2e2000 r--s 0008e000 08:01 1662361                    /home/agrein/.gradle/wrapper/dists/gradle-4.1-all/bzyivzo6n839fup2jbap0tjew/gradle-4.1/lib/plugins/gradle-build-comparison-4.1.jar
7f347a2e2000-7f347a2e3000 r--s 00002000 08:01 1662389                    /home/agrein/.gradle/wrapper/dists/gradle-4.1-all/bzyivzo6n839fup2jbap0tjew/gradle-4.1/lib/plugins/gradle-build-cache-http-4.1.jar
7f347a2e3000-7f347a2e5000 r--s 00008000 08:01 1662352                    /home/agrein/.gradle/wrapper/dists/gradle-4.1-all/bzyivzo6n839fup2jbap0tjew/gradle-4.1/lib/plugins/gradle-antlr-4.1.jar
7f347a2e5000-7f347a2e7000 r--s 00004000 08:01 1662372                    /home/agrein/.gradle/wrapper/dists/gradle-4.1-all/bzyivzo6n839fup2jbap0tjew/gradle-4.1/lib/plugins/gradle-announce-4.1.jar
7f347a2e7000-7f347a2e9000 r--s 00008000 08:01 1479125                    /home/agrein/.gradle/wrapper/dists/gradle-4.1-all/bzyivzo6n839fup2jbap0tjew/gradle-4.1/lib/gradle-kotlin-dsl-tooling-builders-0.10.3.jar
7f347a2e9000-7f347a2ec000 r--s 0001c000 08:01 1662410                    /home/agrein/.gradle/wrapper/dists/gradle-4.1-all/bzyivzo6n839fup2jbap0tjew/gradle-4.1/lib/plugins/nekohtml-1.9.14.jar
7f347a2ec000-7f347a2f4000 r--s 00028000 08:01 1662451                    /home/agrein/.gradle/wrapper/dists/gradle-4.1-all/bzyivzo6n839fup2jbap0tjew/gradle-4.1/lib/plugins/xml-apis-1.3.04.jar
7f347a2f4000-7f347a30c000 r--s 00115000 08:01 1662411                    /home/agrein/.gradle/wrapper/dists/gradle-4.1-all/bzyivzo6n839fup2jbap0tjew/gradle-4.1/lib/plugins/xercesImpl-2.9.1.jar
7f347a30c000-7f347a312000 r--s 0005b000 08:01 1662409                    /home/agrein/.gradle/wrapper/dists/gradle-4.1-all/bzyivzo6n839fup2jbap0tjew/gradle-4.1/lib/plugins/jcifs-1.3.17.jar
7f347a312000-7f347a319000 r--s 00049000 08:01 1662450                    /home/agrein/.gradle/wrapper/dists/gradle-4.1-all/bzyivzo6n839fup2jbap0tjew/gradle-4.1/lib/plugins/httpcore-4.4.4.jar
7f347a319000-7f347a31f000 r--s 00033000 08:01 1662402                    /home/agrein/.gradle/wrapper/dists/gradle-4.1-all/bzyivzo6n839fup2jbap0tjew/gradle-4.1/lib/plugins/commons-codec-1.6.jar
7f347a31f000-7f347a32c000 r--s 000a4000 08:01 1662395                    /home/agrein/.gradle/wrapper/dists/gradle-4.1-all/bzyivzo6n839fup2jbap0tjew/gradle-4.1/lib/plugins/httpclient-4.4.1.jar
7f347a32c000-7f347a32e000 r--s 0000b000 08:01 1662390                    /home/agrein/.gradle/wrapper/dists/gradle-4.1-all/bzyivzo6n839fup2jbap0tjew/gradle-4.1/lib/plugins/gradle-resources-http-4.1.jar
7f347a32e000-7f347a332000 r--s 00017000 08:01 1662387                    /home/agrein/.gradle/wrapper/dists/gradle-4.1-all/bzyivzo6n839fup2jbap0tjew/gradle-4.1/lib/plugins/gradle-plugin-use-4.1.jar
7f347a332000-7f347a333000 r--s 00000000 08:01 1479713                    /home/agrein/.gradle/wrapper/dists/gradle-4.1-all/bzyivzo6n839fup2jbap0tjew/gradle-4.1/lib/gradle-runtime-api-info-4.1.jar
7f347a333000-7f347a334000 r--s 00000000 08:01 1568763                    /home/agrein/.gradle/wrapper/dists/gradle-4.1-all/bzyivzo6n839fup2jbap0tjew/gradle-4.1/lib/gradle-installation-beacon-4.1.jar
7f347a334000-7f347a374000 r--s 00277000 08:01 1662422                    /home/agrein/.gradle/wrapper/dists/gradle-4.1-all/bzyivzo6n839fup2jbap0tjew/gradle-4.1/lib/plugins/bcprov-jdk15on-1.51.jar
7f347a374000-7f347a378000 r--s 0001d000 08:01 1662421                    /home/agrein/.gradle/wrapper/dists/gradle-4.1-all/bzyivzo6n839fup2jbap0tjew/gradle-4.1/lib/plugins/xbean-reflect-3.4.jar
7f347a378000-7f347a37a000 r--s 0000a000 08:01 1662423                    /home/agrein/.gradle/wrapper/dists/gradle-4.1-all/bzyivzo6n839fup2jbap0tjew/gradle-4.1/lib/plugins/maven-settings-3.0.4.jar
7f347a37a000-7f347a37d000 r--s 00008000 08:01 1662424                    /home/agrein/.gradle/wrapper/dists/gradle-4.1-all/bzyivzo6n839fup2jbap0tjew/gradle-4.1/lib/plugins/maven-settings-builder-3.0.4.jar
7f347a37d000-7f347a381000 r--s 00033000 08:01 1662425                    /home/agrein/.gradle/wrapper/dists/gradle-4.1-all/bzyivzo6n839fup2jbap0tjew/gradle-4.1/lib/plugins/plexus-utils-2.0.6.jar
7f347a381000-7f347a383000 r--s 0000d000 08:01 1662426                    /home/agrein/.gradle/wrapper/dists/gradle-4.1-all/bzyivzo6n839fup2jbap0tjew/gradle-4.1/lib/plugins/plexus-interpolation-1.14.jar
7f347a383000-7f347a385000 r--s 00000000 08:01 1662401                    /home/agrein/.gradle/wrapper/dists/gradle-4.1-all/bzyivzo6n839fup2jbap0tjew/gradle-4.1/lib/plugins/plexus-component-annotations-1.5.5.jar
7f347a385000-7f347a38c000 r--s 0002e000 08:01 1662427                    /home/agrein/.gradle/wrapper/dists/gradle-4.1-all/bzyivzo6n839fup2jbap0tjew/gradle-4.1/lib/plugins/plexus-container-default-1.5.5.jar
7f347a38c000-7f347a38e000 r--s 0000a000 08:01 1662428                    /home/agrein/.gradle/wrapper/dists/gradle-4.1-all/bzyivzo6n839fup2jbap0tjew/gradle-4.1/lib/plugins/plexus-classworlds-2.4.jar
7f347a38e000-7f347a390000 r--s 00002000 08:01 1662429                    /home/agrein/.gradle/wrapper/dists/gradle-4.1-all/bzyivzo6n839fup2jbap0tjew/gradle-4.1/lib/plugins/plexus-cipher-1.7.jar
7f347a390000-7f347a391000 r--s 00006000 08:01 1662430                    /home/agrein/.gradle/wrapper/dists/gradle-4.1-all/bzyivzo6n839fup2jbap0tjew/gradle-4.1/lib/plugins/plexus-sec-dispatcher-1.3.jar
7f347a391000-7f347a397000 r--s 0003f000 08:01 1662431                    /home/agrein/.gradle/wrapper/dists/gradle-4.1-all/bzyivzo6n839fup2jbap0tjew/gradle-4.1/lib/plugins/maven-compat-3.0.4.jar
7f347a397000-7f347a39b000 r--s 00021000 08:01 1662432                    /home/agrein/.gradle/wrapper/dists/gradle-4.1-all/bzyivzo6n839fup2jbap0tjew/gradle-4.1/lib/plugins/maven-model-builder-3.0.4.jar
7f347a39b000-7f347a39d000 r--s 00026000 08:01 1662433                    /home/agrein/.gradle/wrapper/dists/gradle-4.1-all/bzyivzo6n839fup2jbap0tjew/gradle-4.1/lib/plugins/maven-model-3.0.4.jar
7f347a39d000-7f347a39f000 r--s 0000b000 08:01 1662434                    /home/agrein/.gradle/wrapper/dists/gradle-4.1-all/bzyivzo6n839fup2jbap0tjew/gradle-4.1/lib/plugins/maven-artifact-3.0.4.jar
7f347a39f000-7f347a3a1000 r--s 00006000 08:01 1662435                    /home/agrein/.gradle/wrapper/dists/gradle-4.1-all/bzyivzo6n839fup2jbap0tjew/gradle-4.1/lib/plugins/maven-repository-metadata-3.0.4.jar
7f347a3a1000-7f347a3a3000 r--s 0000b000 08:01 1662436                    /home/agrein/.gradle/wrapper/dists/gradle-4.1-all/bzyivzo6n839fup2jbap0tjew/gradle-4.1/lib/plugins/maven-plugin-api-3.0.4.jar
7f347a3a3000-7f347a3a5000 r--s 0000c000 08:01 1662437                    /home/agrein/.gradle/wrapper/dists/gradle-4.1-all/bzyivzo6n839fup2jbap0tjew/gradle-4.1/lib/plugins/maven-aether-provider-3.0.4.jar
7f347a3a5000-7f347a3a6000 r--s 00002000 08:01 1662438                    /home/agrein/.gradle/wrapper/dists/gradle-4.1-all/bzyivzo6n839fup2jbap0tjew/gradle-4.1/lib/plugins/wagon-file-2.4.jar
7f347a3a6000-7f347a3a7000 r--s 00002000 08:01 1662439                    /home/agrein/.gradle/wrapper/dists/gradle-4.1-all/bzyivzo6n839fup2jbap0tjew/gradle-4.1/lib/plugins/wagon-http-2.4.jar
7f347a3a7000-7f347a3a9000 r--s 0000b000 08:01 1662440                    /home/agrein/.gradle/wrapper/dists/gradle-4.1-all/bzyivzo6n839fup2jbap0tjew/gradle-4.1/lib/plugins/wagon-provider-api-2.4.jar
7f347a3a9000-7f347a3aa000 r--s 00007000 08:01 1662441                    /home/agrein/.gradle/wrapper/dists/gradle-4.1-all/bzyivzo6n839fup2jbap0tjew/gradle-4.1/lib/plugins/wagon-http-shared4-2.4.jar
7f347a3aa000-7f347a3ad000 r--s 00013000 08:01 1662442                    /home/agrein/.gradle/wrapper/dists/gradle-4.1-all/bzyivzo6n839fup2jbap0tjew/gradle-4.1/lib/plugins/aether-api-1.13.1.jar
7f347a3ad000-7f347a3b0000 r--s 0001d000 08:01 1662443                    /home/agrein/.gradle/wrapper/dists/gradle-4.1-all/bzyivzo6n839fup2jbap0tjew/gradle-4.1/lib/plugins/aether-impl-1.13.1.jar
7f347a3b0000-7f347a3b1000 r--s 00003000 08:01 1662444                    /home/agrein/.gradle/wrapper/dists/gradle-4.1-all/bzyivzo6n839fup2jbap0tjew/gradle-4.1/lib/plugins/aether-spi-1.13.1.jar
7f347a3b1000-7f347a3b5000 r--s 0001c000 08:01 1662445                    /home/agrein/.gradle/wrapper/dists/gradle-4.1-all/bzyivzo6n839fup2jbap0tjew/gradle-4.1/lib/plugins/aether-util-1.13.1.jar
7f347a3b5000-7f347a3b7000 r--s 00006000 08:01 1662446                    /home/agrein/.gradle/wrapper/dists/gradle-4.1-all/bzyivzo6n839fup2jbap0tjew/gradle-4.1/lib/plugins/aether-connector-wagon-1.13.1.jar
7f347a3b7000-7f347a3c3000 r--s 0007d000 08:01 1662398                    /home/agrein/.gradle/wrapper/dists/gradle-4.1-all/bzyivzo6n839fup2jbap0tjew/gradle-4.1/lib/plugins/maven-core-3.0.4.jar
7f347a3c3000-7f347a3c8000 r--s 00034000 08:01 1662405                    /home/agrein/.gradle/wrapper/dists/gradle-4.1-all/bzyivzo6n839fup2jbap0tjew/gradle-4.1/lib/plugins/gson-2.7.jar
7f347a3c8000-7f347a3cd000 r--s 00040000 08:01 1662413                    /home/agrein/.gradle/wrapper/dists/gradle-4.1-all/bzyivzo6n839fup2jbap0tjew/gradle-4.1/lib/plugins/jsch-0.1.54.jar
7f347a3cd000-7f347a3dc000 r--s 000d9000 08:01 1662412                    /home/agrein/.gradle/wrapper/dists/gradle-4.1-all/bzyivzo6n839fup2jbap0tjew/gradle-4.1/lib/plugins/ivy-2.2.0.jar
7f347a3dc000-7f347a400000 r--s 0011a000 08:01 1662393                    /home/agrein/.gradle/wrapper/dists/gradle-4.1-all/bzyivzo6n839fup2jbap0tjew/gradle-4.1/lib/plugins/gradle-dependency-management-4.1.jar
7f347a400000-7f347a403000 r--s 0000d000 08:01 1662392                    /home/agrein/.gradle/wrapper/dists/gradle-4.1-all/bzyivzo6n839fup2jbap0tjew/gradle-4.1/lib/plugins/gradle-workers-4.1.jar
7f347a403000-7f347a408000 r-xp 00000000 08:01 1676227                    /home/agrein/.gradle/native/25/linux-amd64/libnative-platform.so
7f347a408000-7f347a607000 ---p 00005000 08:01 1676227                    /home/agrein/.gradle/native/25/linux-amd64/libnative-platform.so
7f347a607000-7f347a608000 rw-p 00004000 08:01 1676227                    /home/agrein/.gradle/native/25/linux-amd64/libnative-platform.so
7f347a608000-7f347a619000 r-xp 00000000 08:01 3680481                    /opt/icedtea-bin-3.6.0/jre/lib/amd64/libnio.so
7f347a619000-7f347a818000 ---p 00011000 08:01 3680481                    /opt/icedtea-bin-3.6.0/jre/lib/amd64/libnio.so
7f347a818000-7f347a819000 r--p 00010000 08:01 3680481                    /opt/icedtea-bin-3.6.0/jre/lib/amd64/libnio.so
7f347a819000-7f347a81a000 rw-p 00011000 08:01 3680481                    /opt/icedtea-bin-3.6.0/jre/lib/amd64/libnio.so
7f347a81a000-7f347a830000 r-xp 00000000 08:01 3680500                    /opt/icedtea-bin-3.6.0/jre/lib/amd64/libnet.so
7f347a830000-7f347aa2f000 ---p 00016000 08:01 3680500                    /opt/icedtea-bin-3.6.0/jre/lib/amd64/libnet.so
7f347aa2f000-7f347aa30000 r--p 00015000 08:01 3680500                    /opt/icedtea-bin-3.6.0/jre/lib/amd64/libnet.so
7f347aa30000-7f347aa31000 rw-p 00016000 08:01 3680500                    /opt/icedtea-bin-3.6.0/jre/lib/amd64/libnet.so
7f347aa31000-7f347aa32000 r--s 00006000 08:01 1568762                    /home/agrein/.gradle/wrapper/dists/gradle-4.1-all/bzyivzo6n839fup2jbap0tjew/gradle-4.1/lib/gradle-wrapper-4.1.jar
7f347aa32000-7f347aa3f000 r--s 00043000 08:01 1479716                    /home/agrein/.gradle/wrapper/dists/gradle-4.1-all/bzyivzo6n839fup2jbap0tjew/gradle-4.1/lib/gradle-tooling-api-4.1.jar
7f347aa3f000-7f347aa4e000 r--s 000c8000 08:01 1479526                    /home/agrein/.gradle/wrapper/dists/gradle-4.1-all/bzyivzo6n839fup2jbap0tjew/gradle-4.1/lib/kotlin-stdlib-1.1.3-2.jar
7f347aa4e000-7f347aa80000 r--s 0021b000 08:01 1479515                    /home/agrein/.gradle/wrapper/dists/gradle-4.1-all/bzyivzo6n839fup2jbap0tjew/gradle-4.1/lib/kotlin-reflect-1.1.3-2.jar
7f347aa80000-7f347aabc000 rw-p 00000000 00:00 0 
7f347aabc000-7f347ac73000 r--s 01786000 08:01 1479337                    /home/agrein/.gradle/wrapper/dists/gradle-4.1-all/bzyivzo6n839fup2jbap0tjew/gradle-4.1/lib/kotlin-compiler-embeddable-1.1.3-2.jar
7f347ac73000-7f347ac74000 r--s 00000000 08:01 1479317                    /home/agrein/.gradle/wrapper/dists/gradle-4.1-all/bzyivzo6n839fup2jbap0tjew/gradle-4.1/lib/gradle-kotlin-dsl-tooling-models-0.10.3.jar
7f347ac74000-7f347ac75000 r--s 00001000 08:01 1479113                    /home/agrein/.gradle/wrapper/dists/gradle-4.1-all/bzyivzo6n839fup2jbap0tjew/gradle-4.1/lib/gradle-kotlin-dsl-compiler-plugin-0.10.3.jar
7f347ac75000-7f347ac77000 r--s 00003000 08:01 1478803                    /home/agrein/.gradle/wrapper/dists/gradle-4.1-all/bzyivzo6n839fup2jbap0tjew/gradle-4.1/lib/annotations-13.0.jar
7f347ac77000-7f347ac81000 r--s 00073000 08:01 1479023                    /home/agrein/.gradle/wrapper/dists/gradle-4.1-all/bzyivzo6n839fup2jbap0tjew/gradle-4.1/lib/gradle-kotlin-dsl-0.10.3.jar
7f347ac81000-7f347ac86000 r--s 00013000 08:01 1568768                    /home/agrein/.gradle/wrapper/dists/gradle-4.1-all/bzyivzo6n839fup2jbap0tjew/gradle-4.1/lib/gradle-resources-4.1.jar
7f347ac86000-7f347ac88000 r--s 00005000 08:01 1568775                    /home/agrein/.gradle/wrapper/dists/gradle-4.1-all/bzyivzo6n839fup2jbap0tjew/gradle-4.1/lib/gradle-cli-4.1.jar
7f347ac88000-7f347ac8a000 r--s 00003000 08:01 1568782                    /home/agrein/.gradle/wrapper/dists/gradle-4.1-all/bzyivzo6n839fup2jbap0tjew/gradle-4.1/lib/jcl-over-slf4j-1.7.10.jar
7f347ac8a000-7f347ac91000 r--s 0002c000 08:01 1568766                    /home/agrein/.gradle/wrapper/dists/gradle-4.1-all/bzyivzo6n839fup2jbap0tjew/gradle-4.1/lib/gradle-logging-4.1.jar
7f347ac91000-7f347ad01000 r--s 00645000 08:01 1568788                    /home/agrein/.gradle/wrapper/dists/gradle-4.1-all/bzyivzo6n839fup2jbap0tjew/gradle-4.1/lib/groovy-all-2.4.11.jar
7f347ad01000-7f347ad02000 ---p 00000000 00:00 0 
7f347ad02000-7f347ae02000 rw-p 00000000 00:00 0 
7f347ae02000-7f347ae05000 ---p 00000000 00:00 0 
7f347ae05000-7f347af03000 rw-p 00000000 00:00 0 
7f347af03000-7f347af06000 ---p 00000000 00:00 0 
7f347af06000-7f347b004000 rw-p 00000000 00:00 0 
7f347b004000-7f347b007000 ---p 00000000 00:00 0 
7f347b007000-7f347b105000 rw-p 00000000 00:00 0 
7f347b105000-7f347b108000 ---p 00000000 00:00 0 
7f347b108000-7f347b206000 rw-p 00000000 00:00 0 
7f347b206000-7f347b209000 ---p 00000000 00:00 0 
7f347b209000-7f347b307000 rw-p 00000000 00:00 0 
7f347b307000-7f347b6f7000 r--p 00000000 08:01 1190322                    /usr/lib64/locale/locale-archive
7f347b6f7000-7f347b6fa000 ---p 00000000 00:00 0 
7f347b6fa000-7f347b7f8000 rw-p 00000000 00:00 0 
7f347b7f8000-7f347b7fb000 ---p 00000000 00:00 0 
7f347b7fb000-7f347b8f9000 rw-p 00000000 00:00 0 
7f347b8f9000-7f347b8fa000 ---p 00000000 00:00 0 
7f347b8fa000-7f347c000000 rw-p 00000000 00:00 0 
7f347c000000-7f347c022000 rw-p 00000000 00:00 0 
7f347c022000-7f3480000000 ---p 00000000 00:00 0 
7f3480000000-7f3480001000 r--s 00005000 08:01 1568781                    /home/agrein/.gradle/wrapper/dists/gradle-4.1-all/bzyivzo6n839fup2jbap0tjew/gradle-4.1/lib/log4j-over-slf4j-1.7.10.jar
7f3480001000-7f3480003000 r--s 00000000 08:01 1568780                    /home/agrein/.gradle/wrapper/dists/gradle-4.1-all/bzyivzo6n839fup2jbap0tjew/gradle-4.1/lib/jul-to-slf4j-1.7.10.jar
7f3480003000-7f3480013000 r--s 00082000 08:01 1568771                    /home/agrein/.gradle/wrapper/dists/gradle-4.1-all/bzyivzo6n839fup2jbap0tjew/gradle-4.1/lib/gradle-model-core-4.1.jar
7f3480013000-7f3480015000 r--s 00006000 08:01 1568772                    /home/agrein/.gradle/wrapper/dists/gradle-4.1-all/bzyivzo6n839fup2jbap0tjew/gradle-4.1/lib/gradle-base-services-groovy-4.1.jar
7f3480015000-7f3480017000 r--s 00007000 08:01 1568770                    /home/agrein/.gradle/wrapper/dists/gradle-4.1-all/bzyivzo6n839fup2jbap0tjew/gradle-4.1/lib/gradle-model-groovy-4.1.jar
7f3480017000-7f3480018000 r--s 00002000 08:01 1568793                    /home/agrein/.gradle/wrapper/dists/gradle-4.1-all/bzyivzo6n839fup2jbap0tjew/gradle-4.1/lib/gradle-docs-4.1.jar
7f3480018000-7f3480025000 r--s 00083000 08:01 1568791                    /home/agrein/.gradle/wrapper/dists/gradle-4.1-all/bzyivzo6n839fup2jbap0tjew/gradle-4.1/lib/commons-collections-3.2.2.jar
7f3480025000-7f3480026000 r--s 00000000 08:01 1568790                    /home/agrein/.gradle/wrapper/dists/gradle-4.1-all/bzyivzo6n839fup2jbap0tjew/gradle-4.1/lib/javax.inject-1.jar
7f3480026000-7f3480029000 r--s 00023000 08:01 1568794                    /home/agrein/.gradle/wrapper/dists/gradle-4.1-all/bzyivzo6n839fup2jbap0tjew/gradle-4.1/lib/jansi-1.14.jar
7f3480029000-7f348002a000 r--s 00004000 08:01 1568796                    /home/agrein/.gradle/wrapper/dists/gradle-4.1-all/bzyivzo6n839fup2jbap0tjew/gradle-4.1/lib/native-platform-freebsd-amd64-libcpp-0.14.jar
7f348002a000-7f348002b000 r--s 00004000 08:01 1568797                    /home/agrein/.gradle/wrapper/dists/gradle-4.1-all/bzyivzo6n839fup2jbap0tjew/gradle-4.1/lib/native-platform-freebsd-amd64-libstdcpp-0.14.jar
7f348002b000-7f348002c000 r--s 00004000 08:01 1568798                    /home/agrein/.gradle/wrapper/dists/gradle-4.1-all/bzyivzo6n839fup2jbap0tjew/gradle-4.1/lib/native-platform-freebsd-i386-libcpp-0.14.jar
7f348002c000-7f348002d000 r--s 00003000 08:01 1568799                    /home/agrein/.gradle/wrapper/dists/gradle-4.1-all/bzyivzo6n839fup2jbap0tjew/gradle-4.1/lib/native-platform-freebsd-i386-libstdcpp-0.14.jar
7f348002d000-7f348002e000 r--s 00002000 08:01 1568800                    /home/agrein/.gradle/wrapper/dists/gradle-4.1-all/bzyivzo6n839fup2jbap0tjew/gradle-4.1/lib/native-platform-linux-amd64-0.14.jar
7f348002e000-7f348002f000 r--s 00002000 08:01 1568801                    /home/agrein/.gradle/wrapper/dists/gradle-4.1-all/bzyivzo6n839fup2jbap0tjew/gradle-4.1/lib/native-platform-linux-i386-0.14.jar
7f348002f000-7f3480031000 r--s 00002000 08:01 1568802                    /home/agrein/.gradle/wrapper/dists/gradle-4.1-all/bzyivzo6n839fup2jbap0tjew/gradle-4.1/lib/native-platform-osx-amd64-0.14.jar
7f3480031000-7f3480032000 r--s 00003000 08:01 1568803                    /home/agrein/.gradle/wrapper/dists/gradle-4.1-all/bzyivzo6n839fup2jbap0tjew/gradle-4.1/lib/native-platform-osx-i386-0.14.jar
7f3480032000-7f3480034000 r--s 0000b000 08:01 1568804                    /home/agrein/.gradle/wrapper/dists/gradle-4.1-all/bzyivzo6n839fup2jbap0tjew/gradle-4.1/lib/native-platform-windows-amd64-0.14.jar
7f3480034000-7f3480035000 r--s 0000b000 08:01 1568805                    /home/agrein/.gradle/wrapper/dists/gradle-4.1-all/bzyivzo6n839fup2jbap0tjew/gradle-4.1/lib/native-platform-windows-i386-0.14.jar
7f3480035000-7f3480036000 r--s 00001000 08:01 1568806                    /home/agrein/.gradle/wrapper/dists/gradle-4.1-all/bzyivzo6n839fup2jbap0tjew/gradle-4.1/lib/native-platform-linux-amd64-ncurses5-0.14.jar
7f3480036000-7f3480037000 r--s 00001000 08:01 1568807                    /home/agrein/.gradle/wrapper/dists/gradle-4.1-all/bzyivzo6n839fup2jbap0tjew/gradle-4.1/lib/native-platform-linux-amd64-ncurses6-0.14.jar
7f3480037000-7f3480038000 r--s 00001000 08:01 1568808                    /home/agrein/.gradle/wrapper/dists/gradle-4.1-all/bzyivzo6n839fup2jbap0tjew/gradle-4.1/lib/native-platform-linux-i386-ncurses5-0.14.jar
7f3480038000-7f348003c000 r--s 00012000 08:01 1568792                    /home/agrein/.gradle/wrapper/dists/gradle-4.1-all/bzyivzo6n839fup2jbap0tjew/gradle-4.1/lib/native-platform-0.14.jar
7f348003c000-7f348003f000 r--s 0000c000 08:01 1568769                    /home/agrein/.gradle/wrapper/dists/gradle-4.1-all/bzyivzo6n839fup2jbap0tjew/gradle-4.1/lib/gradle-native-4.1.jar
7f348003f000-7f3480041000 r--s 0000f000 08:01 1568777                    /home/agrein/.gradle/wrapper/dists/gradle-4.1-all/bzyivzo6n839fup2jbap0tjew/gradle-4.1/lib/reflectasm-1.07-shaded.jar
7f3480041000-7f3480047000 r--s 0002b000 08:01 1568773                    /home/agrein/.gradle/wrapper/dists/gradle-4.1-all/bzyivzo6n839fup2jbap0tjew/gradle-4.1/lib/gradle-messaging-4.1.jar
7f3480047000-7f348006f000 r--s 001cf000 08:01 1568784                    /home/agrein/.gradle/wrapper/dists/gradle-4.1-all/bzyivzo6n839fup2jbap0tjew/gradle-4.1/lib/guava-jdk5-17.0.jar
7f348006f000-7f348008e000 r--s 001d1000 08:01 1568789                    /home/agrein/.gradle/wrapper/dists/gradle-4.1-all/bzyivzo6n839fup2jbap0tjew/gradle-4.1/lib/ant-1.9.6.jar
7f348008e000-7f34800d8000 r--s 00253000 08:01 1568764                    /home/agrein/.gradle/wrapper/dists/gradle-4.1-all/bzyivzo6n839fup2jbap0tjew/gradle-4.1/lib/gradle-core-4.1.jar
7f34800d8000-7f3484000000 rw-p 00000000 00:00 0 
7f3484000000-7f3484021000 rw-p 00000000 00:00 0 
7f3484021000-7f3488000000 ---p 00000000 00:00 0 
7f3488000000-7f3488002000 r--s 00000000 08:01 1568810                    /home/agrein/.gradle/wrapper/dists/gradle-4.1-all/bzyivzo6n839fup2jbap0tjew/gradle-4.1/lib/minlog-1.2.jar
7f3488002000-7f3488004000 r--s 00007000 08:01 1568811                    /home/agrein/.gradle/wrapper/dists/gradle-4.1-all/bzyivzo6n839fup2jbap0tjew/gradle-4.1/lib/objenesis-1.2.jar
7f3488004000-7f34882b7000 rw-p 00000000 00:00 0 
7f34882b7000-7f3488486000 r--s 01f49000 08:01 3677045                    /opt/icedtea-bin-3.6.0/jre/lib/rt.jar
7f3488486000-7f34887fc000 rw-p 00000000 00:00 0 
7f34887fc000-7f34887fd000 ---p 00000000 00:00 0 
7f34887fd000-7f34888fd000 rw-p 00000000 00:00 0 
7f34888fd000-7f34888fe000 ---p 00000000 00:00 0 
7f34888fe000-7f34889fe000 rw-p 00000000 00:00 0 
7f34889fe000-7f34889ff000 ---p 00000000 00:00 0 
7f34889ff000-7f3488b2b000 rw-p 00000000 00:00 0 
7f3488b2b000-7f3488cff000 ---p 00000000 00:00 0 
7f3488cff000-7f3488d2b000 rw-p 00000000 00:00 0 
7f3488d2b000-7f3488eff000 ---p 00000000 00:00 0 
7f3488eff000-7f3488fa9000 rw-p 00000000 00:00 0 
7f3488fa9000-7f3488fff000 ---p 00000000 00:00 0 
7f3488fff000-7f3489000000 rw-p 00000000 00:00 0 
7f3489000000-7f348b780000 rwxp 00000000 00:00 0 
7f348b780000-7f3498000000 ---p 00000000 00:00 0 
7f3498000000-7f3498d17000 rw-p 00000000 00:00 0 
7f3498d17000-7f349c000000 ---p 00000000 00:00 0 
7f349c000000-7f349c004000 r--s 00026000 08:01 1568776                    /home/agrein/.gradle/wrapper/dists/gradle-4.1-all/bzyivzo6n839fup2jbap0tjew/gradle-4.1/lib/kryo-2.20.jar
7f349c004000-7f349c006000 r--s 00006000 08:01 1568767                    /home/agrein/.gradle/wrapper/dists/gradle-4.1-all/bzyivzo6n839fup2jbap0tjew/gradle-4.1/lib/gradle-process-services-4.1.jar
7f349c006000-7f349c008000 r--s 00000000 08:01 1568765                    /home/agrein/.gradle/wrapper/dists/gradle-4.1-all/bzyivzo6n839fup2jbap0tjew/gradle-4.1/lib/gradle-jvm-services-4.1.jar
7f349c008000-7f349c00d000 r--s 00041000 08:01 1568786                    /home/agrein/.gradle/wrapper/dists/gradle-4.1-all/bzyivzo6n839fup2jbap0tjew/gradle-4.1/lib/commons-lang-2.6.jar
7f349c00d000-7f349c00e000 ---p 00000000 00:00 0 
7f349c00e000-7f349c1ac000 rw-p 00000000 00:00 0 
7f349c1ac000-7f349c4ce000 ---p 00000000 00:00 0 
7f349c4ce000-7f349c4d6000 r-xp 00000000 08:01 3679844                    /opt/icedtea-bin-3.6.0/jre/lib/amd64/libzip.so
7f349c4d6000-7f349c6d5000 ---p 00008000 08:01 3679844                    /opt/icedtea-bin-3.6.0/jre/lib/amd64/libzip.so
7f349c6d5000-7f349c6d6000 r--p 00007000 08:01 3679844                    /opt/icedtea-bin-3.6.0/jre/lib/amd64/libzip.so
7f349c6d6000-7f349c6d7000 rw-p 00008000 08:01 3679844                    /opt/icedtea-bin-3.6.0/jre/lib/amd64/libzip.so
7f349c6d7000-7f349c6e2000 r-xp 00000000 08:01 3880330                    /lib64/libnss_files-2.25.so
7f349c6e2000-7f349c8e1000 ---p 0000b000 08:01 3880330                    /lib64/libnss_files-2.25.so
7f349c8e1000-7f349c8e2000 r--p 0000a000 08:01 3880330                    /lib64/libnss_files-2.25.so
7f349c8e2000-7f349c8e3000 rw-p 0000b000 08:01 3880330                    /lib64/libnss_files-2.25.so
7f349c8e3000-7f349c8ee000 r-xp 00000000 08:01 3880434                    /lib64/libnss_nis-2.25.so
7f349c8ee000-7f349caed000 ---p 0000b000 08:01 3880434                    /lib64/libnss_nis-2.25.so
7f349caed000-7f349caee000 r--p 0000a000 08:01 3880434                    /lib64/libnss_nis-2.25.so
7f349caee000-7f349caef000 rw-p 0000b000 08:01 3880434                    /lib64/libnss_nis-2.25.so
7f349caef000-7f349cb05000 r-xp 00000000 08:01 3880433                    /lib64/libnsl-2.25.so
7f349cb05000-7f349cd04000 ---p 00016000 08:01 3880433                    /lib64/libnsl-2.25.so
7f349cd04000-7f349cd05000 r--p 00015000 08:01 3880433                    /lib64/libnsl-2.25.so
7f349cd05000-7f349cd06000 rw-p 00016000 08:01 3880433                    /lib64/libnsl-2.25.so
7f349cd06000-7f349cd08000 rw-p 00000000 00:00 0 
7f349cd08000-7f349cd0f000 r-xp 00000000 08:01 3880439                    /lib64/libnss_compat-2.25.so
7f349cd0f000-7f349cf0f000 ---p 00007000 08:01 3880439                    /lib64/libnss_compat-2.25.so
7f349cf0f000-7f349cf10000 r--p 00007000 08:01 3880439                    /lib64/libnss_compat-2.25.so
7f349cf10000-7f349cf11000 rw-p 00008000 08:01 3880439                    /lib64/libnss_compat-2.25.so
7f349cf11000-7f349cf3c000 r-xp 00000000 08:01 3680501                    /opt/icedtea-bin-3.6.0/jre/lib/amd64/libjava.so
7f349cf3c000-7f349d13b000 ---p 0002b000 08:01 3680501                    /opt/icedtea-bin-3.6.0/jre/lib/amd64/libjava.so
7f349d13b000-7f349d13c000 r--p 0002a000 08:01 3680501                    /opt/icedtea-bin-3.6.0/jre/lib/amd64/libjava.so
7f349d13c000-7f349d13e000 rw-p 0002b000 08:01 3680501                    /opt/icedtea-bin-3.6.0/jre/lib/amd64/libjava.so
7f349d13e000-7f349d14b000 r-xp 00000000 08:01 3680489                    /opt/icedtea-bin-3.6.0/jre/lib/amd64/libverify.so
7f349d14b000-7f349d34a000 ---p 0000d000 08:01 3680489                    /opt/icedtea-bin-3.6.0/jre/lib/amd64/libverify.so
7f349d34a000-7f349d34c000 r--p 0000c000 08:01 3680489                    /opt/icedtea-bin-3.6.0/jre/lib/amd64/libverify.so
7f349d34c000-7f349d34d000 rw-p 0000e000 08:01 3680489                    /opt/icedtea-bin-3.6.0/jre/lib/amd64/libverify.so
7f349d34d000-7f349d354000 r-xp 00000000 08:01 3880299                    /lib64/librt-2.25.so
7f349d354000-7f349d553000 ---p 00007000 08:01 3880299                    /lib64/librt-2.25.so
7f349d553000-7f349d554000 r--p 00006000 08:01 3880299                    /lib64/librt-2.25.so
7f349d554000-7f349d555000 rw-p 00007000 08:01 3880299                    /lib64/librt-2.25.so
7f349d555000-7f349d56b000 r-xp 00000000 08:01 3714841                    /usr/lib64/gcc/x86_64-pc-linux-gnu/6.4.0/libgcc_s.so.1
7f349d56b000-7f349d76a000 ---p 00016000 08:01 3714841                    /usr/lib64/gcc/x86_64-pc-linux-gnu/6.4.0/libgcc_s.so.1
7f349d76a000-7f349d76b000 r--p 00015000 08:01 3714841                    /usr/lib64/gcc/x86_64-pc-linux-gnu/6.4.0/libgcc_s.so.1
7f349d76b000-7f349d76c000 rw-p 00016000 08:01 3714841                    /usr/lib64/gcc/x86_64-pc-linux-gnu/6.4.0/libgcc_s.so.1
7f349d76c000-7f349d881000 r-xp 00000000 08:01 3880293                    /lib64/libm-2.25.so
7f349d881000-7f349da81000 ---p 00115000 08:01 3880293                    /lib64/libm-2.25.so
7f349da81000-7f349da82000 r--p 00115000 08:01 3880293                    /lib64/libm-2.25.so
7f349da82000-7f349da83000 rw-p 00116000 08:01 3880293                    /lib64/libm-2.25.so
7f349da83000-7f349dc6c000 r-xp 00000000 08:01 3714844                    /usr/lib64/gcc/x86_64-pc-linux-gnu/6.4.0/libstdc++.so.6.0.22
7f349dc6c000-7f349de6b000 ---p 001e9000 08:01 3714844                    /usr/lib64/gcc/x86_64-pc-linux-gnu/6.4.0/libstdc++.so.6.0.22
7f349de6b000-7f349de78000 r--p 001e8000 08:01 3714844                    /usr/lib64/gcc/x86_64-pc-linux-gnu/6.4.0/libstdc++.so.6.0.22
7f349de78000-7f349de7c000 rw-p 001f5000 08:01 3714844                    /usr/lib64/gcc/x86_64-pc-linux-gnu/6.4.0/libstdc++.so.6.0.22
7f349de7c000-7f349de7f000 rw-p 00000000 00:00 0 
7f349de7f000-7f349e9c2000 r-xp 00000000 08:01 3680504                    /opt/icedtea-bin-3.6.0/jre/lib/amd64/server/libjvm.so
7f349e9c2000-7f349ebc1000 ---p 00b43000 08:01 3680504                    /opt/icedtea-bin-3.6.0/jre/lib/amd64/server/libjvm.so
7f349ebc1000-7f349ec55000 r--p 00b42000 08:01 3680504                    /opt/icedtea-bin-3.6.0/jre/lib/amd64/server/libjvm.so
7f349ec55000-7f349ec7e000 rw-p 00bd6000 08:01 3680504                    /opt/icedtea-bin-3.6.0/jre/lib/amd64/server/libjvm.so
7f349ec7e000-7f349ecae000 rw-p 00000000 00:00 0 
7f349ecae000-7f349ecc8000 r-xp 00000000 08:01 3880429                    /lib64/libpthread-2.25.so
7f349ecc8000-7f349eec8000 ---p 0001a000 08:01 3880429                    /lib64/libpthread-2.25.so
7f349eec8000-7f349eec9000 r--p 0001a000 08:01 3880429                    /lib64/libpthread-2.25.so
7f349eec9000-7f349eeca000 rw-p 0001b000 08:01 3880429                    /lib64/libpthread-2.25.so
7f349eeca000-7f349eece000 rw-p 00000000 00:00 0 
7f349eece000-7f349eed1000 r-xp 00000000 08:01 3881591                    /lib64/libdl-2.25.so
7f349eed1000-7f349f0d0000 ---p 00003000 08:01 3881591                    /lib64/libdl-2.25.so
7f349f0d0000-7f349f0d1000 r--p 00002000 08:01 3881591                    /lib64/libdl-2.25.so
7f349f0d1000-7f349f0d2000 rw-p 00003000 08:01 3881591                    /lib64/libdl-2.25.so
7f349f0d2000-7f349f0ee000 r-xp 00000000 08:01 3419820                    /lib64/libz.so.1.2.11
7f349f0ee000-7f349f2ed000 ---p 0001c000 08:01 3419820                    /lib64/libz.so.1.2.11
7f349f2ed000-7f349f2ee000 r--p 0001b000 08:01 3419820                    /lib64/libz.so.1.2.11
7f349f2ee000-7f349f2ef000 rw-p 0001c000 08:01 3419820                    /lib64/libz.so.1.2.11
7f349f2ef000-7f349f494000 r-xp 00000000 08:01 3881565                    /lib64/libc-2.25.so
7f349f494000-7f349f694000 ---p 001a5000 08:01 3881565                    /lib64/libc-2.25.so
7f349f694000-7f349f698000 r--p 001a5000 08:01 3881565                    /lib64/libc-2.25.so
7f349f698000-7f349f69a000 rw-p 001a9000 08:01 3881565                    /lib64/libc-2.25.so
7f349f69a000-7f349f69e000 rw-p 00000000 00:00 0 
7f349f69e000-7f349f6ab000 r-xp 00000000 08:01 3687715                    /opt/icedtea-bin-3.6.0/lib/amd64/jli/libjli.so
7f349f6ab000-7f349f8aa000 ---p 0000d000 08:01 3687715                    /opt/icedtea-bin-3.6.0/lib/amd64/jli/libjli.so
7f349f8aa000-7f349f8ab000 r--p 0000c000 08:01 3687715                    /opt/icedtea-bin-3.6.0/lib/amd64/jli/libjli.so
7f349f8ab000-7f349f8ac000 rw-p 0000d000 08:01 3687715                    /opt/icedtea-bin-3.6.0/lib/amd64/jli/libjli.so
7f349f8ac000-7f349f8cf000 r-xp 00000000 08:01 3880450                    /lib64/ld-2.25.so
7f349f8cf000-7f349f8d0000 r--s 00001000 08:01 1568809                    /home/agrein/.gradle/wrapper/dists/gradle-4.1-all/bzyivzo6n839fup2jbap0tjew/gradle-4.1/lib/native-platform-linux-i386-ncurses6-0.14.jar
7f349f8d0000-7f349f8d3000 r--s 00006000 08:01 1568785                    /home/agrein/.gradle/wrapper/dists/gradle-4.1-all/bzyivzo6n839fup2jbap0tjew/gradle-4.1/lib/jsr305-1.3.9.jar
7f349f8d3000-7f349f8d7000 r--s 00027000 08:01 1568779                    /home/agrein/.gradle/wrapper/dists/gradle-4.1-all/bzyivzo6n839fup2jbap0tjew/gradle-4.1/lib/commons-io-2.2.jar
7f349f8d7000-7f349f8e3000 r--s 00053000 08:01 1568774                    /home/agrein/.gradle/wrapper/dists/gradle-4.1-all/bzyivzo6n839fup2jbap0tjew/gradle-4.1/lib/gradle-base-services-4.1.jar
7f349f8e3000-7f349f8ef000 r--s 0005c000 08:01 1479543                    /home/agrein/.gradle/wrapper/dists/gradle-4.1-all/bzyivzo6n839fup2jbap0tjew/gradle-4.1/lib/gradle-launcher-4.1.jar
7f349f8ef000-7f349f993000 rw-p 00000000 00:00 0 
7f349f993000-7f349f996000 ---p 00000000 00:00 0 
7f349f996000-7f349fa99000 rw-p 00000000 00:00 0 
7f349fa99000-7f349fa9a000 r--s 00000000 08:01 1568787                    /home/agrein/.gradle/wrapper/dists/gradle-4.1-all/bzyivzo6n839fup2jbap0tjew/gradle-4.1/lib/jcip-annotations-1.0.jar
7f349fa9a000-7f349fa9b000 r--s 00007000 08:01 1568783                    /home/agrein/.gradle/wrapper/dists/gradle-4.1-all/bzyivzo6n839fup2jbap0tjew/gradle-4.1/lib/slf4j-api-1.7.10.jar
7f349fa9b000-7f349faa3000 r--s 000bd000 08:01 1568778                    /home/agrein/.gradle/wrapper/dists/gradle-4.1-all/bzyivzo6n839fup2jbap0tjew/gradle-4.1/lib/asm-debug-all-6.0_ALPHA.jar
7f349faa3000-7f349faa4000 r--s 00004000 08:01 1568795                    /home/agrein/.gradle/wrapper/dists/gradle-4.1-all/bzyivzo6n839fup2jbap0tjew/gradle-4.1/lib/ant-launcher-1.9.6.jar
7f349faa4000-7f349fac2000 rw-p 00000000 00:00 0 
7f349fac2000-7f349faca000 rw-s 00000000 08:01 3567811                    /tmp/hsperfdata_agrein/18099
7f349faca000-7f349facb000 rw-p 00000000 00:00 0 
7f349facb000-7f349facc000 ---p 00000000 00:00 0 
7f349facc000-7f349face000 rw-p 00000000 00:00 0 
7f349face000-7f349facf000 r--p 00022000 08:01 3880450                    /lib64/ld-2.25.so
7f349facf000-7f349fad0000 rw-p 00023000 08:01 3880450                    /lib64/ld-2.25.so
7f349fad0000-7f349fad1000 rw-p 00000000 00:00 0 
7ffeab14e000-7ffeab16f000 rw-p 00000000 00:00 0                          [stack]
7ffeab1be000-7ffeab1c1000 r--p 00000000 00:00 0                          [vvar]
7ffeab1c1000-7ffeab1c3000 r-xp 00000000 00:00 0                          [vdso]
ffffffffff600000-ffffffffff601000 r-xp 00000000 00:00 0                  [vsyscall]

VM Arguments:
jvm_args: -Xmx1536m -Dfile.encoding=UTF-8 -Duser.country=US -Duser.language=en -Duser.variant 
java_command: org.gradle.launcher.daemon.bootstrap.GradleDaemon 4.1
java_class_path (initial): /home/agrein/.gradle/wrapper/dists/gradle-4.1-all/bzyivzo6n839fup2jbap0tjew/gradle-4.1/lib/gradle-launcher-4.1.jar
Launcher Type: SUN_STANDARD

Environment Variables:
JAVA_HOME=/etc/java-config-2/current-system-vm
PATH=/usr/x86_64-pc-linux-gnu/gcc-bin/6.4.0:/usr/lib/llvm/5/bin:/usr/local/bin:/usr/bin:/bin:/opt/bin:/opt/android-sdk-update-manager/tools:/opt/android-sdk-update-manager/platform-tools:/usr/games/bin
LD_LIBRARY_PATH=/opt/android-studio/bin:
SHELL=/bin/bash
DISPLAY=:0

Signal Handlers:
SIGSEGV: [libjvm.so+0x95e850], sa_mask[0]=11111111011111111101111111111110, sa_flags=SA_RESTART|SA_SIGINFO
SIGBUS: [libjvm.so+0x95e850], sa_mask[0]=11111111011111111101111111111110, sa_flags=SA_RESTART|SA_SIGINFO
SIGFPE: [libjvm.so+0x7eb5f0], sa_mask[0]=11111111011111111101111111111110, sa_flags=SA_RESTART|SA_SIGINFO
SIGPIPE: [libjvm.so+0x7eb5f0], sa_mask[0]=11111111011111111101111111111110, sa_flags=SA_RESTART|SA_SIGINFO
SIGXFSZ: [libjvm.so+0x7eb5f0], sa_mask[0]=11111111011111111101111111111110, sa_flags=SA_RESTART|SA_SIGINFO
SIGILL: [libjvm.so+0x7eb5f0], sa_mask[0]=11111111011111111101111111111110, sa_flags=SA_RESTART|SA_SIGINFO
SIGUSR1: SIG_DFL, sa_mask[0]=00000000000000000000000000000000, sa_flags=none
SIGUSR2: [libjvm.so+0x7eb320], sa_mask[0]=00100000000000000000000000000000, sa_flags=SA_RESTART|SA_SIGINFO
SIGHUP: [libjvm.so+0x7eec40], sa_mask[0]=11111111011111111101111111111110, sa_flags=SA_RESTART|SA_SIGINFO
SIGINT: [libjvm.so+0x7eec40], sa_mask[0]=11111111011111111101111111111110, sa_flags=SA_RESTART|SA_SIGINFO
SIGTERM: [libjvm.so+0x7eec40], sa_mask[0]=11111111011111111101111111111110, sa_flags=SA_RESTART|SA_SIGINFO
SIGQUIT: [libjvm.so+0x7eec40], sa_mask[0]=11111111011111111101111111111110, sa_flags=SA_RESTART|SA_SIGINFO


---------------  S Y S T E M  ---------------

OS:Gentoo Base System release 2.4.1

uname:Linux 4.14.14-gentoo #1 SMP Tue Jan 23 09:59:59 CET 2018 x86_64
libc:glibc 2.25 NPTL 2.25 
rlimit: STACK 8192k, CORE 0k, NPROC 15746, NOFILE 4096, AS infinity
load average:3.36 1.97 1.63

/proc/meminfo:
MemTotal:        4036132 kB
MemFree:          781844 kB
MemAvailable:     804144 kB
Buffers:             648 kB
Cached:            41460 kB
SwapCached:            0 kB
Active:          3075124 kB
Inactive:          34200 kB
Active(anon):    3074108 kB
Inactive(anon):    10052 kB
Active(file):       1016 kB
Inactive(file):    24148 kB
Unevictable:        7964 kB
Mlocked:            7964 kB
SwapTotal:             0 kB
SwapFree:              0 kB
Dirty:                84 kB
Writeback:             0 kB
AnonPages:       3075052 kB
Mapped:            34072 kB
Shmem:             10464 kB
Slab:              83356 kB
SReclaimable:      54984 kB
SUnreclaim:        28372 kB
KernelStack:        5888 kB
PageTables:        28920 kB
NFS_Unstable:          0 kB
Bounce:                0 kB
WritebackTmp:          0 kB
CommitLimit:     2018064 kB
Committed_AS:    4406736 kB
VmallocTotal:   34359738367 kB
VmallocUsed:           0 kB
VmallocChunk:          0 kB
HugePages_Total:       0
HugePages_Free:        0
HugePages_Rsvd:        0
HugePages_Surp:        0
Hugepagesize:       2048 kB
DirectMap4k:      120768 kB
DirectMap2M:     4073472 kB


CPU:total 4 (initial active 4) (4 cores per cpu, 1 threads per core) family 6 model 60 stepping 3, cmov, cx8, fxsr, mmx, sse, sse2, sse3, ssse3, sse4.1, sse4.2, popcnt, avx, avx2, aes, clmul, lzcnt, tsc, tscinvbit

/proc/cpuinfo:
processor	: 0
vendor_id	: GenuineIntel
cpu family	: 6
model		: 60
model name	: Intel(R) Core(TM) i7-4800MQ CPU @ 2.70GHz
stepping	: 3
cpu MHz		: 2693.760
cache size	: 6144 KB
physical id	: 0
siblings	: 4
core id		: 0
cpu cores	: 4
apicid		: 0
initial apicid	: 0
fpu		: yes
fpu_exception	: yes
cpuid level	: 13
wp		: yes
flags		: fpu vme de pse tsc msr pae mce cx8 apic sep mtrr pge mca cmov pat pse36 clflush mmx fxsr sse sse2 ht syscall nx rdtscp lm constant_tsc rep_good nopl xtopology nonstop_tsc cpuid pni pclmulqdq ssse3 cx16 sse4_1 sse4_2 x2apic movbe popcnt aes xsave avx rdrand hypervisor lahf_lm abm pti retpoline avx2
bugs		: cpu_meltdown spectre_v1 spectre_v2
bogomips	: 5387.52
clflush size	: 64
cache_alignment	: 64
address sizes	: 39 bits physical, 48 bits virtual
power management:

processor	: 1
vendor_id	: GenuineIntel
cpu family	: 6
model		: 60
model name	: Intel(R) Core(TM) i7-4800MQ CPU @ 2.70GHz
stepping	: 3
cpu MHz		: 2693.760
cache size	: 6144 KB
physical id	: 0
siblings	: 4
core id		: 1
cpu cores	: 4
apicid		: 1
initial apicid	: 1
fpu		: yes
fpu_exception	: yes
cpuid level	: 13
wp		: yes
flags		: fpu vme de pse tsc msr pae mce cx8 apic sep mtrr pge mca cmov pat pse36 clflush mmx fxsr sse sse2 ht syscall nx rdtscp lm constant_tsc rep_good nopl xtopology nonstop_tsc cpuid pni pclmulqdq ssse3 cx16 sse4_1 sse4_2 x2apic movbe popcnt aes xsave avx rdrand hypervisor lahf_lm abm pti retpoline avx2
bugs		: cpu_meltdown spectre_v1 spectre_v2
bogomips	: 5387.52
clflush size	: 64
cache_alignment	: 64
address sizes	: 39 bits physical, 48 bits virtual
power management:

processor	: 2
vendor_id	: GenuineIntel
cpu family	: 6
model		: 60
model name	: Intel(R) Core(TM) i7-4800MQ CPU @ 2.70GHz
stepping	: 3
cpu MHz		: 2693.760
cache size	: 6144 KB
physical id	: 0
siblings	: 4
core id		: 2
cpu cores	: 4
apicid		: 2
initial apicid	: 2
fpu		: yes
fpu_exception	: yes
cpuid level	: 13
wp		: yes
flags		: fpu vme de pse tsc msr pae mce cx8 apic sep mtrr pge mca cmov pat pse36 clflush mmx fxsr sse sse2 ht syscall nx rdtscp lm constant_tsc rep_good nopl xtopology nonstop_tsc cpuid pni pclmulqdq ssse3 cx16 sse4_1 sse4_2 x2apic movbe popcnt aes xsave avx rdrand hypervisor lahf_lm abm pti retpoline avx2
bugs		: cpu_meltdown spectre_v1 spectre_v2
bogomips	: 5387.52
clflush size	: 64
cache_alignment	: 64
address sizes	: 39 bits physical, 48 bits virtual
power management:

processor	: 3
vendor_id	: GenuineIntel
cpu family	: 6
model		: 60
model name	: Intel(R) Core(TM) i7-4800MQ CPU @ 2.70GHz
stepping	: 3
cpu MHz		: 2693.760
cache size	: 6144 KB
physical id	: 0
siblings	: 4
core id		: 3
cpu cores	: 4
apicid		: 3
initial apicid	: 3
fpu		: yes
fpu_exception	: yes
cpuid level	: 13
wp		: yes
flags		: fpu vme de pse tsc msr pae mce cx8 apic sep mtrr pge mca cmov pat pse36 clflush mmx fxsr sse sse2 ht syscall nx rdtscp lm constant_tsc rep_good nopl xtopology nonstop_tsc cpuid pni pclmulqdq ssse3 cx16 sse4_1 sse4_2 x2apic movbe popcnt aes xsave avx rdrand hypervisor lahf_lm abm pti retpoline avx2
bugs		: cpu_meltdown spectre_v1 spectre_v2
bogomips	: 5387.52
clflush size	: 64
cache_alignment	: 64
address sizes	: 39 bits physical, 48 bits virtual
power management:



Memory: 4k page, physical 4036132k(781844k free), swap 0k(0k free)

vm_info: OpenJDK 64-Bit Server VM (25.151-b12) for linux-amd64 JRE (1.8.0_151-b12), built on Nov  3 2017 10:55:39 by "portage" with gcc 5.4.0

time: Wed Mar 14 13:00:33 2018
elapsed time: 111 seconds (0d 0h 1m 51s)

